mode: set
github.com/scagogogo/cpe-skills/advanced_matching.go:59.54,73.2 1 1
github.com/scagogogo/cpe-skills/advanced_matching.go:76.87,77.38 1 1
github.com/scagogogo/cpe-skills/advanced_matching.go:77.38,79.3 1 1
github.com/scagogogo/cpe-skills/advanced_matching.go:82.2,82.20 1 1
github.com/scagogogo/cpe-skills/advanced_matching.go:82.20,84.3 1 1
github.com/scagogogo/cpe-skills/advanced_matching.go:87.2,87.27 1 1
github.com/scagogogo/cpe-skills/advanced_matching.go:88.15,90.54 1 1
github.com/scagogogo/cpe-skills/advanced_matching.go:91.16,93.48 1 1
github.com/scagogogo/cpe-skills/advanced_matching.go:94.18,96.50 1 1
github.com/scagogogo/cpe-skills/advanced_matching.go:97.18,99.50 1 1
github.com/scagogogo/cpe-skills/advanced_matching.go:100.10,100.10 0 1
github.com/scagogogo/cpe-skills/advanced_matching.go:105.2,105.22 1 1
github.com/scagogogo/cpe-skills/advanced_matching.go:105.22,107.3 1 1
github.com/scagogogo/cpe-skills/advanced_matching.go:110.2,110.26 1 1
github.com/scagogogo/cpe-skills/advanced_matching.go:110.26,112.3 1 1
github.com/scagogogo/cpe-skills/advanced_matching.go:115.2,115.53 1 1
github.com/scagogogo/cpe-skills/advanced_matching.go:119.88,121.90 1 1
github.com/scagogogo/cpe-skills/advanced_matching.go:121.90,123.3 1 1
github.com/scagogogo/cpe-skills/advanced_matching.go:126.2,126.74 1 1
github.com/scagogogo/cpe-skills/advanced_matching.go:126.74,128.3 1 1
github.com/scagogogo/cpe-skills/advanced_matching.go:131.2,131.84 1 1
github.com/scagogogo/cpe-skills/advanced_matching.go:131.84,133.3 1 1
github.com/scagogogo/cpe-skills/advanced_matching.go:136.2,136.43 1 1
github.com/scagogogo/cpe-skills/advanced_matching.go:136.43,138.50 1 1
github.com/scagogogo/cpe-skills/advanced_matching.go:138.50,140.4 1 1
github.com/scagogogo/cpe-skills/advanced_matching.go:141.8,143.77 1 1
github.com/scagogogo/cpe-skills/advanced_matching.go:143.77,145.4 1 1
github.com/scagogogo/cpe-skills/advanced_matching.go:148.2,148.13 1 1
github.com/scagogogo/cpe-skills/advanced_matching.go:152.85,154.99 1 1
github.com/scagogogo/cpe-skills/advanced_matching.go:154.99,156.3 1 1
github.com/scagogogo/cpe-skills/advanced_matching.go:159.2,159.83 1 1
github.com/scagogogo/cpe-skills/advanced_matching.go:159.83,161.3 1 1
github.com/scagogogo/cpe-skills/advanced_matching.go:164.2,164.93 1 1
github.com/scagogogo/cpe-skills/advanced_matching.go:164.93,166.3 1 1
github.com/scagogogo/cpe-skills/advanced_matching.go:169.2,169.85 1 1
github.com/scagogogo/cpe-skills/advanced_matching.go:169.85,171.3 1 1
github.com/scagogogo/cpe-skills/advanced_matching.go:174.2,174.30 1 1
github.com/scagogogo/cpe-skills/advanced_matching.go:174.30,176.84 1 1
github.com/scagogogo/cpe-skills/advanced_matching.go:176.84,178.4 1 1
github.com/scagogogo/cpe-skills/advanced_matching.go:181.3,181.86 1 1
github.com/scagogogo/cpe-skills/advanced_matching.go:181.86,183.4 1 1
github.com/scagogogo/cpe-skills/advanced_matching.go:186.3,186.88 1 1
github.com/scagogogo/cpe-skills/advanced_matching.go:186.88,188.4 1 1
github.com/scagogogo/cpe-skills/advanced_matching.go:191.3,191.86 1 1
github.com/scagogogo/cpe-skills/advanced_matching.go:191.86,193.4 1 1
github.com/scagogogo/cpe-skills/advanced_matching.go:196.3,196.84 1 1
github.com/scagogogo/cpe-skills/advanced_matching.go:196.84,198.4 1 1
github.com/scagogogo/cpe-skills/advanced_matching.go:201.3,201.84 1 1
github.com/scagogogo/cpe-skills/advanced_matching.go:201.84,203.4 1 1
github.com/scagogogo/cpe-skills/advanced_matching.go:206.3,206.66 1 1
github.com/scagogogo/cpe-skills/advanced_matching.go:206.66,208.4 1 1
github.com/scagogogo/cpe-skills/advanced_matching.go:211.2,211.13 1 1
github.com/scagogogo/cpe-skills/advanced_matching.go:215.83,217.85 1 1
github.com/scagogogo/cpe-skills/advanced_matching.go:217.85,218.91 1 1
github.com/scagogogo/cpe-skills/advanced_matching.go:218.91,220.4 1 1
github.com/scagogogo/cpe-skills/advanced_matching.go:224.2,224.69 1 1
github.com/scagogogo/cpe-skills/advanced_matching.go:224.69,225.75 1 1
github.com/scagogogo/cpe-skills/advanced_matching.go:225.75,227.4 1 1
github.com/scagogogo/cpe-skills/advanced_matching.go:231.2,231.79 1 1
github.com/scagogogo/cpe-skills/advanced_matching.go:231.79,232.85 1 1
github.com/scagogogo/cpe-skills/advanced_matching.go:232.85,234.4 1 1
github.com/scagogogo/cpe-skills/advanced_matching.go:238.2,238.71 1 1
github.com/scagogogo/cpe-skills/advanced_matching.go:238.71,240.44 1 1
github.com/scagogogo/cpe-skills/advanced_matching.go:240.44,241.51 1 1
github.com/scagogogo/cpe-skills/advanced_matching.go:241.51,243.5 1 1
github.com/scagogogo/cpe-skills/advanced_matching.go:244.9,245.78 1 1
github.com/scagogogo/cpe-skills/advanced_matching.go:245.78,247.5 1 1
github.com/scagogogo/cpe-skills/advanced_matching.go:252.2,252.30 1 1
github.com/scagogogo/cpe-skills/advanced_matching.go:252.30,254.70 1 1
github.com/scagogogo/cpe-skills/advanced_matching.go:254.70,255.76 1 1
github.com/scagogogo/cpe-skills/advanced_matching.go:255.76,257.5 1 1
github.com/scagogogo/cpe-skills/advanced_matching.go:261.3,261.72 1 1
github.com/scagogogo/cpe-skills/advanced_matching.go:261.72,262.78 1 1
github.com/scagogogo/cpe-skills/advanced_matching.go:262.78,264.5 1 1
github.com/scagogogo/cpe-skills/advanced_matching.go:268.3,268.74 1 1
github.com/scagogogo/cpe-skills/advanced_matching.go:268.74,269.80 1 1
github.com/scagogogo/cpe-skills/advanced_matching.go:269.80,271.5 1 1
github.com/scagogogo/cpe-skills/advanced_matching.go:275.3,275.72 1 1
github.com/scagogogo/cpe-skills/advanced_matching.go:275.72,276.78 1 1
github.com/scagogogo/cpe-skills/advanced_matching.go:276.78,278.5 1 1
github.com/scagogogo/cpe-skills/advanced_matching.go:282.3,282.70 1 1
github.com/scagogogo/cpe-skills/advanced_matching.go:282.70,283.76 1 1
github.com/scagogogo/cpe-skills/advanced_matching.go:283.76,285.5 1 1
github.com/scagogogo/cpe-skills/advanced_matching.go:289.3,289.70 1 1
github.com/scagogogo/cpe-skills/advanced_matching.go:289.70,290.76 1 1
github.com/scagogogo/cpe-skills/advanced_matching.go:290.76,292.5 1 1
github.com/scagogogo/cpe-skills/advanced_matching.go:296.3,296.52 1 1
github.com/scagogogo/cpe-skills/advanced_matching.go:296.52,297.58 1 1
github.com/scagogogo/cpe-skills/advanced_matching.go:297.58,299.5 1 1
github.com/scagogogo/cpe-skills/advanced_matching.go:303.2,303.13 1 1
github.com/scagogogo/cpe-skills/advanced_matching.go:307.66,308.26 1 1
github.com/scagogogo/cpe-skills/advanced_matching.go:308.26,310.3 1 1
github.com/scagogogo/cpe-skills/advanced_matching.go:312.2,312.26 1 1
github.com/scagogogo/cpe-skills/advanced_matching.go:312.26,314.3 1 1
github.com/scagogogo/cpe-skills/advanced_matching.go:316.2,316.24 1 1
github.com/scagogogo/cpe-skills/advanced_matching.go:316.24,319.3 2 1
github.com/scagogogo/cpe-skills/advanced_matching.go:321.2,321.27 1 1
github.com/scagogogo/cpe-skills/advanced_matching.go:321.27,324.3 1 1
github.com/scagogogo/cpe-skills/advanced_matching.go:326.2,326.15 1 1
github.com/scagogogo/cpe-skills/advanced_matching.go:330.75,332.25 1 1
github.com/scagogogo/cpe-skills/advanced_matching.go:332.25,334.3 1 1
github.com/scagogogo/cpe-skills/advanced_matching.go:337.2,337.25 1 1
github.com/scagogogo/cpe-skills/advanced_matching.go:337.25,339.3 1 1
github.com/scagogogo/cpe-skills/advanced_matching.go:342.2,342.14 1 1
github.com/scagogogo/cpe-skills/advanced_matching.go:342.14,344.3 1 1
github.com/scagogogo/cpe-skills/advanced_matching.go:347.2,351.42 3 1
github.com/scagogogo/cpe-skills/advanced_matching.go:351.42,354.3 1 1
github.com/scagogogo/cpe-skills/advanced_matching.go:354.8,356.3 1 1
github.com/scagogogo/cpe-skills/advanced_matching.go:359.2,359.16 1 1
github.com/scagogogo/cpe-skills/advanced_matching.go:359.16,360.43 1 1
github.com/scagogogo/cpe-skills/advanced_matching.go:360.43,362.4 1 1
github.com/scagogogo/cpe-skills/advanced_matching.go:363.3,363.16 1 1
github.com/scagogogo/cpe-skills/advanced_matching.go:367.2,367.26 1 1
github.com/scagogogo/cpe-skills/advanced_matching.go:371.92,373.90 1 1
github.com/scagogogo/cpe-skills/advanced_matching.go:373.90,375.3 1 1
github.com/scagogogo/cpe-skills/advanced_matching.go:378.2,378.74 1 1
github.com/scagogogo/cpe-skills/advanced_matching.go:378.74,380.3 1 1
github.com/scagogogo/cpe-skills/advanced_matching.go:383.2,383.84 1 1
github.com/scagogogo/cpe-skills/advanced_matching.go:383.84,385.3 1 1
github.com/scagogogo/cpe-skills/advanced_matching.go:388.2,388.30 1 1
github.com/scagogogo/cpe-skills/advanced_matching.go:388.30,408.74 6 1
github.com/scagogogo/cpe-skills/advanced_matching.go:408.74,410.4 1 1
github.com/scagogogo/cpe-skills/advanced_matching.go:413.3,415.76 3 1
github.com/scagogogo/cpe-skills/advanced_matching.go:415.76,417.4 1 1
github.com/scagogogo/cpe-skills/advanced_matching.go:420.3,422.78 3 1
github.com/scagogogo/cpe-skills/advanced_matching.go:422.78,424.4 1 1
github.com/scagogogo/cpe-skills/advanced_matching.go:427.3,429.76 3 1
github.com/scagogogo/cpe-skills/advanced_matching.go:429.76,431.4 1 1
github.com/scagogogo/cpe-skills/advanced_matching.go:434.3,436.74 3 1
github.com/scagogogo/cpe-skills/advanced_matching.go:436.74,438.4 1 1
github.com/scagogogo/cpe-skills/advanced_matching.go:441.3,443.74 3 1
github.com/scagogogo/cpe-skills/advanced_matching.go:443.74,445.4 1 1
github.com/scagogogo/cpe-skills/advanced_matching.go:448.3,450.56 3 1
github.com/scagogogo/cpe-skills/advanced_matching.go:450.56,452.4 1 1
github.com/scagogogo/cpe-skills/advanced_matching.go:455.3,456.22 2 1
github.com/scagogogo/cpe-skills/advanced_matching.go:459.2,459.13 1 1
github.com/scagogogo/cpe-skills/advanced_matching.go:463.86,468.102 3 1
github.com/scagogogo/cpe-skills/advanced_matching.go:468.102,470.3 1 1
github.com/scagogogo/cpe-skills/advanced_matching.go:473.2,477.36 3 1
github.com/scagogogo/cpe-skills/advanced_matching.go:478.17,480.46 1 1
github.com/scagogogo/cpe-skills/advanced_matching.go:481.24,483.47 1 1
github.com/scagogogo/cpe-skills/advanced_matching.go:484.14,486.46 1 1
github.com/scagogogo/cpe-skills/advanced_matching.go:487.21,489.47 1 1
github.com/scagogogo/cpe-skills/advanced_matching.go:490.15,492.33 1 1
github.com/scagogogo/cpe-skills/advanced_matching.go:492.33,494.41 2 1
github.com/scagogogo/cpe-skills/advanced_matching.go:494.41,496.5 1 1
github.com/scagogogo/cpe-skills/advanced_matching.go:498.3,498.33 1 1
github.com/scagogogo/cpe-skills/advanced_matching.go:498.33,500.41 2 1
github.com/scagogogo/cpe-skills/advanced_matching.go:500.41,502.5 1 1
github.com/scagogogo/cpe-skills/advanced_matching.go:504.3,504.14 1 1
github.com/scagogogo/cpe-skills/advanced_matching.go:505.10,507.42 1 1
github.com/scagogogo/cpe-skills/advanced_matching.go:512.82,513.38 1 1
github.com/scagogogo/cpe-skills/advanced_matching.go:513.38,515.3 1 1
github.com/scagogogo/cpe-skills/advanced_matching.go:518.2,519.52 1 1
github.com/scagogogo/cpe-skills/advanced_matching.go:519.52,521.3 1 1
github.com/scagogogo/cpe-skills/advanced_matching.go:524.2,525.72 1 1
github.com/scagogogo/cpe-skills/advanced_matching.go:525.72,527.3 1 1
github.com/scagogogo/cpe-skills/advanced_matching.go:530.2,531.82 1 1
github.com/scagogogo/cpe-skills/advanced_matching.go:531.82,533.3 1 1
github.com/scagogogo/cpe-skills/advanced_matching.go:536.2,536.30 1 1
github.com/scagogogo/cpe-skills/advanced_matching.go:536.30,539.48 1 1
github.com/scagogogo/cpe-skills/advanced_matching.go:539.48,541.4 1 1
github.com/scagogogo/cpe-skills/advanced_matching.go:544.3,545.73 1 1
github.com/scagogogo/cpe-skills/advanced_matching.go:545.73,547.4 1 1
github.com/scagogogo/cpe-skills/advanced_matching.go:550.3,551.75 1 1
github.com/scagogogo/cpe-skills/advanced_matching.go:551.75,553.4 1 1
github.com/scagogogo/cpe-skills/advanced_matching.go:556.3,557.77 1 1
github.com/scagogogo/cpe-skills/advanced_matching.go:557.77,559.4 1 1
github.com/scagogogo/cpe-skills/advanced_matching.go:562.3,563.75 1 1
github.com/scagogogo/cpe-skills/advanced_matching.go:563.75,565.4 1 1
github.com/scagogogo/cpe-skills/advanced_matching.go:568.3,569.73 1 1
github.com/scagogogo/cpe-skills/advanced_matching.go:569.73,571.4 1 1
github.com/scagogogo/cpe-skills/advanced_matching.go:574.3,575.73 1 1
github.com/scagogogo/cpe-skills/advanced_matching.go:575.73,577.4 1 1
github.com/scagogogo/cpe-skills/advanced_matching.go:580.3,581.55 1 1
github.com/scagogogo/cpe-skills/advanced_matching.go:581.55,583.4 1 1
github.com/scagogogo/cpe-skills/advanced_matching.go:586.2,586.13 1 1
github.com/scagogogo/cpe-skills/advanced_matching.go:590.84,591.38 1 1
github.com/scagogogo/cpe-skills/advanced_matching.go:591.38,593.3 1 1
github.com/scagogogo/cpe-skills/advanced_matching.go:596.2,597.52 1 1
github.com/scagogogo/cpe-skills/advanced_matching.go:597.52,599.3 1 1
github.com/scagogogo/cpe-skills/advanced_matching.go:602.2,603.72 1 1
github.com/scagogogo/cpe-skills/advanced_matching.go:603.72,605.3 1 1
github.com/scagogogo/cpe-skills/advanced_matching.go:608.2,609.82 1 1
github.com/scagogogo/cpe-skills/advanced_matching.go:609.82,611.3 1 1
github.com/scagogogo/cpe-skills/advanced_matching.go:614.2,614.30 1 1
github.com/scagogogo/cpe-skills/advanced_matching.go:614.30,616.68 1 1
github.com/scagogogo/cpe-skills/advanced_matching.go:616.68,618.73 1 1
github.com/scagogogo/cpe-skills/advanced_matching.go:618.73,620.5 1 1
github.com/scagogogo/cpe-skills/advanced_matching.go:623.4,623.51 1 1
github.com/scagogogo/cpe-skills/advanced_matching.go:623.51,625.5 1 1
github.com/scagogogo/cpe-skills/advanced_matching.go:629.3,630.73 1 1
github.com/scagogogo/cpe-skills/advanced_matching.go:630.73,632.4 1 1
github.com/scagogogo/cpe-skills/advanced_matching.go:635.3,636.75 1 1
github.com/scagogogo/cpe-skills/advanced_matching.go:636.75,638.4 1 1
github.com/scagogogo/cpe-skills/advanced_matching.go:641.3,642.77 1 1
github.com/scagogogo/cpe-skills/advanced_matching.go:642.77,644.4 1 1
github.com/scagogogo/cpe-skills/advanced_matching.go:647.3,648.75 1 1
github.com/scagogogo/cpe-skills/advanced_matching.go:648.75,650.4 1 1
github.com/scagogogo/cpe-skills/advanced_matching.go:653.3,654.73 1 1
github.com/scagogogo/cpe-skills/advanced_matching.go:654.73,656.4 1 1
github.com/scagogogo/cpe-skills/advanced_matching.go:659.3,660.73 1 1
github.com/scagogogo/cpe-skills/advanced_matching.go:660.73,662.4 1 1
github.com/scagogogo/cpe-skills/advanced_matching.go:665.3,666.55 1 1
github.com/scagogogo/cpe-skills/advanced_matching.go:666.55,668.4 1 1
github.com/scagogogo/cpe-skills/advanced_matching.go:671.2,671.13 1 1
github.com/scagogogo/cpe-skills/advanced_matching.go:675.84,696.50 4 1
github.com/scagogogo/cpe-skills/advanced_matching.go:696.50,697.39 1 1
github.com/scagogogo/cpe-skills/advanced_matching.go:697.39,699.4 1 1
github.com/scagogogo/cpe-skills/advanced_matching.go:703.2,705.89 3 1
github.com/scagogogo/cpe-skills/advanced_matching.go:705.89,707.3 1 1
github.com/scagogogo/cpe-skills/advanced_matching.go:707.8,707.45 1 1
github.com/scagogogo/cpe-skills/advanced_matching.go:707.45,709.3 1 1
github.com/scagogogo/cpe-skills/advanced_matching.go:712.2,714.73 3 1
github.com/scagogogo/cpe-skills/advanced_matching.go:714.73,716.3 1 1
github.com/scagogogo/cpe-skills/advanced_matching.go:716.8,716.47 1 1
github.com/scagogogo/cpe-skills/advanced_matching.go:716.47,718.3 1 1
github.com/scagogogo/cpe-skills/advanced_matching.go:721.2,723.83 3 1
github.com/scagogogo/cpe-skills/advanced_matching.go:723.83,725.3 1 1
github.com/scagogogo/cpe-skills/advanced_matching.go:725.8,725.48 1 1
github.com/scagogogo/cpe-skills/advanced_matching.go:725.48,727.3 1 1
github.com/scagogogo/cpe-skills/advanced_matching.go:730.2,732.43 3 1
github.com/scagogogo/cpe-skills/advanced_matching.go:732.43,733.49 1 1
github.com/scagogogo/cpe-skills/advanced_matching.go:733.49,735.4 1 1
github.com/scagogogo/cpe-skills/advanced_matching.go:735.9,735.49 1 1
github.com/scagogogo/cpe-skills/advanced_matching.go:735.49,737.4 1 1
github.com/scagogogo/cpe-skills/advanced_matching.go:738.8,739.76 1 1
github.com/scagogogo/cpe-skills/advanced_matching.go:739.76,741.4 1 1
github.com/scagogogo/cpe-skills/advanced_matching.go:741.9,741.49 1 1
github.com/scagogogo/cpe-skills/advanced_matching.go:741.49,743.4 1 1
github.com/scagogogo/cpe-skills/advanced_matching.go:747.2,747.30 1 1
github.com/scagogogo/cpe-skills/advanced_matching.go:747.30,751.74 3 1
github.com/scagogogo/cpe-skills/advanced_matching.go:751.74,753.4 1 1
github.com/scagogogo/cpe-skills/advanced_matching.go:753.9,753.48 1 1
github.com/scagogogo/cpe-skills/advanced_matching.go:753.48,755.4 1 1
github.com/scagogogo/cpe-skills/advanced_matching.go:758.3,760.76 3 1
github.com/scagogogo/cpe-skills/advanced_matching.go:760.76,762.4 1 1
github.com/scagogogo/cpe-skills/advanced_matching.go:762.9,762.49 1 1
github.com/scagogogo/cpe-skills/advanced_matching.go:762.49,764.4 1 1
github.com/scagogogo/cpe-skills/advanced_matching.go:767.3,769.78 3 1
github.com/scagogogo/cpe-skills/advanced_matching.go:769.78,771.4 1 1
github.com/scagogogo/cpe-skills/advanced_matching.go:771.9,771.50 1 1
github.com/scagogogo/cpe-skills/advanced_matching.go:771.50,773.4 1 1
github.com/scagogogo/cpe-skills/advanced_matching.go:776.3,778.76 3 1
github.com/scagogogo/cpe-skills/advanced_matching.go:778.76,780.4 1 1
github.com/scagogogo/cpe-skills/advanced_matching.go:780.9,780.57 1 1
github.com/scagogogo/cpe-skills/advanced_matching.go:780.57,782.4 1 1
github.com/scagogogo/cpe-skills/advanced_matching.go:785.3,787.74 3 1
github.com/scagogogo/cpe-skills/advanced_matching.go:787.74,789.4 1 1
github.com/scagogogo/cpe-skills/advanced_matching.go:789.9,789.56 1 1
github.com/scagogogo/cpe-skills/advanced_matching.go:789.56,791.4 1 1
github.com/scagogogo/cpe-skills/advanced_matching.go:794.3,796.74 3 1
github.com/scagogogo/cpe-skills/advanced_matching.go:796.74,798.4 1 1
github.com/scagogogo/cpe-skills/advanced_matching.go:798.9,798.56 1 1
github.com/scagogogo/cpe-skills/advanced_matching.go:798.56,800.4 1 1
github.com/scagogogo/cpe-skills/advanced_matching.go:803.3,805.56 3 1
github.com/scagogogo/cpe-skills/advanced_matching.go:805.56,807.4 1 1
github.com/scagogogo/cpe-skills/advanced_matching.go:807.9,807.47 1 1
github.com/scagogogo/cpe-skills/advanced_matching.go:807.47,809.4 1 1
github.com/scagogogo/cpe-skills/advanced_matching.go:813.2,815.40 2 1
github.com/scagogogo/cpe-skills/advanced_matching.go:819.72,822.2 2 1
github.com/scagogogo/cpe-skills/applicability.go:62.47,64.2 1 1
github.com/scagogogo/cpe-skills/applicability.go:67.52,69.2 1 1
github.com/scagogogo/cpe-skills/applicability.go:72.41,74.2 1 1
github.com/scagogogo/cpe-skills/applicability.go:82.47,84.2 1 1
github.com/scagogogo/cpe-skills/applicability.go:87.52,88.37 1 1
github.com/scagogogo/cpe-skills/applicability.go:88.37,89.29 1 1
github.com/scagogogo/cpe-skills/applicability.go:89.29,91.4 1 1
github.com/scagogogo/cpe-skills/applicability.go:93.2,93.13 1 1
github.com/scagogogo/cpe-skills/applicability.go:97.41,99.37 2 1
github.com/scagogogo/cpe-skills/applicability.go:99.37,101.3 1 1
github.com/scagogogo/cpe-skills/applicability.go:102.2,102.49 1 1
github.com/scagogogo/cpe-skills/applicability.go:111.46,113.2 1 1
github.com/scagogogo/cpe-skills/applicability.go:116.51,117.37 1 1
github.com/scagogogo/cpe-skills/applicability.go:117.37,118.28 1 1
github.com/scagogogo/cpe-skills/applicability.go:118.28,120.4 1 1
github.com/scagogogo/cpe-skills/applicability.go:122.2,122.14 1 1
github.com/scagogogo/cpe-skills/applicability.go:126.40,128.37 2 1
github.com/scagogogo/cpe-skills/applicability.go:128.37,130.3 1 1
github.com/scagogogo/cpe-skills/applicability.go:131.2,131.48 1 1
github.com/scagogogo/cpe-skills/applicability.go:140.47,142.2 1 1
github.com/scagogogo/cpe-skills/applicability.go:145.52,147.2 1 1
github.com/scagogogo/cpe-skills/applicability.go:150.41,152.2 1 1
github.com/scagogogo/cpe-skills/applicability.go:202.55,206.69 2 1
github.com/scagogogo/cpe-skills/applicability.go:206.69,208.3 1 1
github.com/scagogogo/cpe-skills/applicability.go:208.8,208.75 1 1
github.com/scagogogo/cpe-skills/applicability.go:208.75,210.3 1 1
github.com/scagogogo/cpe-skills/applicability.go:210.8,210.76 1 1
github.com/scagogogo/cpe-skills/applicability.go:210.76,212.3 1 1
github.com/scagogogo/cpe-skills/applicability.go:212.8,212.44 1 1
github.com/scagogogo/cpe-skills/applicability.go:212.44,214.3 1 1
github.com/scagogogo/cpe-skills/applicability.go:216.2,216.53 1 1
github.com/scagogogo/cpe-skills/applicability.go:220.58,226.16 3 1
github.com/scagogogo/cpe-skills/applicability.go:226.16,228.3 1 1
github.com/scagogogo/cpe-skills/applicability.go:231.2,232.35 2 1
github.com/scagogogo/cpe-skills/applicability.go:232.35,234.17 2 1
github.com/scagogogo/cpe-skills/applicability.go:234.17,236.4 1 1
github.com/scagogogo/cpe-skills/applicability.go:237.3,237.48 1 1
github.com/scagogogo/cpe-skills/applicability.go:240.2,240.54 1 1
github.com/scagogogo/cpe-skills/applicability.go:244.57,250.16 3 1
github.com/scagogogo/cpe-skills/applicability.go:250.16,252.3 1 1
github.com/scagogogo/cpe-skills/applicability.go:255.2,256.35 2 1
github.com/scagogogo/cpe-skills/applicability.go:256.35,258.17 2 1
github.com/scagogogo/cpe-skills/applicability.go:258.17,260.4 1 1
github.com/scagogogo/cpe-skills/applicability.go:261.3,261.48 1 1
github.com/scagogogo/cpe-skills/applicability.go:264.2,264.53 1 1
github.com/scagogogo/cpe-skills/applicability.go:268.58,274.16 3 1
github.com/scagogogo/cpe-skills/applicability.go:274.16,276.3 1 1
github.com/scagogogo/cpe-skills/applicability.go:278.2,278.52 1 1
github.com/scagogogo/cpe-skills/applicability.go:282.58,285.37 2 1
github.com/scagogogo/cpe-skills/applicability.go:285.37,287.3 1 1
github.com/scagogogo/cpe-skills/applicability.go:290.2,293.36 3 1
github.com/scagogogo/cpe-skills/applicability.go:293.36,296.3 1 1
github.com/scagogogo/cpe-skills/applicability.go:296.8,296.46 1 1
github.com/scagogogo/cpe-skills/applicability.go:296.46,299.3 1 1
github.com/scagogogo/cpe-skills/applicability.go:299.8,301.3 1 1
github.com/scagogogo/cpe-skills/applicability.go:303.2,303.16 1 1
github.com/scagogogo/cpe-skills/applicability.go:303.16,305.3 1 1
github.com/scagogogo/cpe-skills/applicability.go:307.2,307.38 1 1
github.com/scagogogo/cpe-skills/applicability.go:311.54,316.28 4 1
github.com/scagogogo/cpe-skills/applicability.go:316.28,317.15 1 1
github.com/scagogogo/cpe-skills/applicability.go:318.12,320.27 2 1
github.com/scagogogo/cpe-skills/applicability.go:321.12,323.27 2 1
github.com/scagogogo/cpe-skills/applicability.go:324.12,325.29 1 1
github.com/scagogogo/cpe-skills/applicability.go:325.29,329.5 2 1
github.com/scagogogo/cpe-skills/applicability.go:329.10,332.5 1 1
github.com/scagogogo/cpe-skills/applicability.go:333.11,334.27 1 1
github.com/scagogogo/cpe-skills/applicability.go:339.2,339.23 1 1
github.com/scagogogo/cpe-skills/applicability.go:339.23,341.3 1 1
github.com/scagogogo/cpe-skills/applicability.go:344.2,344.27 1 1
github.com/scagogogo/cpe-skills/applicability.go:344.27,346.3 1 1
github.com/scagogogo/cpe-skills/applicability.go:348.2,348.20 1 1
github.com/scagogogo/cpe-skills/applicability.go:352.54,355.27 2 1
github.com/scagogogo/cpe-skills/applicability.go:355.27,356.25 1 1
github.com/scagogogo/cpe-skills/applicability.go:356.25,358.4 1 1
github.com/scagogogo/cpe-skills/applicability.go:361.2,361.15 1 1
github.com/scagogogo/cpe-skills/binding.go:10.30,11.14 1 1
github.com/scagogogo/cpe-skills/binding.go:11.14,13.3 1 1
github.com/scagogogo/cpe-skills/binding.go:15.2,30.33 2 1
github.com/scagogogo/cpe-skills/binding.go:34.40,35.40 1 1
github.com/scagogogo/cpe-skills/binding.go:35.40,37.3 1 1
github.com/scagogogo/cpe-skills/binding.go:39.2,40.22 2 1
github.com/scagogogo/cpe-skills/binding.go:40.22,42.3 1 1
github.com/scagogogo/cpe-skills/binding.go:44.2,56.8 1 1
github.com/scagogogo/cpe-skills/binding.go:61.31,62.14 1 1
github.com/scagogogo/cpe-skills/binding.go:62.14,64.3 1 1
github.com/scagogogo/cpe-skills/binding.go:66.2,90.17 11 1
github.com/scagogogo/cpe-skills/binding.go:90.17,100.19 2 1
github.com/scagogogo/cpe-skills/binding.go:100.19,102.4 1 1
github.com/scagogogo/cpe-skills/binding.go:105.2,105.15 1 1
github.com/scagogogo/cpe-skills/binding.go:109.42,110.38 1 1
github.com/scagogogo/cpe-skills/binding.go:110.38,112.3 1 1
github.com/scagogogo/cpe-skills/binding.go:114.2,117.39 3 1
github.com/scagogogo/cpe-skills/binding.go:117.39,119.3 1 1
github.com/scagogogo/cpe-skills/binding.go:121.2,127.20 3 1
github.com/scagogogo/cpe-skills/binding.go:127.20,129.3 1 1
github.com/scagogogo/cpe-skills/binding.go:132.2,132.20 1 1
github.com/scagogogo/cpe-skills/binding.go:132.20,134.3 1 1
github.com/scagogogo/cpe-skills/binding.go:137.2,137.20 1 1
github.com/scagogogo/cpe-skills/binding.go:137.20,139.3 1 1
github.com/scagogogo/cpe-skills/binding.go:142.2,142.20 1 1
github.com/scagogogo/cpe-skills/binding.go:142.20,144.3 1 1
github.com/scagogogo/cpe-skills/binding.go:147.2,147.34 1 1
github.com/scagogogo/cpe-skills/binding.go:147.34,148.38 1 1
github.com/scagogogo/cpe-skills/binding.go:148.38,152.46 2 1
github.com/scagogogo/cpe-skills/binding.go:152.46,154.5 1 1
github.com/scagogogo/cpe-skills/binding.go:157.4,157.46 1 1
github.com/scagogogo/cpe-skills/binding.go:157.46,159.5 1 1
github.com/scagogogo/cpe-skills/binding.go:162.4,162.46 1 1
github.com/scagogogo/cpe-skills/binding.go:162.46,164.5 1 1
github.com/scagogogo/cpe-skills/binding.go:167.4,167.46 1 1
github.com/scagogogo/cpe-skills/binding.go:167.46,169.5 1 1
github.com/scagogogo/cpe-skills/binding.go:172.4,172.46 1 1
github.com/scagogogo/cpe-skills/binding.go:172.46,174.5 1 1
github.com/scagogogo/cpe-skills/binding.go:177.4,177.46 1 1
github.com/scagogogo/cpe-skills/binding.go:177.46,179.5 1 1
github.com/scagogogo/cpe-skills/binding.go:181.4,181.9 1 1
github.com/scagogogo/cpe-skills/binding.go:186.2,186.76 1 1
github.com/scagogogo/cpe-skills/binding.go:186.76,187.39 1 1
github.com/scagogogo/cpe-skills/binding.go:187.39,189.4 1 1
github.com/scagogogo/cpe-skills/binding.go:190.3,190.39 1 1
github.com/scagogogo/cpe-skills/binding.go:190.39,192.4 1 1
github.com/scagogogo/cpe-skills/binding.go:195.2,195.17 1 1
github.com/scagogogo/cpe-skills/binding.go:199.49,201.16 2 1
github.com/scagogogo/cpe-skills/binding.go:201.16,203.3 1 1
github.com/scagogogo/cpe-skills/binding.go:204.2,204.27 1 1
github.com/scagogogo/cpe-skills/binding.go:208.48,210.16 2 1
github.com/scagogogo/cpe-skills/binding.go:210.16,212.3 1 1
github.com/scagogogo/cpe-skills/binding.go:213.2,213.28 1 1
github.com/scagogogo/cpe-skills/binding.go:217.47,219.16 2 1
github.com/scagogogo/cpe-skills/binding.go:219.16,221.3 1 1
github.com/scagogogo/cpe-skills/binding.go:222.2,222.15 1 1
github.com/scagogogo/cpe-skills/binding.go:226.50,227.27 1 1
github.com/scagogogo/cpe-skills/binding.go:227.27,229.3 1 1
github.com/scagogogo/cpe-skills/binding.go:230.2,230.17 1 1
github.com/scagogogo/cpe-skills/binding.go:230.17,232.3 1 1
github.com/scagogogo/cpe-skills/binding.go:233.2,233.27 1 1
github.com/scagogogo/cpe-skills/binding.go:237.49,238.31 1 1
github.com/scagogogo/cpe-skills/binding.go:238.31,240.3 1 1
github.com/scagogogo/cpe-skills/binding.go:241.2,241.21 1 1
github.com/scagogogo/cpe-skills/binding.go:241.21,243.3 1 1
github.com/scagogogo/cpe-skills/binding.go:244.2,244.34 1 1
github.com/scagogogo/cpe-skills/binding.go:248.51,249.27 1 1
github.com/scagogogo/cpe-skills/binding.go:249.27,251.3 1 1
github.com/scagogogo/cpe-skills/binding.go:252.2,252.17 1 1
github.com/scagogogo/cpe-skills/binding.go:252.17,254.3 1 1
github.com/scagogogo/cpe-skills/binding.go:255.2,255.28 1 1
github.com/scagogogo/cpe-skills/binding.go:259.50,260.31 1 1
github.com/scagogogo/cpe-skills/binding.go:260.31,262.3 1 1
github.com/scagogogo/cpe-skills/binding.go:263.2,263.21 1 1
github.com/scagogogo/cpe-skills/binding.go:263.21,265.3 1 1
github.com/scagogogo/cpe-skills/binding.go:266.2,266.35 1 1
github.com/scagogogo/cpe-skills/builder.go:14.34,18.2 1 1
github.com/scagogogo/cpe-skills/builder.go:21.52,22.18 1 1
github.com/scagogogo/cpe-skills/builder.go:22.18,24.3 1 1
github.com/scagogogo/cpe-skills/builder.go:25.2,25.28 1 1
github.com/scagogogo/cpe-skills/builder.go:25.28,28.3 2 1
github.com/scagogogo/cpe-skills/builder.go:29.2,30.10 2 1
github.com/scagogogo/cpe-skills/builder.go:34.56,35.18 1 1
github.com/scagogogo/cpe-skills/builder.go:35.18,37.3 1 1
github.com/scagogogo/cpe-skills/builder.go:38.2,39.10 2 1
github.com/scagogogo/cpe-skills/builder.go:43.58,44.18 1 1
github.com/scagogogo/cpe-skills/builder.go:44.18,46.3 1 1
github.com/scagogogo/cpe-skills/builder.go:47.2,48.10 2 1
github.com/scagogogo/cpe-skills/builder.go:52.58,53.18 1 1
github.com/scagogogo/cpe-skills/builder.go:53.18,55.3 1 1
github.com/scagogogo/cpe-skills/builder.go:56.2,57.10 2 1
github.com/scagogogo/cpe-skills/builder.go:61.56,62.18 1 1
github.com/scagogogo/cpe-skills/builder.go:62.18,64.3 1 1
github.com/scagogogo/cpe-skills/builder.go:65.2,66.10 2 1
github.com/scagogogo/cpe-skills/builder.go:70.58,71.18 1 1
github.com/scagogogo/cpe-skills/builder.go:71.18,73.3 1 1
github.com/scagogogo/cpe-skills/builder.go:74.2,75.10 2 1
github.com/scagogogo/cpe-skills/builder.go:79.60,80.18 1 1
github.com/scagogogo/cpe-skills/builder.go:80.18,82.3 1 1
github.com/scagogogo/cpe-skills/builder.go:83.2,84.10 2 1
github.com/scagogogo/cpe-skills/builder.go:88.68,89.18 1 1
github.com/scagogogo/cpe-skills/builder.go:89.18,91.3 1 1
github.com/scagogogo/cpe-skills/builder.go:92.2,93.10 2 1
github.com/scagogogo/cpe-skills/builder.go:97.66,98.18 1 1
github.com/scagogogo/cpe-skills/builder.go:98.18,100.3 1 1
github.com/scagogogo/cpe-skills/builder.go:101.2,102.10 2 1
github.com/scagogogo/cpe-skills/builder.go:106.66,107.18 1 1
github.com/scagogogo/cpe-skills/builder.go:107.18,109.3 1 1
github.com/scagogogo/cpe-skills/builder.go:110.2,111.10 2 1
github.com/scagogogo/cpe-skills/builder.go:115.54,116.18 1 1
github.com/scagogogo/cpe-skills/builder.go:116.18,118.3 1 1
github.com/scagogogo/cpe-skills/builder.go:119.2,120.10 2 1
github.com/scagogogo/cpe-skills/builder.go:124.48,126.2 1 1
github.com/scagogogo/cpe-skills/builder.go:129.39,131.2 1 1
github.com/scagogogo/cpe-skills/builder.go:134.45,136.2 1 1
github.com/scagogogo/cpe-skills/builder.go:139.44,140.18 1 1
github.com/scagogogo/cpe-skills/builder.go:140.18,142.3 1 1
github.com/scagogogo/cpe-skills/builder.go:143.2,143.27 1 1
github.com/scagogogo/cpe-skills/builder.go:147.39,149.16 2 1
github.com/scagogogo/cpe-skills/builder.go:149.16,150.13 1 1
github.com/scagogogo/cpe-skills/builder.go:152.2,152.12 1 1
github.com/scagogogo/cpe-skills/builder.go:156.47,157.18 1 1
github.com/scagogogo/cpe-skills/builder.go:157.18,159.3 1 1
github.com/scagogogo/cpe-skills/builder.go:160.2,160.19 1 1
github.com/scagogogo/cpe-skills/component.go:23.40,24.28 1 1
github.com/scagogogo/cpe-skills/component.go:25.28,26.31 1 1
github.com/scagogogo/cpe-skills/component.go:27.25,28.28 1 1
github.com/scagogogo/cpe-skills/component.go:29.19,30.35 1 1
github.com/scagogogo/cpe-skills/component.go:31.16,32.57 1 1
github.com/scagogogo/cpe-skills/component.go:33.10,34.57 1 1
github.com/scagogogo/cpe-skills/component.go:39.33,39.53 1 1
github.com/scagogogo/cpe-skills/component.go:42.30,42.62 1 1
github.com/scagogogo/cpe-skills/component.go:45.29,45.60 1 1
github.com/scagogogo/cpe-skills/component.go:48.30,48.97 2 1
github.com/scagogogo/cpe-skills/component.go:51.36,51.76 1 1
github.com/scagogogo/cpe-skills/component.go:54.34,54.54 1 1
github.com/scagogogo/cpe-skills/component.go:57.31,57.63 1 1
github.com/scagogogo/cpe-skills/component.go:60.30,60.61 1 1
github.com/scagogogo/cpe-skills/component.go:63.31,63.98 2 1
github.com/scagogogo/cpe-skills/component.go:66.37,66.77 1 1
github.com/scagogogo/cpe-skills/component.go:69.34,69.54 1 1
github.com/scagogogo/cpe-skills/component.go:72.31,72.63 1 1
github.com/scagogogo/cpe-skills/component.go:75.30,75.61 1 1
github.com/scagogogo/cpe-skills/component.go:78.31,78.98 2 1
github.com/scagogogo/cpe-skills/component.go:81.37,81.77 1 1
github.com/scagogogo/cpe-skills/component.go:84.34,84.54 1 1
github.com/scagogogo/cpe-skills/component.go:87.31,87.63 1 1
github.com/scagogogo/cpe-skills/component.go:90.30,90.61 1 1
github.com/scagogogo/cpe-skills/component.go:93.31,93.98 2 1
github.com/scagogogo/cpe-skills/component.go:96.37,96.77 1 1
github.com/scagogogo/cpe-skills/component.go:99.35,99.55 1 1
github.com/scagogogo/cpe-skills/component.go:102.32,102.64 1 1
github.com/scagogogo/cpe-skills/component.go:105.31,105.62 1 1
github.com/scagogogo/cpe-skills/component.go:108.32,108.99 2 1
github.com/scagogogo/cpe-skills/component.go:111.38,111.78 1 1
github.com/scagogogo/cpe-skills/component.go:114.33,114.53 1 1
github.com/scagogogo/cpe-skills/component.go:117.30,117.62 1 1
github.com/scagogogo/cpe-skills/component.go:120.29,120.60 1 1
github.com/scagogogo/cpe-skills/component.go:123.30,123.97 2 1
github.com/scagogogo/cpe-skills/component.go:126.36,126.76 1 1
github.com/scagogogo/cpe-skills/component.go:131.28,131.62 1 1
github.com/scagogogo/cpe-skills/component.go:134.27,134.60 1 1
github.com/scagogogo/cpe-skills/component.go:137.28,139.2 1 1
github.com/scagogogo/cpe-skills/component.go:142.34,142.73 1 1
github.com/scagogogo/cpe-skills/cpe.go:117.38,119.28 1 1
github.com/scagogogo/cpe-skills/cpe.go:119.28,121.3 1 1
github.com/scagogogo/cpe-skills/cpe.go:124.2,124.46 1 1
github.com/scagogogo/cpe-skills/cpe.go:124.46,126.3 1 1
github.com/scagogogo/cpe-skills/cpe.go:129.2,129.61 1 1
github.com/scagogogo/cpe-skills/cpe.go:129.61,131.3 1 1
github.com/scagogogo/cpe-skills/cpe.go:134.2,134.71 1 1
github.com/scagogogo/cpe-skills/cpe.go:134.71,136.3 1 1
github.com/scagogogo/cpe-skills/cpe.go:139.2,139.63 1 1
github.com/scagogogo/cpe-skills/cpe.go:139.63,141.3 1 1
github.com/scagogogo/cpe-skills/cpe.go:144.2,144.61 1 1
github.com/scagogogo/cpe-skills/cpe.go:144.61,146.3 1 1
github.com/scagogogo/cpe-skills/cpe.go:149.2,149.63 1 1
github.com/scagogogo/cpe-skills/cpe.go:149.63,151.3 1 1
github.com/scagogogo/cpe-skills/cpe.go:154.2,154.65 1 1
github.com/scagogogo/cpe-skills/cpe.go:154.65,156.3 1 1
github.com/scagogogo/cpe-skills/cpe.go:159.2,159.63 1 1
github.com/scagogogo/cpe-skills/cpe.go:159.63,161.3 1 1
github.com/scagogogo/cpe-skills/cpe.go:164.2,164.61 1 1
github.com/scagogogo/cpe-skills/cpe.go:164.61,166.3 1 1
github.com/scagogogo/cpe-skills/cpe.go:169.2,169.61 1 1
github.com/scagogogo/cpe-skills/cpe.go:169.61,171.3 1 1
github.com/scagogogo/cpe-skills/cpe.go:174.2,174.43 1 1
github.com/scagogogo/cpe-skills/cpe.go:174.43,176.3 1 1
github.com/scagogogo/cpe-skills/cpe.go:178.2,178.13 1 1
github.com/scagogogo/cpe-skills/cpe.go:211.39,213.26 1 1
github.com/scagogogo/cpe-skills/cpe.go:213.26,215.3 1 1
github.com/scagogogo/cpe-skills/cpe.go:218.2,218.26 1 1
github.com/scagogogo/cpe-skills/cpe.go:218.26,220.3 1 1
github.com/scagogogo/cpe-skills/cpe.go:223.2,223.15 1 1
github.com/scagogogo/cpe-skills/cpe.go:254.31,256.2 1 1
github.com/scagogogo/cpe-skills/cpe.go:286.33,287.16 1 1
github.com/scagogogo/cpe-skills/cpe.go:287.16,289.3 1 1
github.com/scagogogo/cpe-skills/cpe.go:292.2,292.21 1 1
github.com/scagogogo/cpe-skills/cpe.go:292.21,294.3 1 1
github.com/scagogogo/cpe-skills/cpe.go:297.2,312.33 2 1
github.com/scagogogo/cpe-skills/cpe.go:351.71,352.38 1 1
github.com/scagogogo/cpe-skills/cpe.go:352.38,354.3 1 1
github.com/scagogogo/cpe-skills/cpe.go:357.2,357.45 1 1
github.com/scagogogo/cpe-skills/cpe.go:357.45,366.3 5 1
github.com/scagogogo/cpe-skills/cpe.go:369.2,373.62 1 1
github.com/scagogogo/cpe-skills/cpe.go:373.62,375.3 1 1
github.com/scagogogo/cpe-skills/cpe.go:378.2,378.31 1 1
github.com/scagogogo/cpe-skills/cpe.go:381.46,382.30 1 1
github.com/scagogogo/cpe-skills/cpe.go:382.30,384.3 1 1
github.com/scagogogo/cpe-skills/cpe.go:385.2,385.68 1 1
github.com/scagogogo/cpe-skills/cpe.go:388.46,388.78 1 1
github.com/scagogogo/cpe-skills/cpe.go:389.46,389.76 1 1
github.com/scagogogo/cpe-skills/cpe.go:390.47,390.79 1 1
github.com/scagogogo/cpe-skills/cpe.go:391.47,391.76 1 1
github.com/scagogogo/cpe-skills/cve.go:53.50,65.2 2 1
github.com/scagogogo/cpe-skills/cve.go:83.56,85.47 1 1
github.com/scagogogo/cpe-skills/cve.go:85.47,86.28 1 1
github.com/scagogogo/cpe-skills/cve.go:86.28,88.4 1 1
github.com/scagogogo/cpe-skills/cve.go:91.2,92.35 2 1
github.com/scagogogo/cpe-skills/cve.go:114.64,115.47 1 1
github.com/scagogogo/cpe-skills/cve.go:115.47,116.28 1 1
github.com/scagogogo/cpe-skills/cve.go:116.28,121.4 3 1
github.com/scagogogo/cpe-skills/cve.go:123.2,123.14 1 1
github.com/scagogogo/cpe-skills/cve.go:143.57,145.45 1 1
github.com/scagogogo/cpe-skills/cve.go:145.45,146.31 1 1
github.com/scagogogo/cpe-skills/cve.go:146.31,148.4 1 1
github.com/scagogogo/cpe-skills/cve.go:151.2,152.35 2 1
github.com/scagogogo/cpe-skills/cve.go:176.57,180.9 2 1
github.com/scagogogo/cpe-skills/cve.go:181.24,182.28 1 1
github.com/scagogogo/cpe-skills/cve.go:183.24,184.24 1 1
github.com/scagogogo/cpe-skills/cve.go:185.24,186.26 1 1
github.com/scagogogo/cpe-skills/cve.go:187.10,188.23 1 1
github.com/scagogogo/cpe-skills/cve.go:191.2,191.35 1 1
github.com/scagogogo/cpe-skills/cve.go:212.69,215.2 2 1
github.com/scagogogo/cpe-skills/cve.go:239.70,242.2 2 1
github.com/scagogogo/cpe-skills/cve.go:263.58,265.12 2 1
github.com/scagogogo/cpe-skills/cve.go:265.12,269.3 3 1
github.com/scagogogo/cpe-skills/cve.go:270.2,270.14 1 1
github.com/scagogogo/cpe-skills/cve.go:305.60,312.27 3 1
github.com/scagogogo/cpe-skills/cve.go:312.27,313.25 1 1
github.com/scagogogo/cpe-skills/cve.go:313.25,315.47 1 1
github.com/scagogogo/cpe-skills/cve.go:315.47,318.49 1 1
github.com/scagogogo/cpe-skills/cve.go:318.49,322.20 2 1
github.com/scagogogo/cpe-skills/cve.go:322.20,325.7 2 1
github.com/scagogogo/cpe-skills/cve.go:326.11,326.53 1 1
github.com/scagogogo/cpe-skills/cve.go:326.53,330.20 2 1
github.com/scagogogo/cpe-skills/cve.go:330.20,333.7 2 1
github.com/scagogogo/cpe-skills/cve.go:336.4,336.9 1 1
github.com/scagogogo/cpe-skills/cve.go:340.2,340.15 1 1
github.com/scagogogo/cpe-skills/cve.go:365.67,368.25 2 1
github.com/scagogogo/cpe-skills/cve.go:368.25,369.23 1 1
github.com/scagogogo/cpe-skills/cve.go:369.23,371.4 1 1
github.com/scagogogo/cpe-skills/cve.go:374.2,374.12 1 1
github.com/scagogogo/cpe-skills/cve.go:394.48,396.2 1 1
github.com/scagogogo/cpe-skills/cve.go:418.59,420.2 1 1
github.com/scagogogo/cpe-skills/cve.go:438.41,440.2 1 1
github.com/scagogogo/cpe-skills/cve.go:458.52,460.2 1 1
github.com/scagogogo/cpe-skills/cve.go:478.57,480.2 1 1
github.com/scagogogo/cpe-skills/cve.go:498.37,500.2 1 1
github.com/scagogogo/cpe-skills/cve.go:532.99,535.30 2 1
github.com/scagogogo/cpe-skills/cve.go:535.30,539.49 2 1
github.com/scagogogo/cpe-skills/cve.go:539.49,545.48 3 1
github.com/scagogogo/cpe-skills/cve.go:545.48,548.5 1 1
github.com/scagogogo/cpe-skills/cve.go:548.10,548.52 1 1
github.com/scagogogo/cpe-skills/cve.go:548.52,551.5 1 1
github.com/scagogogo/cpe-skills/cve.go:551.10,552.13 1 1
github.com/scagogogo/cpe-skills/cve.go:555.4,555.18 1 1
github.com/scagogogo/cpe-skills/cve.go:555.18,556.13 1 1
github.com/scagogogo/cpe-skills/cve.go:560.4,564.51 4 1
github.com/scagogogo/cpe-skills/cve.go:564.51,566.10 2 1
github.com/scagogogo/cpe-skills/cve.go:571.2,571.16 1 1
github.com/scagogogo/cpe-skills/datasource.go:101.98,115.2 1 1
github.com/scagogogo/cpe-skills/datasource.go:118.67,120.2 1 1
github.com/scagogogo/cpe-skills/datasource.go:123.66,125.2 1 1
github.com/scagogogo/cpe-skills/datasource.go:128.70,130.20 2 1
github.com/scagogogo/cpe-skills/datasource.go:130.20,131.72 1 1
github.com/scagogogo/cpe-skills/datasource.go:131.72,133.4 1 1
github.com/scagogogo/cpe-skills/datasource.go:134.3,134.18 1 1
github.com/scagogogo/cpe-skills/datasource.go:138.2,139.16 2 1
github.com/scagogogo/cpe-skills/datasource.go:139.16,141.3 1 1
github.com/scagogogo/cpe-skills/datasource.go:144.2,144.30 1 1
github.com/scagogogo/cpe-skills/datasource.go:144.30,146.37 1 1
github.com/scagogogo/cpe-skills/datasource.go:146.37,148.19 1 1
github.com/scagogogo/cpe-skills/datasource.go:149.23,150.55 1 1
github.com/scagogogo/cpe-skills/datasource.go:151.26,152.71 1 1
github.com/scagogogo/cpe-skills/datasource.go:153.12,154.58 1 1
github.com/scagogogo/cpe-skills/datasource.go:159.3,159.75 1 1
github.com/scagogogo/cpe-skills/datasource.go:159.75,161.4 1 1
github.com/scagogogo/cpe-skills/datasource.go:164.3,164.36 1 1
github.com/scagogogo/cpe-skills/datasource.go:164.36,166.4 1 1
github.com/scagogogo/cpe-skills/datasource.go:169.3,169.53 1 1
github.com/scagogogo/cpe-skills/datasource.go:169.53,171.4 1 1
github.com/scagogogo/cpe-skills/datasource.go:175.2,180.16 4 1
github.com/scagogogo/cpe-skills/datasource.go:180.16,182.3 1 1
github.com/scagogogo/cpe-skills/datasource.go:183.2,186.38 2 1
github.com/scagogogo/cpe-skills/datasource.go:186.38,188.3 1 1
github.com/scagogogo/cpe-skills/datasource.go:191.2,192.16 2 1
github.com/scagogogo/cpe-skills/datasource.go:192.16,194.3 1 1
github.com/scagogogo/cpe-skills/datasource.go:197.2,199.18 2 1
github.com/scagogogo/cpe-skills/datasource.go:203.97,208.33 3 1
github.com/scagogogo/cpe-skills/datasource.go:208.33,210.3 1 1
github.com/scagogogo/cpe-skills/datasource.go:212.2,212.26 1 1
github.com/scagogogo/cpe-skills/datasource.go:212.26,214.3 1 1
github.com/scagogogo/cpe-skills/datasource.go:217.2,217.17 1 1
github.com/scagogogo/cpe-skills/datasource.go:218.21,219.38 1 1
github.com/scagogogo/cpe-skills/datasource.go:220.24,221.37 1 1
github.com/scagogogo/cpe-skills/datasource.go:222.27,223.35 1 1
github.com/scagogogo/cpe-skills/datasource.go:224.10,226.64 1 1
github.com/scagogogo/cpe-skills/datasource.go:226.64,228.4 1 1
github.com/scagogogo/cpe-skills/datasource.go:232.2,233.16 2 1
github.com/scagogogo/cpe-skills/datasource.go:233.16,235.3 1 1
github.com/scagogogo/cpe-skills/datasource.go:238.2,240.17 2 1
github.com/scagogogo/cpe-skills/datasource.go:241.21,243.58 1 1
github.com/scagogogo/cpe-skills/datasource.go:244.24,246.61 1 1
github.com/scagogogo/cpe-skills/datasource.go:247.27,249.61 1 1
github.com/scagogogo/cpe-skills/datasource.go:250.10,252.47 1 1
github.com/scagogogo/cpe-skills/datasource.go:255.2,255.16 1 1
github.com/scagogogo/cpe-skills/datasource.go:255.16,257.3 1 1
github.com/scagogogo/cpe-skills/datasource.go:259.2,259.29 1 1
github.com/scagogogo/cpe-skills/datasource.go:263.85,270.17 3 1
github.com/scagogogo/cpe-skills/datasource.go:271.21,272.43 1 1
github.com/scagogogo/cpe-skills/datasource.go:273.27,274.47 1 1
github.com/scagogogo/cpe-skills/datasource.go:275.10,280.64 2 1
github.com/scagogogo/cpe-skills/datasource.go:280.64,282.4 1 1
github.com/scagogogo/cpe-skills/datasource.go:286.2,287.16 2 1
github.com/scagogogo/cpe-skills/datasource.go:287.16,289.3 1 1
github.com/scagogogo/cpe-skills/datasource.go:292.2,294.17 2 1
github.com/scagogogo/cpe-skills/datasource.go:295.21,298.17 2 1
github.com/scagogogo/cpe-skills/datasource.go:298.17,300.4 1 1
github.com/scagogogo/cpe-skills/datasource.go:301.3,301.23 1 1
github.com/scagogogo/cpe-skills/datasource.go:301.23,303.4 1 1
github.com/scagogogo/cpe-skills/datasource.go:304.27,307.17 2 1
github.com/scagogogo/cpe-skills/datasource.go:307.17,309.4 1 1
github.com/scagogogo/cpe-skills/datasource.go:310.3,310.23 1 1
github.com/scagogogo/cpe-skills/datasource.go:310.23,312.4 1 1
github.com/scagogogo/cpe-skills/datasource.go:313.10,315.38 1 1
github.com/scagogogo/cpe-skills/datasource.go:318.2,318.16 1 1
github.com/scagogogo/cpe-skills/datasource.go:318.16,320.3 1 1
github.com/scagogogo/cpe-skills/datasource.go:322.2,322.19 1 1
github.com/scagogogo/cpe-skills/datasource.go:322.19,324.3 1 1
github.com/scagogogo/cpe-skills/datasource.go:326.2,326.20 1 1
github.com/scagogogo/cpe-skills/datasource.go:330.89,336.2 2 1
github.com/scagogogo/cpe-skills/datasource.go:339.89,380.16 5 1
github.com/scagogogo/cpe-skills/datasource.go:380.16,384.17 3 1
github.com/scagogogo/cpe-skills/datasource.go:384.17,386.4 1 1
github.com/scagogogo/cpe-skills/datasource.go:387.3,387.42 1 1
github.com/scagogogo/cpe-skills/datasource.go:390.2,392.39 2 1
github.com/scagogogo/cpe-skills/datasource.go:392.39,398.52 2 1
github.com/scagogogo/cpe-skills/datasource.go:398.52,400.4 1 1
github.com/scagogogo/cpe-skills/datasource.go:403.3,406.31 2 1
github.com/scagogogo/cpe-skills/datasource.go:406.31,408.18 2 1
github.com/scagogogo/cpe-skills/datasource.go:408.18,410.5 1 1
github.com/scagogogo/cpe-skills/datasource.go:413.3,413.34 1 1
github.com/scagogogo/cpe-skills/datasource.go:413.34,415.18 2 1
github.com/scagogogo/cpe-skills/datasource.go:415.18,417.5 1 1
github.com/scagogogo/cpe-skills/datasource.go:421.3,422.57 2 1
github.com/scagogogo/cpe-skills/datasource.go:422.57,424.4 1 1
github.com/scagogogo/cpe-skills/datasource.go:425.3,429.50 3 1
github.com/scagogogo/cpe-skills/datasource.go:429.50,430.40 1 1
github.com/scagogogo/cpe-skills/datasource.go:430.40,432.5 1 1
github.com/scagogogo/cpe-skills/datasource.go:434.3,436.36 2 1
github.com/scagogogo/cpe-skills/datasource.go:439.2,439.21 1 1
github.com/scagogogo/cpe-skills/datasource.go:443.92,470.16 4 1
github.com/scagogogo/cpe-skills/datasource.go:470.16,474.17 3 1
github.com/scagogogo/cpe-skills/datasource.go:474.17,476.4 1 1
github.com/scagogogo/cpe-skills/datasource.go:477.3,477.48 1 1
github.com/scagogogo/cpe-skills/datasource.go:480.2,482.38 2 1
github.com/scagogogo/cpe-skills/datasource.go:482.38,484.27 1 1
github.com/scagogogo/cpe-skills/datasource.go:484.27,485.12 1 1
github.com/scagogogo/cpe-skills/datasource.go:488.3,494.28 2 1
github.com/scagogogo/cpe-skills/datasource.go:495.19,496.26 1 1
github.com/scagogogo/cpe-skills/datasource.go:497.15,498.26 1 1
github.com/scagogogo/cpe-skills/datasource.go:499.17,500.26 1 1
github.com/scagogogo/cpe-skills/datasource.go:501.14,502.26 1 1
github.com/scagogogo/cpe-skills/datasource.go:503.11,504.26 1 1
github.com/scagogogo/cpe-skills/datasource.go:508.3,508.33 1 1
github.com/scagogogo/cpe-skills/datasource.go:508.33,510.18 2 1
github.com/scagogogo/cpe-skills/datasource.go:510.18,512.5 1 1
github.com/scagogogo/cpe-skills/datasource.go:515.3,515.31 1 1
github.com/scagogogo/cpe-skills/datasource.go:515.31,517.18 2 1
github.com/scagogogo/cpe-skills/datasource.go:517.18,519.5 1 1
github.com/scagogogo/cpe-skills/datasource.go:523.3,524.43 2 1
github.com/scagogogo/cpe-skills/datasource.go:524.43,526.4 1 1
github.com/scagogogo/cpe-skills/datasource.go:527.3,531.49 3 1
github.com/scagogogo/cpe-skills/datasource.go:531.49,534.34 1 1
github.com/scagogogo/cpe-skills/datasource.go:534.34,536.44 2 1
github.com/scagogogo/cpe-skills/datasource.go:536.44,538.6 1 1
github.com/scagogogo/cpe-skills/datasource.go:538.11,538.34 1 1
github.com/scagogogo/cpe-skills/datasource.go:538.34,540.6 1 1
github.com/scagogogo/cpe-skills/datasource.go:540.11,540.29 1 1
github.com/scagogogo/cpe-skills/datasource.go:540.29,542.6 1 1
github.com/scagogogo/cpe-skills/datasource.go:542.11,544.6 1 1
github.com/scagogogo/cpe-skills/datasource.go:546.5,551.53 2 1
github.com/scagogogo/cpe-skills/datasource.go:554.3,556.36 2 1
github.com/scagogogo/cpe-skills/datasource.go:559.2,559.21 1 1
github.com/scagogogo/cpe-skills/datasource.go:563.92,585.16 4 1
github.com/scagogogo/cpe-skills/datasource.go:585.16,589.17 3 1
github.com/scagogogo/cpe-skills/datasource.go:589.17,591.4 1 1
github.com/scagogogo/cpe-skills/datasource.go:592.3,592.38 1 1
github.com/scagogogo/cpe-skills/datasource.go:595.2,597.32 2 1
github.com/scagogogo/cpe-skills/datasource.go:597.32,605.26 2 1
github.com/scagogogo/cpe-skills/datasource.go:605.26,607.18 2 1
github.com/scagogogo/cpe-skills/datasource.go:607.18,609.5 1 1
github.com/scagogogo/cpe-skills/datasource.go:612.3,612.24 1 1
github.com/scagogogo/cpe-skills/datasource.go:612.24,614.18 2 1
github.com/scagogogo/cpe-skills/datasource.go:614.18,616.5 1 1
github.com/scagogogo/cpe-skills/datasource.go:620.3,621.37 2 1
github.com/scagogogo/cpe-skills/datasource.go:621.37,623.4 1 1
github.com/scagogogo/cpe-skills/datasource.go:624.3,628.43 3 1
github.com/scagogogo/cpe-skills/datasource.go:628.43,636.4 2 1
github.com/scagogogo/cpe-skills/datasource.go:637.3,639.36 2 1
github.com/scagogogo/cpe-skills/datasource.go:642.2,642.21 1 1
github.com/scagogogo/cpe-skills/datasource.go:661.86,668.2 1 1
github.com/scagogogo/cpe-skills/datasource.go:671.94,689.36 5 1
github.com/scagogogo/cpe-skills/datasource.go:689.36,692.30 2 1
github.com/scagogogo/cpe-skills/datasource.go:692.30,693.17 1 1
github.com/scagogogo/cpe-skills/datasource.go:693.17,693.26 1 1
github.com/scagogogo/cpe-skills/datasource.go:696.4,698.17 3 1
github.com/scagogogo/cpe-skills/datasource.go:698.17,698.43 1 1
github.com/scagogogo/cpe-skills/datasource.go:701.4,712.5 3 1
github.com/scagogogo/cpe-skills/datasource.go:717.2,724.39 4 1
github.com/scagogogo/cpe-skills/datasource.go:724.39,727.24 2 1
github.com/scagogogo/cpe-skills/datasource.go:727.24,729.12 2 1
github.com/scagogogo/cpe-skills/datasource.go:732.3,732.22 1 1
github.com/scagogogo/cpe-skills/datasource.go:732.22,734.42 1 1
github.com/scagogogo/cpe-skills/datasource.go:734.42,736.52 1 1
github.com/scagogogo/cpe-skills/datasource.go:736.52,744.47 3 1
github.com/scagogogo/cpe-skills/datasource.go:744.47,746.7 1 1
github.com/scagogogo/cpe-skills/datasource.go:749.6,749.132 1 1
github.com/scagogogo/cpe-skills/datasource.go:749.132,751.7 1 1
github.com/scagogogo/cpe-skills/datasource.go:754.6,754.143 1 1
github.com/scagogogo/cpe-skills/datasource.go:754.143,756.7 1 1
github.com/scagogogo/cpe-skills/datasource.go:759.6,759.61 1 1
github.com/scagogogo/cpe-skills/datasource.go:759.61,761.7 1 1
github.com/scagogogo/cpe-skills/datasource.go:762.11,765.6 1 1
github.com/scagogogo/cpe-skills/datasource.go:767.9,770.4 1 1
github.com/scagogogo/cpe-skills/datasource.go:774.2,774.21 1 1
github.com/scagogogo/cpe-skills/datasource.go:774.21,775.36 1 1
github.com/scagogogo/cpe-skills/datasource.go:775.36,777.4 1 1
github.com/scagogogo/cpe-skills/datasource.go:781.2,781.44 1 1
github.com/scagogogo/cpe-skills/datasource.go:781.44,783.3 1 1
github.com/scagogogo/cpe-skills/datasource.go:786.2,786.21 1 1
github.com/scagogogo/cpe-skills/datasource.go:786.21,788.3 1 1
github.com/scagogogo/cpe-skills/datasource.go:790.2,790.24 1 1
github.com/scagogogo/cpe-skills/datasource.go:794.90,809.36 4 1
github.com/scagogogo/cpe-skills/datasource.go:809.36,812.30 2 1
github.com/scagogogo/cpe-skills/datasource.go:812.30,813.17 1 1
github.com/scagogogo/cpe-skills/datasource.go:813.17,813.26 1 1
github.com/scagogogo/cpe-skills/datasource.go:816.4,818.17 3 1
github.com/scagogogo/cpe-skills/datasource.go:818.17,818.43 1 1
github.com/scagogogo/cpe-skills/datasource.go:821.4,828.5 2 1
github.com/scagogogo/cpe-skills/datasource.go:833.2,840.39 4 1
github.com/scagogogo/cpe-skills/datasource.go:840.39,843.24 2 1
github.com/scagogogo/cpe-skills/datasource.go:843.24,845.12 2 1
github.com/scagogogo/cpe-skills/datasource.go:848.3,848.22 1 1
github.com/scagogogo/cpe-skills/datasource.go:848.22,850.42 1 1
github.com/scagogogo/cpe-skills/datasource.go:850.42,852.52 1 1
github.com/scagogogo/cpe-skills/datasource.go:852.52,860.47 3 1
github.com/scagogogo/cpe-skills/datasource.go:860.47,862.7 1 1
github.com/scagogogo/cpe-skills/datasource.go:865.6,865.132 1 1
github.com/scagogogo/cpe-skills/datasource.go:865.132,867.7 1 1
github.com/scagogogo/cpe-skills/datasource.go:870.6,870.143 1 1
github.com/scagogogo/cpe-skills/datasource.go:870.143,872.7 1 1
github.com/scagogogo/cpe-skills/datasource.go:875.6,875.61 1 1
github.com/scagogogo/cpe-skills/datasource.go:875.61,877.7 1 1
github.com/scagogogo/cpe-skills/datasource.go:878.11,881.6 1 1
github.com/scagogogo/cpe-skills/datasource.go:883.9,886.4 1 1
github.com/scagogogo/cpe-skills/datasource.go:890.2,890.21 1 1
github.com/scagogogo/cpe-skills/datasource.go:890.21,891.36 1 1
github.com/scagogogo/cpe-skills/datasource.go:891.36,893.4 1 1
github.com/scagogogo/cpe-skills/datasource.go:897.2,897.44 1 1
github.com/scagogogo/cpe-skills/datasource.go:897.44,899.3 1 1
github.com/scagogogo/cpe-skills/datasource.go:902.2,902.21 1 1
github.com/scagogogo/cpe-skills/datasource.go:902.21,904.3 1 1
github.com/scagogogo/cpe-skills/datasource.go:906.2,906.24 1 1
github.com/scagogogo/cpe-skills/datasource.go:910.58,914.30 2 1
github.com/scagogogo/cpe-skills/datasource.go:914.30,916.3 1 1
github.com/scagogogo/cpe-skills/datasource.go:918.2,918.30 1 1
github.com/scagogogo/cpe-skills/datasource.go:918.30,920.3 1 1
github.com/scagogogo/cpe-skills/datasource.go:923.2,924.30 2 1
github.com/scagogogo/cpe-skills/datasource.go:924.30,926.3 1 1
github.com/scagogogo/cpe-skills/datasource.go:928.2,928.15 1 1
github.com/scagogogo/cpe-skills/datasource.go:932.57,940.18 2 1
github.com/scagogogo/cpe-skills/datasource.go:940.18,944.3 1 1
github.com/scagogogo/cpe-skills/datasource.go:946.2,946.11 1 1
github.com/scagogogo/cpe-skills/datasource.go:950.59,958.17 2 1
github.com/scagogogo/cpe-skills/datasource.go:958.17,962.3 1 1
github.com/scagogogo/cpe-skills/datasource.go:964.2,964.11 1 1
github.com/scagogogo/cpe-skills/datasource.go:968.47,975.2 1 1
github.com/scagogogo/cpe-skills/datasource.go:978.71,986.2 4 1
github.com/scagogogo/cpe-skills/datasource.go:1040.47,1043.2 1 1
github.com/scagogogo/cpe-skills/datasource.go:1089.58,1092.2 1 1
github.com/scagogogo/cpe-skills/datasource.go:1155.51,1158.2 1 1
github.com/scagogogo/cpe-skills/datasource.go:1186.25,1189.2 1 1
github.com/scagogogo/cpe-skills/dictionary.go:160.59,164.16 4 1
github.com/scagogogo/cpe-skills/dictionary.go:164.16,166.3 1 1
github.com/scagogogo/cpe-skills/dictionary.go:169.2,175.31 2 1
github.com/scagogogo/cpe-skills/dictionary.go:175.31,177.17 2 1
github.com/scagogogo/cpe-skills/dictionary.go:177.17,179.4 1 1
github.com/scagogogo/cpe-skills/dictionary.go:183.2,183.40 1 1
github.com/scagogogo/cpe-skills/dictionary.go:183.40,190.47 2 1
github.com/scagogogo/cpe-skills/dictionary.go:190.47,193.18 2 1
github.com/scagogogo/cpe-skills/dictionary.go:193.18,195.5 1 1
github.com/scagogogo/cpe-skills/dictionary.go:196.9,196.57 1 1
github.com/scagogogo/cpe-skills/dictionary.go:196.57,199.18 2 1
github.com/scagogogo/cpe-skills/dictionary.go:199.18,201.5 1 1
github.com/scagogogo/cpe-skills/dictionary.go:205.3,205.35 1 1
github.com/scagogogo/cpe-skills/dictionary.go:205.35,209.37 2 1
github.com/scagogogo/cpe-skills/dictionary.go:209.37,211.19 2 1
github.com/scagogogo/cpe-skills/dictionary.go:211.19,213.6 1 1
github.com/scagogogo/cpe-skills/dictionary.go:218.3,218.45 1 1
github.com/scagogogo/cpe-skills/dictionary.go:218.45,224.4 2 1
github.com/scagogogo/cpe-skills/dictionary.go:226.3,226.40 1 1
github.com/scagogogo/cpe-skills/dictionary.go:229.2,229.18 1 1
github.com/scagogogo/cpe-skills/dictionary.go:233.63,242.34 2 1
github.com/scagogogo/cpe-skills/dictionary.go:242.34,249.22 2 1
github.com/scagogogo/cpe-skills/dictionary.go:249.22,251.35 2 1
github.com/scagogogo/cpe-skills/dictionary.go:251.35,253.5 1 1
github.com/scagogogo/cpe-skills/dictionary.go:257.3,257.39 1 1
github.com/scagogogo/cpe-skills/dictionary.go:257.39,263.4 2 1
github.com/scagogogo/cpe-skills/dictionary.go:265.3,265.49 1 1
github.com/scagogogo/cpe-skills/dictionary.go:269.2,273.16 4 1
github.com/scagogogo/cpe-skills/dictionary.go:273.16,275.3 1 1
github.com/scagogogo/cpe-skills/dictionary.go:277.2,278.16 2 1
github.com/scagogogo/cpe-skills/dictionary.go:278.16,280.3 1 1
github.com/scagogogo/cpe-skills/dictionary.go:282.2,282.12 1 1
github.com/scagogogo/cpe-skills/dictionary.go:286.62,287.31 1 1
github.com/scagogogo/cpe-skills/dictionary.go:287.31,288.24 1 1
github.com/scagogogo/cpe-skills/dictionary.go:288.24,290.4 1 1
github.com/scagogogo/cpe-skills/dictionary.go:292.2,292.12 1 1
github.com/scagogogo/cpe-skills/dictionary.go:296.94,299.31 2 1
github.com/scagogogo/cpe-skills/dictionary.go:299.31,300.63 1 1
github.com/scagogogo/cpe-skills/dictionary.go:300.63,302.4 1 1
github.com/scagogogo/cpe-skills/dictionary.go:305.2,305.16 1 1
github.com/scagogogo/cpe-skills/dictionary.go:309.48,311.35 1 1
github.com/scagogogo/cpe-skills/dictionary.go:311.35,312.33 1 1
github.com/scagogogo/cpe-skills/dictionary.go:312.33,316.4 2 1
github.com/scagogogo/cpe-skills/dictionary.go:320.2,320.33 1 1
github.com/scagogogo/cpe-skills/dictionary.go:324.54,325.31 1 1
github.com/scagogogo/cpe-skills/dictionary.go:325.31,326.24 1 1
github.com/scagogogo/cpe-skills/dictionary.go:326.24,330.4 2 1
github.com/scagogogo/cpe-skills/dictionary.go:332.2,332.14 1 1
github.com/scagogogo/cpe-skills/dictionary.go:336.50,338.21 2 1
github.com/scagogogo/cpe-skills/dictionary.go:338.21,340.3 1 1
github.com/scagogogo/cpe-skills/dictionary.go:340.8,342.3 1 1
github.com/scagogogo/cpe-skills/dictionary.go:344.2,348.3 1 1
github.com/scagogogo/cpe-skills/errors.go:82.35,83.23 1 1
github.com/scagogogo/cpe-skills/errors.go:83.23,85.3 1 1
github.com/scagogogo/cpe-skills/errors.go:86.2,86.18 1 1
github.com/scagogogo/cpe-skills/errors.go:96.35,98.2 1 1
github.com/scagogogo/cpe-skills/errors.go:117.61,124.2 1 1
github.com/scagogogo/cpe-skills/errors.go:140.56,146.2 1 1
github.com/scagogogo/cpe-skills/errors.go:162.49,167.2 1 1
github.com/scagogogo/cpe-skills/errors.go:184.66,189.2 1 1
github.com/scagogogo/cpe-skills/errors.go:206.46,211.2 1 1
github.com/scagogogo/cpe-skills/errors.go:228.69,234.2 1 1
github.com/scagogogo/cpe-skills/errors.go:252.37,255.2 2 1
github.com/scagogogo/cpe-skills/errors.go:263.43,266.2 2 1
github.com/scagogogo/cpe-skills/errors.go:274.41,277.2 2 1
github.com/scagogogo/cpe-skills/errors.go:285.46,288.2 2 1
github.com/scagogogo/cpe-skills/errors.go:296.38,299.2 2 1
github.com/scagogogo/cpe-skills/errors.go:307.45,310.2 2 1
github.com/scagogogo/cpe-skills/escaping.go:8.34,10.2 1 1
github.com/scagogogo/cpe-skills/escaping.go:13.40,15.2 1 1
github.com/scagogogo/cpe-skills/escaping.go:18.45,19.34 1 1
github.com/scagogogo/cpe-skills/escaping.go:19.34,20.41 1 1
github.com/scagogogo/cpe-skills/escaping.go:20.41,21.36 1 1
github.com/scagogogo/cpe-skills/escaping.go:21.36,23.5 1 1
github.com/scagogogo/cpe-skills/escaping.go:26.2,26.14 1 1
github.com/scagogogo/cpe-skills/escaping.go:65.56,67.46 2 1
github.com/scagogogo/cpe-skills/escaping.go:67.46,69.3 1 1
github.com/scagogogo/cpe-skills/escaping.go:70.2,70.10 1 1
github.com/scagogogo/cpe-skills/escaping.go:75.39,76.42 1 1
github.com/scagogogo/cpe-skills/escaping.go:76.42,78.3 1 1
github.com/scagogogo/cpe-skills/escaping.go:80.2,83.34 3 1
github.com/scagogogo/cpe-skills/escaping.go:83.34,85.12 2 1
github.com/scagogogo/cpe-skills/escaping.go:86.12,87.24 1 1
github.com/scagogogo/cpe-skills/escaping.go:88.12,89.24 1 1
github.com/scagogogo/cpe-skills/escaping.go:90.12,91.24 1 1
github.com/scagogogo/cpe-skills/escaping.go:92.11,94.39 1 1
github.com/scagogogo/cpe-skills/escaping.go:94.39,95.56 1 1
github.com/scagogogo/cpe-skills/escaping.go:95.56,97.6 1 1
github.com/scagogogo/cpe-skills/escaping.go:97.11,99.6 1 1
github.com/scagogogo/cpe-skills/escaping.go:100.10,102.5 1 1
github.com/scagogogo/cpe-skills/escaping.go:106.2,106.19 1 1
github.com/scagogogo/cpe-skills/escaping.go:110.42,111.42 1 1
github.com/scagogogo/cpe-skills/escaping.go:111.42,113.3 1 1
github.com/scagogogo/cpe-skills/escaping.go:115.2,119.21 4 1
github.com/scagogogo/cpe-skills/escaping.go:119.21,120.43 1 1
github.com/scagogogo/cpe-skills/escaping.go:120.43,124.4 2 1
github.com/scagogogo/cpe-skills/escaping.go:124.9,124.49 1 1
github.com/scagogogo/cpe-skills/escaping.go:124.49,127.52 2 1
github.com/scagogogo/cpe-skills/escaping.go:127.52,129.5 1 1
github.com/scagogogo/cpe-skills/escaping.go:129.10,131.5 1 1
github.com/scagogogo/cpe-skills/escaping.go:132.4,132.10 1 1
github.com/scagogogo/cpe-skills/escaping.go:133.9,136.4 2 1
github.com/scagogogo/cpe-skills/escaping.go:139.2,139.19 1 1
github.com/scagogogo/cpe-skills/escaping.go:144.40,145.42 1 1
github.com/scagogogo/cpe-skills/escaping.go:145.42,147.3 1 1
github.com/scagogogo/cpe-skills/escaping.go:149.2,152.34 3 1
github.com/scagogogo/cpe-skills/escaping.go:152.34,154.36 2 1
github.com/scagogogo/cpe-skills/escaping.go:154.36,158.58 3 1
github.com/scagogogo/cpe-skills/escaping.go:158.58,160.5 1 1
github.com/scagogogo/cpe-skills/escaping.go:160.10,160.35 1 1
github.com/scagogogo/cpe-skills/escaping.go:160.35,162.5 1 1
github.com/scagogogo/cpe-skills/escaping.go:162.10,164.5 1 1
github.com/scagogogo/cpe-skills/escaping.go:165.4,165.10 1 1
github.com/scagogogo/cpe-skills/escaping.go:166.9,166.31 1 1
github.com/scagogogo/cpe-skills/escaping.go:166.31,168.4 1 1
github.com/scagogogo/cpe-skills/escaping.go:168.9,168.61 1 1
github.com/scagogogo/cpe-skills/escaping.go:168.61,170.4 1 1
github.com/scagogogo/cpe-skills/escaping.go:170.9,172.4 1 1
github.com/scagogogo/cpe-skills/escaping.go:175.2,175.19 1 1
github.com/scagogogo/cpe-skills/escaping.go:179.43,180.42 1 1
github.com/scagogogo/cpe-skills/escaping.go:180.42,182.3 1 1
github.com/scagogogo/cpe-skills/escaping.go:184.2,188.21 4 1
github.com/scagogogo/cpe-skills/escaping.go:188.21,189.42 1 1
github.com/scagogogo/cpe-skills/escaping.go:189.42,191.52 2 1
github.com/scagogogo/cpe-skills/escaping.go:191.52,193.5 1 1
github.com/scagogogo/cpe-skills/escaping.go:193.10,195.5 1 1
github.com/scagogogo/cpe-skills/escaping.go:196.4,196.10 1 1
github.com/scagogogo/cpe-skills/escaping.go:197.9,200.4 2 1
github.com/scagogogo/cpe-skills/escaping.go:203.2,203.19 1 1
github.com/scagogogo/cpe-skills/escaping.go:207.27,210.2 2 1
github.com/scagogogo/cpe-skills/escaping.go:213.100,217.26 3 1
github.com/scagogogo/cpe-skills/escaping.go:217.26,218.31 1 1
github.com/scagogogo/cpe-skills/escaping.go:218.31,220.4 1 1
github.com/scagogogo/cpe-skills/escaping.go:222.2,222.24 1 1
github.com/scagogogo/cpe-skills/escaping.go:222.24,224.3 1 1
github.com/scagogogo/cpe-skills/escaping.go:225.2,229.26 3 1
github.com/scagogogo/cpe-skills/escaping.go:229.26,230.20 1 1
github.com/scagogogo/cpe-skills/escaping.go:230.20,232.4 1 1
github.com/scagogogo/cpe-skills/escaping.go:232.9,234.4 1 1
github.com/scagogogo/cpe-skills/escaping.go:236.2,236.34 1 1
github.com/scagogogo/cpe-skills/escaping.go:240.111,241.18 1 1
github.com/scagogogo/cpe-skills/escaping.go:241.18,243.3 1 1
github.com/scagogogo/cpe-skills/escaping.go:245.2,247.30 2 1
github.com/scagogogo/cpe-skills/escaping.go:247.30,248.23 1 1
github.com/scagogogo/cpe-skills/escaping.go:248.23,250.15 2 1
github.com/scagogogo/cpe-skills/escaping.go:250.15,252.5 1 1
github.com/scagogogo/cpe-skills/escaping.go:253.4,253.12 1 1
github.com/scagogogo/cpe-skills/escaping.go:255.3,255.18 1 1
github.com/scagogogo/cpe-skills/escaping.go:258.2,265.8 7 1
github.com/scagogogo/cpe-skills/escaping.go:269.39,270.27 1 1
github.com/scagogogo/cpe-skills/escaping.go:270.27,272.3 1 1
github.com/scagogogo/cpe-skills/escaping.go:274.2,277.34 3 1
github.com/scagogogo/cpe-skills/escaping.go:277.34,278.22 1 1
github.com/scagogogo/cpe-skills/escaping.go:278.22,280.4 1 1
github.com/scagogogo/cpe-skills/escaping.go:280.9,280.50 1 1
github.com/scagogogo/cpe-skills/escaping.go:280.50,284.4 3 1
github.com/scagogogo/cpe-skills/escaping.go:284.9,286.4 1 1
github.com/scagogogo/cpe-skills/escaping.go:289.2,289.19 1 1
github.com/scagogogo/cpe-skills/escaping.go:293.42,298.21 4 1
github.com/scagogogo/cpe-skills/escaping.go:298.21,299.43 1 1
github.com/scagogogo/cpe-skills/escaping.go:299.43,300.25 1 1
github.com/scagogogo/cpe-skills/escaping.go:300.25,303.5 2 1
github.com/scagogogo/cpe-skills/escaping.go:303.10,306.5 2 1
github.com/scagogogo/cpe-skills/escaping.go:307.9,310.4 2 1
github.com/scagogogo/cpe-skills/escaping.go:313.2,313.19 1 1
github.com/scagogogo/cpe-skills/escaping.go:318.39,320.2 1 1
github.com/scagogogo/cpe-skills/escaping.go:324.41,326.2 1 1
github.com/scagogogo/cpe-skills/escaping.go:329.47,331.2 1 1
github.com/scagogogo/cpe-skills/escaping.go:334.49,336.2 1 1
github.com/scagogogo/cpe-skills/escaping.go:339.44,341.2 1 1
github.com/scagogogo/cpe-skills/escaping.go:344.46,346.2 1 1
github.com/scagogogo/cpe-skills/file_storage.go:60.74,62.51 1 1
github.com/scagogogo/cpe-skills/file_storage.go:62.51,64.3 1 1
github.com/scagogogo/cpe-skills/file_storage.go:67.2,68.30 2 1
github.com/scagogogo/cpe-skills/file_storage.go:68.30,70.49 2 1
github.com/scagogogo/cpe-skills/file_storage.go:70.49,72.4 1 1
github.com/scagogogo/cpe-skills/file_storage.go:75.2,83.14 2 1
github.com/scagogogo/cpe-skills/file_storage.go:83.14,85.3 1 1
github.com/scagogogo/cpe-skills/file_storage.go:87.2,87.16 1 1
github.com/scagogogo/cpe-skills/file_storage.go:91.43,96.17 3 1
github.com/scagogogo/cpe-skills/file_storage.go:96.17,98.3 1 1
github.com/scagogogo/cpe-skills/file_storage.go:101.2,101.68 1 1
github.com/scagogogo/cpe-skills/file_storage.go:105.38,110.17 3 1
github.com/scagogogo/cpe-skills/file_storage.go:110.17,112.3 1 1
github.com/scagogogo/cpe-skills/file_storage.go:114.2,114.12 1 1
github.com/scagogogo/cpe-skills/file_storage.go:118.54,122.2 2 1
github.com/scagogogo/cpe-skills/file_storage.go:125.54,129.2 2 1
github.com/scagogogo/cpe-skills/file_storage.go:132.52,134.2 1 1
github.com/scagogogo/cpe-skills/file_storage.go:137.60,140.2 2 1
github.com/scagogogo/cpe-skills/file_storage.go:143.49,144.16 1 1
github.com/scagogogo/cpe-skills/file_storage.go:144.16,146.3 1 1
github.com/scagogogo/cpe-skills/file_storage.go:148.2,156.59 5 1
github.com/scagogogo/cpe-skills/file_storage.go:156.59,158.3 1 1
github.com/scagogogo/cpe-skills/file_storage.go:161.2,161.17 1 1
github.com/scagogogo/cpe-skills/file_storage.go:161.17,163.3 1 1
github.com/scagogogo/cpe-skills/file_storage.go:166.2,166.69 1 1
github.com/scagogogo/cpe-skills/file_storage.go:200.61,205.17 3 1
github.com/scagogogo/cpe-skills/file_storage.go:205.17,207.17 2 1
github.com/scagogogo/cpe-skills/file_storage.go:207.17,209.4 1 1
github.com/scagogogo/cpe-skills/file_storage.go:213.2,215.16 3 1
github.com/scagogogo/cpe-skills/file_storage.go:215.16,216.25 1 1
github.com/scagogogo/cpe-skills/file_storage.go:216.25,218.4 1 1
github.com/scagogogo/cpe-skills/file_storage.go:219.3,219.61 1 1
github.com/scagogogo/cpe-skills/file_storage.go:223.2,224.51 2 1
github.com/scagogogo/cpe-skills/file_storage.go:224.51,226.3 1 1
github.com/scagogogo/cpe-skills/file_storage.go:229.2,229.17 1 1
github.com/scagogogo/cpe-skills/file_storage.go:229.17,231.3 1 1
github.com/scagogogo/cpe-skills/file_storage.go:233.2,233.18 1 1
github.com/scagogogo/cpe-skills/file_storage.go:237.49,238.16 1 1
github.com/scagogogo/cpe-skills/file_storage.go:238.16,240.3 1 1
github.com/scagogogo/cpe-skills/file_storage.go:243.2,243.40 1 1
github.com/scagogogo/cpe-skills/file_storage.go:243.40,245.3 1 1
github.com/scagogogo/cpe-skills/file_storage.go:248.2,248.16 1 1
github.com/scagogogo/cpe-skills/file_storage.go:248.16,250.3 1 1
github.com/scagogogo/cpe-skills/file_storage.go:252.2,252.12 1 1
github.com/scagogogo/cpe-skills/file_storage.go:256.51,257.16 1 1
github.com/scagogogo/cpe-skills/file_storage.go:257.16,259.3 1 1
github.com/scagogogo/cpe-skills/file_storage.go:262.2,266.16 3 1
github.com/scagogogo/cpe-skills/file_storage.go:266.16,267.25 1 1
github.com/scagogogo/cpe-skills/file_storage.go:267.25,270.4 1 1
github.com/scagogogo/cpe-skills/file_storage.go:271.3,271.13 1 1
github.com/scagogogo/cpe-skills/file_storage.go:275.2,275.28 1 1
github.com/scagogogo/cpe-skills/file_storage.go:324.87,329.21 2 1
github.com/scagogogo/cpe-skills/file_storage.go:329.21,331.3 1 1
github.com/scagogogo/cpe-skills/file_storage.go:334.2,334.48 1 1
github.com/scagogogo/cpe-skills/file_storage.go:338.53,342.51 2 1
github.com/scagogogo/cpe-skills/file_storage.go:342.51,344.3 1 1
github.com/scagogogo/cpe-skills/file_storage.go:347.2,352.29 3 1
github.com/scagogogo/cpe-skills/file_storage.go:352.29,354.17 2 1
github.com/scagogogo/cpe-skills/file_storage.go:354.17,357.12 2 1
github.com/scagogogo/cpe-skills/file_storage.go:359.3,359.27 1 1
github.com/scagogogo/cpe-skills/file_storage.go:362.2,362.18 1 1
github.com/scagogogo/cpe-skills/file_storage.go:366.70,369.16 2 1
github.com/scagogogo/cpe-skills/file_storage.go:369.16,371.3 1 1
github.com/scagogogo/cpe-skills/file_storage.go:374.2,376.16 3 1
github.com/scagogogo/cpe-skills/file_storage.go:376.16,378.3 1 1
github.com/scagogogo/cpe-skills/file_storage.go:380.2,380.18 1 1
github.com/scagogogo/cpe-skills/file_storage.go:384.58,385.16 1 1
github.com/scagogogo/cpe-skills/file_storage.go:385.16,387.3 1 1
github.com/scagogogo/cpe-skills/file_storage.go:390.2,390.21 1 1
github.com/scagogogo/cpe-skills/file_storage.go:390.21,392.3 1 1
github.com/scagogogo/cpe-skills/file_storage.go:394.2,399.50 4 1
github.com/scagogogo/cpe-skills/file_storage.go:399.50,401.3 1 1
github.com/scagogogo/cpe-skills/file_storage.go:404.2,410.59 3 1
github.com/scagogogo/cpe-skills/file_storage.go:410.59,412.3 1 1
github.com/scagogogo/cpe-skills/file_storage.go:415.2,415.17 1 1
github.com/scagogogo/cpe-skills/file_storage.go:415.17,417.3 1 1
github.com/scagogogo/cpe-skills/file_storage.go:420.2,420.69 1 1
github.com/scagogogo/cpe-skills/file_storage.go:424.73,429.17 3 1
github.com/scagogogo/cpe-skills/file_storage.go:429.17,432.39 2 1
github.com/scagogogo/cpe-skills/file_storage.go:432.39,434.4 1 1
github.com/scagogogo/cpe-skills/file_storage.go:438.2,441.53 2 1
github.com/scagogogo/cpe-skills/file_storage.go:441.53,443.3 1 1
github.com/scagogogo/cpe-skills/file_storage.go:446.2,447.16 2 1
github.com/scagogogo/cpe-skills/file_storage.go:447.16,449.3 1 1
github.com/scagogogo/cpe-skills/file_storage.go:452.2,453.51 2 1
github.com/scagogogo/cpe-skills/file_storage.go:453.51,455.3 1 1
github.com/scagogogo/cpe-skills/file_storage.go:458.2,458.17 1 1
github.com/scagogogo/cpe-skills/file_storage.go:458.17,460.3 1 1
github.com/scagogogo/cpe-skills/file_storage.go:462.2,462.18 1 1
github.com/scagogogo/cpe-skills/file_storage.go:466.59,467.16 1 1
github.com/scagogogo/cpe-skills/file_storage.go:467.16,469.3 1 1
github.com/scagogogo/cpe-skills/file_storage.go:472.2,472.21 1 1
github.com/scagogogo/cpe-skills/file_storage.go:472.21,474.3 1 1
github.com/scagogogo/cpe-skills/file_storage.go:476.2,481.53 4 1
github.com/scagogogo/cpe-skills/file_storage.go:481.53,483.3 1 1
github.com/scagogogo/cpe-skills/file_storage.go:486.2,489.59 2 1
github.com/scagogogo/cpe-skills/file_storage.go:489.59,491.3 1 1
github.com/scagogogo/cpe-skills/file_storage.go:494.2,494.17 1 1
github.com/scagogogo/cpe-skills/file_storage.go:494.17,496.3 1 1
github.com/scagogogo/cpe-skills/file_storage.go:499.2,499.69 1 1
github.com/scagogogo/cpe-skills/file_storage.go:503.54,509.53 4 1
github.com/scagogogo/cpe-skills/file_storage.go:509.53,511.3 1 1
github.com/scagogogo/cpe-skills/file_storage.go:514.2,514.44 1 1
github.com/scagogogo/cpe-skills/file_storage.go:514.44,516.3 1 1
github.com/scagogogo/cpe-skills/file_storage.go:519.2,519.17 1 1
github.com/scagogogo/cpe-skills/file_storage.go:519.17,521.3 1 1
github.com/scagogogo/cpe-skills/file_storage.go:524.2,524.69 1 1
github.com/scagogogo/cpe-skills/file_storage.go:528.97,531.16 2 1
github.com/scagogogo/cpe-skills/file_storage.go:531.16,533.3 1 1
github.com/scagogogo/cpe-skills/file_storage.go:536.2,537.30 2 1
github.com/scagogogo/cpe-skills/file_storage.go:537.30,539.3 1 1
github.com/scagogogo/cpe-skills/file_storage.go:541.2,541.46 1 1
github.com/scagogogo/cpe-skills/file_storage.go:545.63,550.17 3 1
github.com/scagogogo/cpe-skills/file_storage.go:550.17,552.3 1 1
github.com/scagogogo/cpe-skills/file_storage.go:555.2,557.16 3 1
github.com/scagogogo/cpe-skills/file_storage.go:557.16,559.3 1 1
github.com/scagogogo/cpe-skills/file_storage.go:561.2,564.29 2 1
github.com/scagogogo/cpe-skills/file_storage.go:564.29,565.47 1 1
github.com/scagogogo/cpe-skills/file_storage.go:565.47,566.12 1 1
github.com/scagogogo/cpe-skills/file_storage.go:569.3,571.17 3 1
github.com/scagogogo/cpe-skills/file_storage.go:571.17,572.12 1 1
github.com/scagogogo/cpe-skills/file_storage.go:575.3,576.52 2 1
github.com/scagogogo/cpe-skills/file_storage.go:576.52,577.12 1 1
github.com/scagogogo/cpe-skills/file_storage.go:580.3,580.28 1 1
github.com/scagogogo/cpe-skills/file_storage.go:583.2,583.18 1 1
github.com/scagogogo/cpe-skills/file_storage.go:587.73,592.16 3 1
github.com/scagogogo/cpe-skills/file_storage.go:592.16,594.3 1 1
github.com/scagogogo/cpe-skills/file_storage.go:597.2,598.28 2 1
github.com/scagogogo/cpe-skills/file_storage.go:598.28,600.3 1 1
github.com/scagogogo/cpe-skills/file_storage.go:601.2,601.28 1 1
github.com/scagogogo/cpe-skills/file_storage.go:601.28,603.3 1 1
github.com/scagogogo/cpe-skills/file_storage.go:605.2,605.39 1 1
github.com/scagogogo/cpe-skills/file_storage.go:609.68,614.16 3 1
github.com/scagogogo/cpe-skills/file_storage.go:614.16,616.3 1 1
github.com/scagogogo/cpe-skills/file_storage.go:619.2,620.28 2 1
github.com/scagogogo/cpe-skills/file_storage.go:620.28,622.3 1 1
github.com/scagogogo/cpe-skills/file_storage.go:623.2,623.28 1 1
github.com/scagogogo/cpe-skills/file_storage.go:623.28,625.3 1 1
github.com/scagogogo/cpe-skills/file_storage.go:627.2,627.41 1 1
github.com/scagogogo/cpe-skills/file_storage.go:681.67,682.17 1 1
github.com/scagogogo/cpe-skills/file_storage.go:682.17,684.3 1 1
github.com/scagogogo/cpe-skills/file_storage.go:686.2,694.59 5 1
github.com/scagogogo/cpe-skills/file_storage.go:694.59,696.3 1 1
github.com/scagogogo/cpe-skills/file_storage.go:699.2,699.17 1 1
github.com/scagogogo/cpe-skills/file_storage.go:699.17,701.3 1 1
github.com/scagogogo/cpe-skills/file_storage.go:704.2,704.76 1 1
github.com/scagogogo/cpe-skills/file_storage.go:708.69,713.17 3 1
github.com/scagogogo/cpe-skills/file_storage.go:713.17,715.17 2 1
github.com/scagogogo/cpe-skills/file_storage.go:715.17,717.4 1 1
github.com/scagogogo/cpe-skills/file_storage.go:721.2,723.16 3 1
github.com/scagogogo/cpe-skills/file_storage.go:723.16,724.25 1 1
github.com/scagogogo/cpe-skills/file_storage.go:724.25,726.4 1 1
github.com/scagogogo/cpe-skills/file_storage.go:727.3,727.68 1 1
github.com/scagogogo/cpe-skills/file_storage.go:731.2,732.52 2 1
github.com/scagogogo/cpe-skills/file_storage.go:732.52,734.3 1 1
github.com/scagogogo/cpe-skills/file_storage.go:737.2,737.17 1 1
github.com/scagogogo/cpe-skills/file_storage.go:737.17,739.3 1 1
github.com/scagogogo/cpe-skills/file_storage.go:741.2,741.19 1 1
github.com/scagogogo/cpe-skills/file_storage.go:745.90,760.59 4 1
github.com/scagogogo/cpe-skills/file_storage.go:760.59,762.3 1 1
github.com/scagogogo/cpe-skills/file_storage.go:765.2,765.17 1 1
github.com/scagogogo/cpe-skills/file_storage.go:765.17,767.3 1 1
github.com/scagogogo/cpe-skills/file_storage.go:769.2,769.12 1 1
github.com/scagogogo/cpe-skills/file_storage.go:773.85,778.17 3 1
github.com/scagogogo/cpe-skills/file_storage.go:778.17,780.17 2 1
github.com/scagogogo/cpe-skills/file_storage.go:780.17,782.4 1 1
github.com/scagogogo/cpe-skills/file_storage.go:786.2,788.16 3 1
github.com/scagogogo/cpe-skills/file_storage.go:788.16,789.25 1 1
github.com/scagogogo/cpe-skills/file_storage.go:789.25,791.4 1 1
github.com/scagogogo/cpe-skills/file_storage.go:792.3,792.84 1 1
github.com/scagogogo/cpe-skills/file_storage.go:796.2,800.56 2 1
github.com/scagogogo/cpe-skills/file_storage.go:800.56,802.3 1 1
github.com/scagogogo/cpe-skills/file_storage.go:805.2,805.17 1 1
github.com/scagogogo/cpe-skills/file_storage.go:805.17,807.3 1 1
github.com/scagogogo/cpe-skills/file_storage.go:809.2,809.32 1 1
github.com/scagogogo/cpe-skills/file_storage.go:815.34,817.30 2 1
github.com/scagogogo/cpe-skills/file_storage.go:817.30,819.3 1 1
github.com/scagogogo/cpe-skills/file_storage.go:820.2,820.29 1 1
github.com/scagogogo/cpe-skills/file_storage.go:824.43,828.30 3 1
github.com/scagogogo/cpe-skills/file_storage.go:828.30,830.3 1 1
github.com/scagogogo/cpe-skills/file_storage.go:831.2,831.15 1 1
github.com/scagogogo/cpe-skills/file_storage.go:835.35,837.2 1 1
github.com/scagogogo/cpe-skills/file_storage.go:840.103,842.16 1 1
github.com/scagogogo/cpe-skills/file_storage.go:842.16,846.31 3 1
github.com/scagogogo/cpe-skills/file_storage.go:846.31,847.48 1 1
github.com/scagogogo/cpe-skills/file_storage.go:847.48,850.5 2 1
github.com/scagogogo/cpe-skills/file_storage.go:853.3,853.22 1 1
github.com/scagogogo/cpe-skills/file_storage.go:857.2,863.84 3 1
github.com/scagogogo/cpe-skills/file_storage.go:863.84,864.17 1 1
github.com/scagogogo/cpe-skills/file_storage.go:864.17,866.4 1 1
github.com/scagogogo/cpe-skills/file_storage.go:869.3,869.73 1 1
github.com/scagogogo/cpe-skills/file_storage.go:869.73,872.18 2 1
github.com/scagogogo/cpe-skills/file_storage.go:872.18,875.5 2 1
github.com/scagogogo/cpe-skills/file_storage.go:878.4,878.48 1 1
github.com/scagogogo/cpe-skills/file_storage.go:878.48,880.5 1 1
github.com/scagogogo/cpe-skills/file_storage.go:883.3,883.13 1 1
github.com/scagogogo/cpe-skills/file_storage.go:886.2,886.16 1 1
github.com/scagogogo/cpe-skills/file_storage.go:886.16,888.3 1 1
github.com/scagogogo/cpe-skills/file_storage.go:890.2,890.21 1 1
github.com/scagogogo/cpe-skills/generator.go:10.62,17.2 6 1
github.com/scagogogo/cpe-skills/generator.go:21.76,22.21 1 1
github.com/scagogogo/cpe-skills/generator.go:22.21,24.3 1 1
github.com/scagogogo/cpe-skills/generator.go:26.2,28.37 2 1
github.com/scagogogo/cpe-skills/generator.go:28.37,30.3 1 1
github.com/scagogogo/cpe-skills/generator.go:32.2,32.20 1 1
github.com/scagogogo/cpe-skills/generator.go:37.34,38.16 1 1
github.com/scagogogo/cpe-skills/generator.go:38.16,40.3 1 1
github.com/scagogogo/cpe-skills/generator.go:42.2,42.30 1 1
github.com/scagogogo/cpe-skills/generator.go:42.30,44.3 1 1
github.com/scagogogo/cpe-skills/generator.go:45.2,45.22 1 1
github.com/scagogogo/cpe-skills/generator.go:45.22,47.3 1 1
github.com/scagogogo/cpe-skills/generator.go:48.2,48.27 1 1
github.com/scagogogo/cpe-skills/generator.go:48.27,50.3 1 1
github.com/scagogogo/cpe-skills/generator.go:51.2,51.23 1 1
github.com/scagogogo/cpe-skills/generator.go:51.23,53.3 1 1
github.com/scagogogo/cpe-skills/generator.go:54.2,54.22 1 1
github.com/scagogogo/cpe-skills/generator.go:54.22,56.3 1 1
github.com/scagogogo/cpe-skills/generator.go:57.2,57.23 1 1
github.com/scagogogo/cpe-skills/generator.go:57.23,59.3 1 1
github.com/scagogogo/cpe-skills/generator.go:60.2,60.24 1 1
github.com/scagogogo/cpe-skills/generator.go:60.24,62.3 1 1
github.com/scagogogo/cpe-skills/generator.go:63.2,63.31 1 1
github.com/scagogogo/cpe-skills/generator.go:63.31,65.3 1 1
github.com/scagogogo/cpe-skills/generator.go:66.2,66.30 1 1
github.com/scagogogo/cpe-skills/generator.go:66.30,68.3 1 1
github.com/scagogogo/cpe-skills/generator.go:69.2,69.30 1 1
github.com/scagogogo/cpe-skills/generator.go:69.30,71.3 1 1
github.com/scagogogo/cpe-skills/generator.go:72.2,72.21 1 1
github.com/scagogogo/cpe-skills/generator.go:72.21,74.3 1 1
github.com/scagogogo/cpe-skills/generator.go:77.2,77.21 1 1
github.com/scagogogo/cpe-skills/generator.go:77.21,79.3 1 1
github.com/scagogogo/cpe-skills/generator.go:81.2,81.12 1 1
github.com/scagogogo/cpe-skills/generator.go:86.46,87.20 1 1
github.com/scagogogo/cpe-skills/generator.go:87.20,89.3 1 1
github.com/scagogogo/cpe-skills/generator.go:90.2,90.22 1 1
github.com/scagogogo/cpe-skills/generator.go:90.22,92.3 1 1
github.com/scagogogo/cpe-skills/generator.go:94.2,97.34 2 1
github.com/scagogogo/cpe-skills/generator.go:97.34,99.3 1 1
github.com/scagogogo/cpe-skills/generator.go:99.8,101.3 1 1
github.com/scagogogo/cpe-skills/generator.go:104.2,104.26 1 1
github.com/scagogogo/cpe-skills/generator.go:104.26,106.3 1 1
github.com/scagogogo/cpe-skills/generator.go:106.8,108.3 1 1
github.com/scagogogo/cpe-skills/generator.go:110.2,110.31 1 1
github.com/scagogogo/cpe-skills/generator.go:110.31,112.3 1 1
github.com/scagogogo/cpe-skills/generator.go:112.8,114.3 1 1
github.com/scagogogo/cpe-skills/generator.go:116.2,116.27 1 1
github.com/scagogogo/cpe-skills/generator.go:116.27,118.3 1 1
github.com/scagogogo/cpe-skills/generator.go:118.8,120.3 1 1
github.com/scagogogo/cpe-skills/generator.go:122.2,122.26 1 1
github.com/scagogogo/cpe-skills/generator.go:122.26,124.3 1 1
github.com/scagogogo/cpe-skills/generator.go:124.8,126.3 1 1
github.com/scagogogo/cpe-skills/generator.go:128.2,128.27 1 1
github.com/scagogogo/cpe-skills/generator.go:128.27,130.3 1 1
[...]
github.com/scagogogo/cpe-skills/search.go:191.84,193.3 1 1
github.com/scagogogo/cpe-skills/search.go:196.2,196.69 1 1
github.com/scagogogo/cpe-skills/search.go:196.69,197.23 1 1
github.com/scagogogo/cpe-skills/search.go:197.23,199.16 2 1
github.com/scagogogo/cpe-skills/search.go:199.16,201.5 1 1
github.com/scagogogo/cpe-skills/search.go:202.9,202.59 1 1
github.com/scagogogo/cpe-skills/search.go:202.59,204.4 1 1
github.com/scagogogo/cpe-skills/search.go:208.2,208.79 1 1
github.com/scagogogo/cpe-skills/search.go:208.79,209.23 1 1
github.com/scagogogo/cpe-skills/search.go:209.23,211.16 2 1
github.com/scagogogo/cpe-skills/search.go:211.16,213.5 1 1
github.com/scagogogo/cpe-skills/search.go:214.9,214.69 1 1
github.com/scagogogo/cpe-skills/search.go:214.69,216.4 1 1
github.com/scagogogo/cpe-skills/search.go:220.2,220.97 1 1
github.com/scagogogo/cpe-skills/search.go:220.97,221.27 1 1
github.com/scagogogo/cpe-skills/search.go:221.27,223.32 1 1
github.com/scagogogo/cpe-skills/search.go:223.32,226.45 3 1
github.com/scagogogo/cpe-skills/search.go:226.45,228.6 1 1
github.com/scagogogo/cpe-skills/search.go:231.4,231.32 1 1
github.com/scagogogo/cpe-skills/search.go:231.32,234.45 3 1
github.com/scagogogo/cpe-skills/search.go:234.45,236.6 1 1
github.com/scagogogo/cpe-skills/search.go:238.9,238.38 1 1
github.com/scagogogo/cpe-skills/search.go:238.38,240.73 1 1
github.com/scagogogo/cpe-skills/search.go:240.73,242.5 1 1
github.com/scagogogo/cpe-skills/search.go:243.9,243.61 1 1
github.com/scagogogo/cpe-skills/search.go:243.61,246.4 1 1
github.com/scagogogo/cpe-skills/search.go:250.2,250.69 1 1
github.com/scagogogo/cpe-skills/search.go:250.69,251.23 1 1
github.com/scagogogo/cpe-skills/search.go:251.23,253.16 2 1
github.com/scagogogo/cpe-skills/search.go:253.16,255.5 1 1
github.com/scagogogo/cpe-skills/search.go:256.9,256.59 1 1
github.com/scagogogo/cpe-skills/search.go:256.59,258.4 1 1
github.com/scagogogo/cpe-skills/search.go:261.2,261.13 1 1
github.com/scagogogo/cpe-skills/search.go:301.60,304.27 2 1
github.com/scagogogo/cpe-skills/search.go:304.27,305.28 1 1
github.com/scagogogo/cpe-skills/search.go:305.28,306.22 1 1
github.com/scagogogo/cpe-skills/search.go:306.22,308.10 2 1
github.com/scagogogo/cpe-skills/search.go:313.2,313.16 1 1
github.com/scagogogo/cpe-skills/set.go:43.57,49.2 1 1
github.com/scagogogo/cpe-skills/set.go:70.32,72.38 1 1
github.com/scagogogo/cpe-skills/set.go:72.38,74.3 1 1
github.com/scagogogo/cpe-skills/set.go:76.2,77.19 2 1
github.com/scagogogo/cpe-skills/set.go:97.40,98.38 1 1
github.com/scagogogo/cpe-skills/set.go:98.38,100.3 1 1
github.com/scagogogo/cpe-skills/set.go:102.2,104.13 3 1
github.com/scagogogo/cpe-skills/set.go:104.13,106.3 1 1
github.com/scagogogo/cpe-skills/set.go:109.2,110.13 2 1
github.com/scagogogo/cpe-skills/set.go:127.42,128.38 1 1
github.com/scagogogo/cpe-skills/set.go:128.38,130.3 1 1
github.com/scagogogo/cpe-skills/set.go:132.2,133.15 2 1
github.com/scagogogo/cpe-skills/set.go:141.29,143.2 1 1
github.com/scagogogo/cpe-skills/set.go:155.26,157.2 1 1
github.com/scagogogo/cpe-skills/set.go:178.47,185.30 2 1
github.com/scagogogo/cpe-skills/set.go:185.30,187.3 1 1
github.com/scagogogo/cpe-skills/set.go:190.2,190.34 1 1
github.com/scagogogo/cpe-skills/set.go:190.34,192.3 1 1
github.com/scagogogo/cpe-skills/set.go:194.2,194.15 1 1
github.com/scagogogo/cpe-skills/set.go:215.54,223.29 3 1
github.com/scagogogo/cpe-skills/set.go:223.29,225.3 1 1
github.com/scagogogo/cpe-skills/set.go:225.8,227.3 1 1
github.com/scagogogo/cpe-skills/set.go:230.2,230.40 1 1
github.com/scagogogo/cpe-skills/set.go:230.40,231.47 1 1
github.com/scagogogo/cpe-skills/set.go:231.47,233.4 1 1
github.com/scagogogo/cpe-skills/set.go:236.2,236.15 1 1
github.com/scagogogo/cpe-skills/set.go:257.52,264.31 2 1
github.com/scagogogo/cpe-skills/set.go:264.31,265.44 1 1
github.com/scagogogo/cpe-skills/set.go:265.44,267.4 1 1
github.com/scagogogo/cpe-skills/set.go:270.2,270.15 1 1
github.com/scagogogo/cpe-skills/set.go:296.71,297.20 1 1
github.com/scagogogo/cpe-skills/set.go:297.20,299.3 1 1
github.com/scagogogo/cpe-skills/set.go:301.2,307.30 2 1
github.com/scagogogo/cpe-skills/set.go:307.30,308.39 1 1
github.com/scagogogo/cpe-skills/set.go:308.39,310.4 1 1
github.com/scagogogo/cpe-skills/set.go:313.2,313.15 1 1
github.com/scagogogo/cpe-skills/set.go:341.87,342.20 1 1
github.com/scagogogo/cpe-skills/set.go:342.20,344.3 1 1
github.com/scagogogo/cpe-skills/set.go:346.2,352.30 2 1
github.com/scagogogo/cpe-skills/set.go:352.30,353.47 1 1
github.com/scagogogo/cpe-skills/set.go:353.47,355.4 1 1
github.com/scagogogo/cpe-skills/set.go:358.2,358.15 1 1
github.com/scagogogo/cpe-skills/set.go:368.35,370.30 2 1
github.com/scagogogo/cpe-skills/set.go:370.30,372.3 1 1
github.com/scagogogo/cpe-skills/set.go:373.2,373.15 1 1
github.com/scagogogo/cpe-skills/set.go:394.61,405.2 4 1
github.com/scagogogo/cpe-skills/set.go:423.45,424.30 1 1
github.com/scagogogo/cpe-skills/set.go:424.30,426.3 1 1
github.com/scagogogo/cpe-skills/set.go:429.2,429.26 1 1
github.com/scagogogo/cpe-skills/set.go:429.26,430.44 1 1
github.com/scagogogo/cpe-skills/set.go:430.44,432.4 1 1
github.com/scagogogo/cpe-skills/set.go:435.2,435.13 1 1
github.com/scagogogo/cpe-skills/set.go:454.49,456.29 1 1
github.com/scagogogo/cpe-skills/set.go:456.29,458.3 1 1
github.com/scagogogo/cpe-skills/set.go:461.2,461.26 1 1
github.com/scagogogo/cpe-skills/set.go:461.26,462.44 1 1
github.com/scagogogo/cpe-skills/set.go:462.44,464.4 1 1
github.com/scagogogo/cpe-skills/set.go:467.2,467.13 1 1
github.com/scagogogo/cpe-skills/set.go:486.51,488.2 1 1
github.com/scagogogo/cpe-skills/set.go:503.36,514.39 7 1
github.com/scagogogo/cpe-skills/set.go:514.39,516.3 1 1
github.com/scagogogo/cpe-skills/set.go:518.2,518.27 1 1
github.com/scagogogo/cpe-skills/set.go:518.27,520.3 1 1
github.com/scagogogo/cpe-skills/set.go:522.2,522.25 1 1
github.com/scagogogo/cpe-skills/set.go:540.70,543.27 2 1
github.com/scagogogo/cpe-skills/set.go:543.27,545.3 1 1
github.com/scagogogo/cpe-skills/set.go:547.2,547.12 1 1
github.com/scagogogo/cpe-skills/set.go:573.79,574.20 1 1
github.com/scagogogo/cpe-skills/set.go:574.20,576.3 1 1
github.com/scagogogo/cpe-skills/set.go:579.2,582.39 3 1
github.com/scagogogo/cpe-skills/set.go:608.31,610.2 1 1
github.com/scagogogo/cpe-skills/set.go:620.36,622.2 1 1
github.com/scagogogo/cpe-skills/set.go:633.41,636.18 2 1
github.com/scagogogo/cpe-skills/set.go:637.14,638.63 1 1
github.com/scagogogo/cpe-skills/set.go:639.16,640.63 1 1
github.com/scagogogo/cpe-skills/set.go:641.17,642.73 1 1
github.com/scagogogo/cpe-skills/set.go:643.17,647.32 3 1
github.com/scagogogo/cpe-skills/set.go:648.10,650.45 1 1
github.com/scagogogo/cpe-skills/set.go:653.2,653.18 1 1
github.com/scagogogo/cpe-skills/set.go:653.18,655.3 1 1
github.com/scagogogo/cpe-skills/set.go:657.2,657.15 1 1
github.com/scagogogo/cpe-skills/storage.go:342.40,351.2 1 1
github.com/scagogogo/cpe-skills/storage.go:438.57,444.2 1 1
github.com/scagogogo/cpe-skills/storage.go:487.51,490.2 2 1
github.com/scagogogo/cpe-skills/storage.go:548.59,550.40 1 1
github.com/scagogogo/cpe-skills/storage.go:550.40,552.17 2 1
github.com/scagogogo/cpe-skills/storage.go:552.17,554.4 1 1
github.com/scagogogo/cpe-skills/storage.go:558.2,559.16 2 1
github.com/scagogogo/cpe-skills/storage.go:559.16,561.3 1 1
github.com/scagogogo/cpe-skills/storage.go:564.2,564.40 1 1
github.com/scagogogo/cpe-skills/storage.go:564.40,566.3 1 1
github.com/scagogogo/cpe-skills/storage.go:568.2,568.17 1 1
github.com/scagogogo/cpe-skills/storage.go:629.52,632.16 2 1
github.com/scagogogo/cpe-skills/storage.go:632.16,634.3 1 1
github.com/scagogogo/cpe-skills/storage.go:637.2,637.40 1 1
github.com/scagogogo/cpe-skills/storage.go:637.40,639.3 1 1
github.com/scagogogo/cpe-skills/storage.go:641.2,641.12 1 1
github.com/scagogogo/cpe-skills/storage.go:697.71,699.40 1 1
github.com/scagogogo/cpe-skills/storage.go:699.40,701.17 2 1
github.com/scagogogo/cpe-skills/storage.go:701.17,703.4 1 1
github.com/scagogogo/cpe-skills/storage.go:707.2,708.16 2 1
github.com/scagogogo/cpe-skills/storage.go:708.16,710.3 1 1
github.com/scagogogo/cpe-skills/storage.go:713.2,713.40 1 1
github.com/scagogogo/cpe-skills/storage.go:713.40,715.3 1 1
github.com/scagogogo/cpe-skills/storage.go:717.2,717.17 1 1
github.com/scagogogo/cpe-skills/storage.go:780.88,783.2 1 1
github.com/scagogogo/cpe-skills/storage.go:846.104,849.2 1 1
github.com/scagogogo/cpe-skills/storage.go:897.54,898.40 1 1
github.com/scagogogo/cpe-skills/storage.go:898.40,900.3 1 1
github.com/scagogogo/cpe-skills/storage.go:952.46,953.41 1 1
github.com/scagogogo/cpe-skills/storage.go:953.41,955.3 1 1
github.com/scagogogo/cpe-skills/storage.go:958.2,959.16 2 1
github.com/scagogogo/cpe-skills/storage.go:959.16,961.3 1 1
github.com/scagogogo/cpe-skills/storage.go:963.2,963.12 1 1
github.com/scagogogo/cpe-skills/storage.go:1019.61,1027.16 3 1
github.com/scagogogo/cpe-skills/storage.go:1027.16,1029.3 1 1
github.com/scagogogo/cpe-skills/storage.go:1030.2,1034.16 3 1
github.com/scagogogo/cpe-skills/storage.go:1034.16,1036.3 1 1
github.com/scagogogo/cpe-skills/storage.go:1037.2,1041.31 3 1
github.com/scagogogo/cpe-skills/storage.go:1041.31,1043.3 1 1
github.com/scagogogo/cpe-skills/storage.go:1046.2,1047.16 2 1
github.com/scagogogo/cpe-skills/storage.go:1047.16,1049.3 1 1
github.com/scagogogo/cpe-skills/storage.go:1049.8,1051.3 1 1
github.com/scagogogo/cpe-skills/storage.go:1053.2,1053.20 1 1
github.com/scagogogo/cpe-skills/validation.go:92.66,94.17 1 1
github.com/scagogogo/cpe-skills/validation.go:94.17,96.3 1 1
github.com/scagogogo/cpe-skills/validation.go:99.2,99.34 1 1
github.com/scagogogo/cpe-skills/validation.go:99.34,101.3 1 1
github.com/scagogogo/cpe-skills/validation.go:104.2,104.29 1 1
github.com/scagogogo/cpe-skills/validation.go:104.29,105.44 1 1
github.com/scagogogo/cpe-skills/validation.go:105.44,106.27 1 1
github.com/scagogogo/cpe-skills/validation.go:106.27,108.5 1 1
github.com/scagogogo/cpe-skills/validation.go:112.3,112.30 1 1
github.com/scagogogo/cpe-skills/validation.go:112.30,114.4 1 1
github.com/scagogogo/cpe-skills/validation.go:117.2,117.12 1 1
github.com/scagogogo/cpe-skills/validation.go:160.34,161.16 1 1
github.com/scagogogo/cpe-skills/validation.go:161.16,163.3 1 1
github.com/scagogogo/cpe-skills/validation.go:166.2,166.30 1 1
github.com/scagogogo/cpe-skills/validation.go:166.30,168.3 1 1
github.com/scagogogo/cpe-skills/validation.go:171.2,171.118 1 1
github.com/scagogogo/cpe-skills/validation.go:171.118,173.3 1 1
github.com/scagogogo/cpe-skills/validation.go:176.2,176.70 1 1
github.com/scagogogo/cpe-skills/validation.go:176.70,179.3 1 1
github.com/scagogogo/cpe-skills/validation.go:182.2,182.30 1 1
github.com/scagogogo/cpe-skills/validation.go:182.30,184.3 1 1
github.com/scagogogo/cpe-skills/validation.go:187.2,187.35 1 1
github.com/scagogogo/cpe-skills/validation.go:187.35,189.3 1 1
github.com/scagogogo/cpe-skills/validation.go:192.2,192.72 1 1
github.com/scagogogo/cpe-skills/validation.go:192.72,194.3 1 1
github.com/scagogogo/cpe-skills/validation.go:196.2,196.82 1 1
github.com/scagogogo/cpe-skills/validation.go:196.82,198.3 1 1
github.com/scagogogo/cpe-skills/validation.go:200.2,200.74 1 1
github.com/scagogogo/cpe-skills/validation.go:200.74,202.3 1 1
github.com/scagogogo/cpe-skills/validation.go:204.2,204.72 1 1
github.com/scagogogo/cpe-skills/validation.go:204.72,206.3 1 1
github.com/scagogogo/cpe-skills/validation.go:208.2,208.74 1 1
github.com/scagogogo/cpe-skills/validation.go:208.74,210.3 1 1
github.com/scagogogo/cpe-skills/validation.go:212.2,212.76 1 1
github.com/scagogogo/cpe-skills/validation.go:212.76,214.3 1 1
github.com/scagogogo/cpe-skills/validation.go:216.2,216.82 1 1
github.com/scagogogo/cpe-skills/validation.go:216.82,218.3 1 1
github.com/scagogogo/cpe-skills/validation.go:220.2,220.80 1 1
github.com/scagogogo/cpe-skills/validation.go:220.80,222.3 1 1
github.com/scagogogo/cpe-skills/validation.go:224.2,224.80 1 1
github.com/scagogogo/cpe-skills/validation.go:224.80,226.3 1 1
github.com/scagogogo/cpe-skills/validation.go:228.2,228.62 1 1
github.com/scagogogo/cpe-skills/validation.go:228.62,230.3 1 1
github.com/scagogogo/cpe-skills/validation.go:232.2,232.12 1 1
github.com/scagogogo/cpe-skills/validation.go:267.46,269.49 1 1
github.com/scagogogo/cpe-skills/validation.go:269.49,271.3 1 1
github.com/scagogogo/cpe-skills/validation.go:274.2,280.41 3 1
github.com/scagogogo/cpe-skills/validation.go:280.41,282.3 1 1
github.com/scagogogo/cpe-skills/validation.go:284.2,284.19 1 1
github.com/scagogogo/cpe-skills/validation.go:326.34,327.16 1 1
github.com/scagogogo/cpe-skills/validation.go:327.16,329.3 1 1
github.com/scagogogo/cpe-skills/validation.go:332.2,350.89 2 1
github.com/scagogogo/cpe-skills/validation.go:350.89,352.3 1 1
github.com/scagogogo/cpe-skills/validation.go:354.2,354.19 1 1
github.com/scagogogo/cpe-skills/validation.go:395.38,397.60 1 1
github.com/scagogogo/cpe-skills/validation.go:397.60,399.3 1 1
github.com/scagogogo/cpe-skills/validation.go:399.8,399.75 1 1
github.com/scagogogo/cpe-skills/validation.go:399.75,401.3 1 1
github.com/scagogogo/cpe-skills/validation.go:401.8,401.75 1 1
github.com/scagogogo/cpe-skills/validation.go:401.75,403.3 1 1
github.com/scagogogo/cpe-skills/validation.go:407.2,411.48 3 1
github.com/scagogogo/cpe-skills/validation.go:411.48,413.3 1 1
github.com/scagogogo/cpe-skills/validation.go:416.2,416.45 1 1
github.com/scagogogo/cpe-skills/validation.go:416.45,418.3 1 1
github.com/scagogogo/cpe-skills/validation.go:420.2,420.15 1 1
github.com/scagogogo/cpe-skills/validation.go:461.39,463.59 1 1
github.com/scagogogo/cpe-skills/validation.go:463.59,465.3 1 1
github.com/scagogogo/cpe-skills/validation.go:465.8,465.73 1 1
github.com/scagogogo/cpe-skills/validation.go:465.73,467.3 1 1
github.com/scagogogo/cpe-skills/validation.go:467.8,467.69 1 1
github.com/scagogogo/cpe-skills/validation.go:467.69,469.3 1 1
github.com/scagogogo/cpe-skills/validation.go:473.2,474.48 2 1
github.com/scagogogo/cpe-skills/validation.go:474.48,476.3 1 1
github.com/scagogogo/cpe-skills/validation.go:479.2,479.45 1 1
github.com/scagogogo/cpe-skills/validation.go:479.45,481.3 1 1
github.com/scagogogo/cpe-skills/validation.go:484.2,489.15 3 1
github.com/scagogogo/cpe-skills/version_compare.go:12.41,16.2 3 1
github.com/scagogogo/cpe-skills/version_compare.go:20.68,21.22 1 1
github.com/scagogogo/cpe-skills/version_compare.go:21.22,22.47 1 1
github.com/scagogogo/cpe-skills/version_compare.go:22.47,24.4 1 1
github.com/scagogogo/cpe-skills/version_compare.go:26.2,26.22 1 1
github.com/scagogogo/cpe-skills/version_compare.go:26.22,27.47 1 1
github.com/scagogogo/cpe-skills/version_compare.go:27.47,29.4 1 1
github.com/scagogogo/cpe-skills/version_compare.go:31.2,31.13 1 1
github.com/scagogogo/cpe-skills/version_compare.go:36.58,44.38 5 1
github.com/scagogogo/cpe-skills/version_compare.go:44.38,46.3 1 1
github.com/scagogogo/cpe-skills/version_compare.go:49.2,49.39 1 1
github.com/scagogogo/cpe-skills/version_compare.go:49.39,50.36 1 1
github.com/scagogogo/cpe-skills/version_compare.go:50.36,52.4 1 1
github.com/scagogogo/cpe-skills/version_compare.go:56.2,56.38 1 1
github.com/scagogogo/cpe-skills/version_compare.go:56.38,58.3 1 1
github.com/scagogogo/cpe-skills/version_compare.go:61.2,61.38 1 1
github.com/scagogogo/cpe-skills/version_compare.go:76.57,78.13 2 1
github.com/scagogogo/cpe-skills/version_compare.go:78.13,80.3 1 1
github.com/scagogogo/cpe-skills/version_compare.go:83.2,83.31 1 1
github.com/scagogogo/cpe-skills/version_compare.go:83.31,88.3 1 1
github.com/scagogogo/cpe-skills/version_compare.go:91.2,91.30 1 1
github.com/scagogogo/cpe-skills/version_compare.go:91.30,97.3 2 1
github.com/scagogogo/cpe-skills/version_compare.go:100.2,103.8 1 1
github.com/scagogogo/cpe-skills/version_compare.go:107.55,109.2 1 1
github.com/scagogogo/cpe-skills/wfn.go:91.29,105.2 1 1
github.com/scagogogo/cpe-skills/wfn.go:129.28,144.16 2 1
github.com/scagogogo/cpe-skills/wfn.go:145.11,146.30 1 1
github.com/scagogogo/cpe-skills/wfn.go:147.11,148.27 1 1
github.com/scagogogo/cpe-skills/wfn.go:149.11,150.34 1 1
github.com/scagogogo/cpe-skills/wfn.go:151.10,152.30 1 1
github.com/scagogogo/cpe-skills/wfn.go:156.2,158.12 2 1
github.com/scagogogo/cpe-skills/wfn.go:188.50,190.43 1 1
github.com/scagogogo/cpe-skills/wfn.go:190.43,192.3 1 1
github.com/scagogogo/cpe-skills/wfn.go:194.2,195.22 2 1
github.com/scagogogo/cpe-skills/wfn.go:195.22,197.3 1 1
github.com/scagogogo/cpe-skills/wfn.go:199.2,213.17 2 1
github.com/scagogogo/cpe-skills/wfn.go:243.50,247.2 2 1
github.com/scagogogo/cpe-skills/wfn.go:270.38,287.2 2 1
github.com/scagogogo/cpe-skills/wfn.go:315.38,330.69 4 1
github.com/scagogogo/cpe-skills/wfn.go:330.69,344.43 2 1
github.com/scagogogo/cpe-skills/wfn.go:344.43,345.25 1 1
github.com/scagogogo/cpe-skills/wfn.go:345.25,347.10 2 1
github.com/scagogogo/cpe-skills/wfn.go:351.3,351.24 1 1
github.com/scagogogo/cpe-skills/wfn.go:351.24,353.4 1 1
github.com/scagogogo/cpe-skills/wfn.go:356.2,356.15 1 1
github.com/scagogogo/cpe-skills/wfn.go:393.38,395.44 1 1
github.com/scagogogo/cpe-skills/wfn.go:395.44,397.3 1 1
github.com/scagogogo/cpe-skills/wfn.go:400.2,409.42 1 1
github.com/scagogogo/cpe-skills/wfn.go:438.42,440.26 1 1
github.com/scagogogo/cpe-skills/wfn.go:440.26,442.3 1 1
github.com/scagogogo/cpe-skills/wfn.go:445.2,445.26 1 1
github.com/scagogogo/cpe-skills/wfn.go:445.26,447.3 1 1
github.com/scagogogo/cpe-skills/wfn.go:450.2,450.15 1 1
github.com/scagogogo/cpe-skills/wfn.go:454.20,454.37 1 1
github.com/scagogogo/cpe-skills/wfn.go:456.39,457.14 1 1
github.com/scagogogo/cpe-skills/wfn.go:458.16,459.32 1 1
github.com/scagogogo/cpe-skills/wfn.go:460.18,461.34 1 1
github.com/scagogogo/cpe-skills/wfn.go:462.19,463.35 1 1
github.com/scagogogo/cpe-skills/wfn.go:464.19,465.35 1 1
github.com/scagogogo/cpe-skills/wfn.go:466.18,467.34 1 1
github.com/scagogogo/cpe-skills/wfn.go:468.19,469.35 1 1
github.com/scagogogo/cpe-skills/wfn.go:470.20,471.36 1 1
github.com/scagogogo/cpe-skills/wfn.go:472.27,473.43 1 1
github.com/scagogogo/cpe-skills/wfn.go:474.26,475.42 1 1
github.com/scagogogo/cpe-skills/wfn.go:476.26,477.42 1 1
github.com/scagogogo/cpe-skills/wfn.go:478.17,479.33 1 1
github.com/scagogogo/cpe-skills/wfn.go:480.10,481.18 1 1
github.com/scagogogo/cpe-skills/wfn.go:485.46,486.14 1 1
github.com/scagogogo/cpe-skills/wfn.go:487.16,488.17 1 1
github.com/scagogogo/cpe-skills/wfn.go:489.18,490.19 1 1
github.com/scagogogo/cpe-skills/wfn.go:491.19,492.20 1 1
github.com/scagogogo/cpe-skills/wfn.go:493.19,494.20 1 1
github.com/scagogogo/cpe-skills/wfn.go:495.18,496.19 1 1
github.com/scagogogo/cpe-skills/wfn.go:497.19,498.20 1 1
github.com/scagogogo/cpe-skills/wfn.go:499.20,500.21 1 1
github.com/scagogogo/cpe-skills/wfn.go:501.27,502.28 1 1
github.com/scagogogo/cpe-skills/wfn.go:503.26,504.27 1 1
github.com/scagogogo/cpe-skills/wfn.go:505.26,506.27 1 1
github.com/scagogogo/cpe-skills/wfn.go:507.17,508.18 1 1
github.com/scagogogo/cpe-skills/wfn.go:512.34,514.37 2 1
github.com/scagogogo/cpe-skills/wfn.go:514.37,516.24 2 1
github.com/scagogogo/cpe-skills/wfn.go:516.24,518.4 1 1
github.com/scagogogo/cpe-skills/wfn.go:520.2,520.21 1 1
github.com/scagogogo/cpe-skills/wfn.go:520.21,522.3 1 1
github.com/scagogogo/cpe-skills/wfn.go:523.2,523.49 1 1
github.com/scagogogo/cpe-skills/wfn.go:526.39,528.41 2 1
github.com/scagogogo/cpe-skills/wfn.go:528.41,530.3 1 1
github.com/scagogogo/cpe-skills/wfn.go:531.2,532.45 2 1
github.com/scagogogo/cpe-skills/wfn.go:532.45,534.3 1 1
github.com/scagogogo/cpe-skills/wfn.go:535.2,536.47 2 1
github.com/scagogogo/cpe-skills/wfn.go:536.47,538.3 1 1
github.com/scagogogo/cpe-skills/wfn.go:539.2,539.37 1 1
github.com/scagogogo/cpe-skills/wfn.go:539.37,541.74 2 1
github.com/scagogogo/cpe-skills/wfn.go:541.74,543.4 1 1
github.com/scagogogo/cpe-skills/wfn.go:545.2,545.13 1 1
github.com/scagogogo/cpe-skills/wfn.go:548.49,549.17 1 1
github.com/scagogogo/cpe-skills/wfn.go:549.17,551.3 1 1
github.com/scagogogo/cpe-skills/wfn.go:552.2,552.14 1 1
