mode: atomic
github.com/scagogogo/cpe-skills/cmd/cpe/dict.go:36.13,40.2 3 1
github.com/scagogogo/cpe-skills/cmd/cpe/dict.go:42.60,44.16 2 0
github.com/scagogogo/cpe-skills/cmd/cpe/dict.go:44.16,46.3 1 0
github.com/scagogogo/cpe-skills/cmd/cpe/dict.go:47.2,47.15 1 0
github.com/scagogogo/cpe-skills/cmd/cpe/dict.go:47.15,47.32 1 0
github.com/scagogogo/cpe-skills/cmd/cpe/dict.go:49.2,50.16 2 0
github.com/scagogogo/cpe-skills/cmd/cpe/dict.go:50.16,52.3 1 0
github.com/scagogogo/cpe-skills/cmd/cpe/dict.go:54.2,54.28 1 0
github.com/scagogogo/cpe-skills/cmd/cpe/dict.go:54.28,58.3 3 0
github.com/scagogogo/cpe-skills/cmd/cpe/dict.go:60.2,65.34 5 0
github.com/scagogogo/cpe-skills/cmd/cpe/dict.go:65.34,67.23 2 0
github.com/scagogogo/cpe-skills/cmd/cpe/dict.go:67.23,69.4 1 0
github.com/scagogogo/cpe-skills/cmd/cpe/dict.go:70.3,70.22 1 0
github.com/scagogogo/cpe-skills/cmd/cpe/dict.go:70.22,72.4 1 0
github.com/scagogogo/cpe-skills/cmd/cpe/dict.go:74.2,74.12 1 0
github.com/scagogogo/cpe-skills/cmd/cpe/dict.go:77.61,79.16 2 0
github.com/scagogogo/cpe-skills/cmd/cpe/dict.go:79.16,81.3 1 0
github.com/scagogogo/cpe-skills/cmd/cpe/dict.go:82.2,82.15 1 0
github.com/scagogogo/cpe-skills/cmd/cpe/dict.go:82.15,82.32 1 0
github.com/scagogogo/cpe-skills/cmd/cpe/dict.go:84.2,85.16 2 0
github.com/scagogogo/cpe-skills/cmd/cpe/dict.go:85.16,87.3 1 0
github.com/scagogogo/cpe-skills/cmd/cpe/dict.go:89.2,90.16 2 0
github.com/scagogogo/cpe-skills/cmd/cpe/dict.go:90.16,92.3 1 0
github.com/scagogogo/cpe-skills/cmd/cpe/dict.go:94.2,97.29 3 0
github.com/scagogogo/cpe-skills/cmd/cpe/dict.go:97.29,99.23 2 0
github.com/scagogogo/cpe-skills/cmd/cpe/dict.go:99.23,101.4 1 0
github.com/scagogogo/cpe-skills/cmd/cpe/dict.go:102.3,102.41 1 0
github.com/scagogogo/cpe-skills/cmd/cpe/dict.go:104.2,104.12 1 0
github.com/scagogogo/cpe-skills/cmd/cpe/main.go:3.13,5.2 1 0
github.com/scagogogo/cpe-skills/cmd/cpe/match.go:34.13,40.2 5 1
github.com/scagogogo/cpe-skills/cmd/cpe/match.go:42.56,44.16 2 0
github.com/scagogogo/cpe-skills/cmd/cpe/match.go:44.16,46.3 1 0
github.com/scagogogo/cpe-skills/cmd/cpe/match.go:48.2,49.16 2 0
github.com/scagogogo/cpe-skills/cmd/cpe/match.go:49.16,51.3 1 0
github.com/scagogogo/cpe-skills/cmd/cpe/match.go:53.2,64.28 3 0
github.com/scagogogo/cpe-skills/cmd/cpe/match.go:64.28,67.3 2 0
github.com/scagogogo/cpe-skills/cmd/cpe/match.go:67.8,68.13 1 0
github.com/scagogogo/cpe-skills/cmd/cpe/match.go:68.13,70.4 1 0
github.com/scagogogo/cpe-skills/cmd/cpe/match.go:70.9,72.4 1 0
github.com/scagogogo/cpe-skills/cmd/cpe/match.go:75.2,75.12 1 0
github.com/scagogogo/cpe-skills/cmd/cpe/output.go:12.62,13.22 1 2
github.com/scagogogo/cpe-skills/cmd/cpe/output.go:13.22,15.3 1 1
github.com/scagogogo/cpe-skills/cmd/cpe/output.go:16.2,16.28 1 1
github.com/scagogogo/cpe-skills/cmd/cpe/output.go:19.51,29.2 9 1
github.com/scagogogo/cpe-skills/cmd/cpe/output.go:31.51,35.2 3 1
github.com/scagogogo/cpe-skills/cmd/cpe/parse.go:29.13,32.2 2 1
github.com/scagogogo/cpe-skills/cmd/cpe/parse.go:34.56,37.16 3 0
github.com/scagogogo/cpe-skills/cmd/cpe/parse.go:37.16,39.3 1 0
github.com/scagogogo/cpe-skills/cmd/cpe/parse.go:42.2,42.23 1 0
github.com/scagogogo/cpe-skills/cmd/cpe/parse.go:42.23,44.3 1 0
github.com/scagogogo/cpe-skills/cmd/cpe/parse.go:46.2,46.54 1 0
github.com/scagogogo/cpe-skills/cmd/cpe/parse.go:50.53,51.46 1 3
github.com/scagogogo/cpe-skills/cmd/cpe/parse.go:51.46,53.3 1 1
github.com/scagogogo/cpe-skills/cmd/cpe/parse.go:54.2,54.45 1 2
github.com/scagogogo/cpe-skills/cmd/cpe/parse.go:54.45,56.3 1 1
github.com/scagogogo/cpe-skills/cmd/cpe/parse.go:57.2,57.88 1 1
github.com/scagogogo/cpe-skills/cmd/cpe/parse.go:61.56,62.16 1 0
github.com/scagogogo/cpe-skills/cmd/cpe/parse.go:63.13,64.34 1 0
github.com/scagogogo/cpe-skills/cmd/cpe/parse.go:65.13,66.34 1 0
github.com/scagogogo/cpe-skills/cmd/cpe/parse.go:67.13,70.90 2 0
github.com/scagogogo/cpe-skills/cmd/cpe/parse.go:71.10,72.92 1 0
github.com/scagogogo/cpe-skills/cmd/cpe/parse.go:74.2,74.12 1 0
github.com/scagogogo/cpe-skills/cmd/cpe/root.go:28.13,31.2 2 1
github.com/scagogogo/cpe-skills/cmd/cpe/root.go:33.16,34.42 1 0
github.com/scagogogo/cpe-skills/cmd/cpe/root.go:34.42,37.3 2 0
github.com/scagogogo/cpe-skills/cmd/cpe/search.go:33.13,38.2 4 1
github.com/scagogogo/cpe-skills/cmd/cpe/search.go:40.57,42.16 2 0
github.com/scagogogo/cpe-skills/cmd/cpe/search.go:42.16,44.3 1 0
github.com/scagogogo/cpe-skills/cmd/cpe/search.go:47.2,48.27 2 0
github.com/scagogogo/cpe-skills/cmd/cpe/search.go:48.27,50.17 2 0
github.com/scagogogo/cpe-skills/cmd/cpe/search.go:50.17,52.4 1 0
github.com/scagogogo/cpe-skills/cmd/cpe/search.go:53.3,53.16 1 0
github.com/scagogogo/cpe-skills/cmd/cpe/search.go:53.16,53.33 1 0
github.com/scagogogo/cpe-skills/cmd/cpe/search.go:54.3,54.32 1 0
github.com/scagogogo/cpe-skills/cmd/cpe/search.go:55.8,57.3 1 0
github.com/scagogogo/cpe-skills/cmd/cpe/search.go:59.2,60.21 2 0
github.com/scagogogo/cpe-skills/cmd/cpe/search.go:60.21,62.49 2 0
github.com/scagogogo/cpe-skills/cmd/cpe/search.go:62.49,63.12 1 0
github.com/scagogogo/cpe-skills/cmd/cpe/search.go:65.3,66.17 2 0
github.com/scagogogo/cpe-skills/cmd/cpe/search.go:66.17,68.12 2 0
github.com/scagogogo/cpe-skills/cmd/cpe/search.go:71.3,72.21 2 0
github.com/scagogogo/cpe-skills/cmd/cpe/search.go:72.21,76.4 3 0
github.com/scagogogo/cpe-skills/cmd/cpe/search.go:76.9,78.4 1 0
github.com/scagogogo/cpe-skills/cmd/cpe/search.go:80.3,80.14 1 0
github.com/scagogogo/cpe-skills/cmd/cpe/search.go:80.14,82.4 1 0
github.com/scagogogo/cpe-skills/cmd/cpe/search.go:86.2,86.28 1 0
github.com/scagogogo/cpe-skills/cmd/cpe/search.go:86.28,88.29 2 0
github.com/scagogogo/cpe-skills/cmd/cpe/search.go:88.29,89.13 1 0
github.com/scagogogo/cpe-skills/cmd/cpe/search.go:89.13,91.5 1 0
github.com/scagogogo/cpe-skills/cmd/cpe/search.go:92.4,92.34 1 0
github.com/scagogogo/cpe-skills/cmd/cpe/search.go:94.3,94.20 1 0
github.com/scagogogo/cpe-skills/cmd/cpe/search.go:95.8,97.29 2 0
github.com/scagogogo/cpe-skills/cmd/cpe/search.go:97.29,99.4 1 0
github.com/scagogogo/cpe-skills/cmd/cpe/search.go:102.2,102.22 1 0
github.com/scagogogo/cpe-skills/cmd/cpe/version.go:20.47,26.3 5 0
github.com/scagogogo/cpe-skills/cmd/cpe/version.go:29.13,31.2 1 1
github.com/scagogogo/cpe-skills/pkg/parsers/parsers.go:84.57,86.16 2 2
github.com/scagogogo/cpe-skills/pkg/parsers/parsers.go:86.16,88.3 1 0
github.com/scagogogo/cpe-skills/pkg/parsers/parsers.go:90.2,105.29 9 2
github.com/scagogogo/cpe-skills/pkg/parsers/parsers.go:105.29,109.50 2 14
github.com/scagogogo/cpe-skills/pkg/parsers/parsers.go:109.50,110.12 1 5
github.com/scagogogo/cpe-skills/pkg/parsers/parsers.go:114.3,114.55 1 9
github.com/scagogogo/cpe-skills/pkg/parsers/parsers.go:114.55,116.12 2 2
github.com/scagogogo/cpe-skills/pkg/parsers/parsers.go:120.3,120.43 1 7
github.com/scagogogo/cpe-skills/pkg/parsers/parsers.go:120.43,122.12 2 1
github.com/scagogogo/cpe-skills/pkg/parsers/parsers.go:126.3,126.31 1 6
github.com/scagogogo/cpe-skills/pkg/parsers/parsers.go:126.31,128.12 2 1
github.com/scagogogo/cpe-skills/pkg/parsers/parsers.go:132.3,132.56 1 5
github.com/scagogogo/cpe-skills/pkg/parsers/parsers.go:132.56,142.12 5 1
github.com/scagogogo/cpe-skills/pkg/parsers/parsers.go:146.3,146.16 1 4
github.com/scagogogo/cpe-skills/pkg/parsers/parsers.go:146.16,147.65 1 3
github.com/scagogogo/cpe-skills/pkg/parsers/parsers.go:147.65,153.5 1 1
github.com/scagogogo/cpe-skills/pkg/parsers/parsers.go:153.10,153.70 1 2
github.com/scagogogo/cpe-skills/pkg/parsers/parsers.go:153.70,159.5 1 2
github.com/scagogogo/cpe-skills/pkg/parsers/parsers.go:163.2,163.20 1 2
github.com/scagogogo/cpe-skills/pkg/parsers/parsers.go:170.63,172.16 2 2
github.com/scagogogo/cpe-skills/pkg/parsers/parsers.go:172.16,174.3 1 0
github.com/scagogogo/cpe-skills/pkg/parsers/parsers.go:176.2,185.51 2 2
github.com/scagogogo/cpe-skills/pkg/parsers/parsers.go:185.51,187.3 1 0
github.com/scagogogo/cpe-skills/pkg/parsers/parsers.go:189.2,197.84 2 2
github.com/scagogogo/cpe-skills/pkg/parsers/parsers.go:197.84,198.35 1 8
github.com/scagogogo/cpe-skills/pkg/parsers/parsers.go:198.35,206.4 1 3
github.com/scagogogo/cpe-skills/pkg/parsers/parsers.go:209.2,214.20 5 2
github.com/scagogogo/cpe-skills/pkg/parsers/parsers.go:220.67,222.16 2 1
github.com/scagogogo/cpe-skills/pkg/parsers/parsers.go:222.16,224.3 1 0
github.com/scagogogo/cpe-skills/pkg/parsers/parsers.go:226.2,245.52 2 1
github.com/scagogogo/cpe-skills/pkg/parsers/parsers.go:245.52,247.3 1 0
github.com/scagogogo/cpe-skills/pkg/parsers/parsers.go:249.2,258.28 2 1
github.com/scagogogo/cpe-skills/pkg/parsers/parsers.go:258.28,259.41 1 1
github.com/scagogogo/cpe-skills/pkg/parsers/parsers.go:259.41,261.18 1 3
github.com/scagogogo/cpe-skills/pkg/parsers/parsers.go:261.18,262.13 1 1
github.com/scagogogo/cpe-skills/pkg/parsers/parsers.go:265.4,273.6 2 2
github.com/scagogogo/cpe-skills/pkg/parsers/parsers.go:275.3,275.21 1 1
github.com/scagogogo/cpe-skills/pkg/parsers/parsers.go:279.2,279.44 1 0
github.com/scagogogo/cpe-skills/pkg/parsers/parsers.go:279.44,288.3 1 0
github.com/scagogogo/cpe-skills/pkg/parsers/parsers.go:290.2,290.20 1 0
github.com/scagogogo/cpe-skills/pkg/parsers/parsers.go:296.67,298.16 2 2
github.com/scagogogo/cpe-skills/pkg/parsers/parsers.go:298.16,300.3 1 0
github.com/scagogogo/cpe-skills/pkg/parsers/parsers.go:302.2,314.29 5 2
github.com/scagogogo/cpe-skills/pkg/parsers/parsers.go:314.29,318.81 2 9
github.com/scagogogo/cpe-skills/pkg/parsers/parsers.go:318.81,319.12 1 5
github.com/scagogogo/cpe-skills/pkg/parsers/parsers.go:323.3,323.37 1 4
github.com/scagogogo/cpe-skills/pkg/parsers/parsers.go:323.37,324.12 1 0
github.com/scagogogo/cpe-skills/pkg/parsers/parsers.go:327.3,327.52 1 4
github.com/scagogogo/cpe-skills/pkg/parsers/parsers.go:327.52,336.4 3 3
github.com/scagogogo/cpe-skills/pkg/parsers/parsers.go:339.2,339.20 1 2
github.com/scagogogo/cpe-skills/pkg/parsers/parsers.go:346.58,348.16 2 2
github.com/scagogogo/cpe-skills/pkg/parsers/parsers.go:348.16,350.3 1 0
github.com/scagogogo/cpe-skills/pkg/parsers/parsers.go:352.2,368.54 4 2
github.com/scagogogo/cpe-skills/pkg/parsers/parsers.go:368.54,370.3 1 0
github.com/scagogogo/cpe-skills/pkg/parsers/parsers.go:372.2,380.43 2 2
github.com/scagogogo/cpe-skills/pkg/parsers/parsers.go:380.43,382.18 2 2
github.com/scagogogo/cpe-skills/pkg/parsers/parsers.go:382.18,384.4 1 1
github.com/scagogogo/cpe-skills/pkg/parsers/parsers.go:386.3,392.5 1 2
github.com/scagogogo/cpe-skills/pkg/parsers/parsers.go:395.2,395.20 1 2
github.com/scagogogo/cpe-skills/pkg/parsers/parsers.go:401.61,403.16 2 2
github.com/scagogogo/cpe-skills/pkg/parsers/parsers.go:403.16,405.3 1 0
github.com/scagogogo/cpe-skills/pkg/parsers/parsers.go:407.2,425.29 11 2
github.com/scagogogo/cpe-skills/pkg/parsers/parsers.go:425.29,428.55 2 12
github.com/scagogogo/cpe-skills/pkg/parsers/parsers.go:428.55,429.12 1 3
github.com/scagogogo/cpe-skills/pkg/parsers/parsers.go:433.3,433.78 1 9
github.com/scagogogo/cpe-skills/pkg/parsers/parsers.go:433.78,435.12 2 1
github.com/scagogogo/cpe-skills/pkg/parsers/parsers.go:439.3,439.81 1 8
github.com/scagogogo/cpe-skills/pkg/parsers/parsers.go:439.81,441.12 2 1
github.com/scagogogo/cpe-skills/pkg/parsers/parsers.go:445.3,445.51 1 7
github.com/scagogogo/cpe-skills/pkg/parsers/parsers.go:445.51,449.12 4 1
github.com/scagogogo/cpe-skills/pkg/parsers/parsers.go:451.3,451.55 1 6
github.com/scagogogo/cpe-skills/pkg/parsers/parsers.go:451.55,455.12 4 1
github.com/scagogogo/cpe-skills/pkg/parsers/parsers.go:457.3,457.57 1 5
github.com/scagogogo/cpe-skills/pkg/parsers/parsers.go:457.57,461.12 4 0
github.com/scagogogo/cpe-skills/pkg/parsers/parsers.go:465.3,465.38 1 5
github.com/scagogogo/cpe-skills/pkg/parsers/parsers.go:465.38,469.12 4 2
github.com/scagogogo/cpe-skills/pkg/parsers/parsers.go:473.3,473.41 1 3
github.com/scagogogo/cpe-skills/pkg/parsers/parsers.go:473.41,474.53 1 3
github.com/scagogogo/cpe-skills/pkg/parsers/parsers.go:474.53,481.5 1 3
github.com/scagogogo/cpe-skills/pkg/parsers/parsers.go:481.10,481.65 1 0
github.com/scagogogo/cpe-skills/pkg/parsers/parsers.go:481.65,488.5 1 0
github.com/scagogogo/cpe-skills/pkg/parsers/parsers.go:492.2,492.20 1 2
github.com/scagogogo/cpe-skills/pkg/parsers/parsers.go:498.64,500.16 2 1
github.com/scagogogo/cpe-skills/pkg/parsers/parsers.go:500.16,502.3 1 0
github.com/scagogogo/cpe-skills/pkg/parsers/parsers.go:504.2,511.56 2 1
github.com/scagogogo/cpe-skills/pkg/parsers/parsers.go:511.56,513.3 1 0
github.com/scagogogo/cpe-skills/pkg/parsers/parsers.go:515.2,523.60 2 1
github.com/scagogogo/cpe-skills/pkg/parsers/parsers.go:523.60,524.35 1 2
github.com/scagogogo/cpe-skills/pkg/parsers/parsers.go:524.35,526.91 1 4
github.com/scagogogo/cpe-skills/pkg/parsers/parsers.go:526.91,527.13 1 1
github.com/scagogogo/cpe-skills/pkg/parsers/parsers.go:529.4,534.6 1 3
github.com/scagogogo/cpe-skills/pkg/parsers/parsers.go:538.2,541.20 3 1
github.com/scagogogo/cpe-skills/pkg/parsers/parsers.go:556.64,558.16 2 1
github.com/scagogogo/cpe-skills/pkg/parsers/parsers.go:558.16,560.3 1 0
github.com/scagogogo/cpe-skills/pkg/parsers/parsers.go:562.2,569.52 2 1
github.com/scagogogo/cpe-skills/pkg/parsers/parsers.go:569.52,571.3 1 0
github.com/scagogogo/cpe-skills/pkg/parsers/parsers.go:573.2,579.62 2 1
github.com/scagogogo/cpe-skills/pkg/parsers/parsers.go:579.62,580.28 1 2
github.com/scagogogo/cpe-skills/pkg/parsers/parsers.go:580.28,588.4 1 2
github.com/scagogogo/cpe-skills/pkg/parsers/parsers.go:591.2,594.20 3 1
github.com/scagogogo/cpe-skills/pkg/parsers/parsers.go:600.59,602.16 2 2
github.com/scagogogo/cpe-skills/pkg/parsers/parsers.go:602.16,604.3 1 0
github.com/scagogogo/cpe-skills/pkg/parsers/parsers.go:606.2,620.29 7 2
github.com/scagogogo/cpe-skills/pkg/parsers/parsers.go:620.29,623.55 2 10
github.com/scagogogo/cpe-skills/pkg/parsers/parsers.go:623.55,624.12 1 3
github.com/scagogogo/cpe-skills/pkg/parsers/parsers.go:628.3,628.106 1 7
github.com/scagogogo/cpe-skills/pkg/parsers/parsers.go:628.106,631.12 3 1
github.com/scagogogo/cpe-skills/pkg/parsers/parsers.go:633.3,633.92 1 6
github.com/scagogogo/cpe-skills/pkg/parsers/parsers.go:633.92,636.12 3 0
github.com/scagogogo/cpe-skills/pkg/parsers/parsers.go:638.3,638.34 1 6
github.com/scagogogo/cpe-skills/pkg/parsers/parsers.go:638.34,641.12 3 1
github.com/scagogogo/cpe-skills/pkg/parsers/parsers.go:644.3,644.52 1 5
github.com/scagogogo/cpe-skills/pkg/parsers/parsers.go:644.52,646.18 2 3
github.com/scagogogo/cpe-skills/pkg/parsers/parsers.go:646.18,648.5 1 3
github.com/scagogogo/cpe-skills/pkg/parsers/parsers.go:649.4,654.6 1 3
github.com/scagogogo/cpe-skills/pkg/parsers/parsers.go:658.2,658.20 1 2
github.com/scagogogo/cpe-skills/pkg/parsers/parsers.go:673.73,677.55 2 7
github.com/scagogogo/cpe-skills/pkg/parsers/parsers.go:677.55,679.3 1 0
github.com/scagogogo/cpe-skills/pkg/parsers/parsers.go:681.2,681.18 1 7
github.com/scagogogo/cpe-skills/pkg/parsers/parsers.go:682.16,683.28 1 1
github.com/scagogogo/cpe-skills/pkg/parsers/parsers.go:684.22,685.34 1 1
github.com/scagogogo/cpe-skills/pkg/parsers/parsers.go:686.27,687.38 1 0
github.com/scagogogo/cpe-skills/pkg/parsers/parsers.go:688.26,689.38 1 1
github.com/scagogogo/cpe-skills/pkg/parsers/parsers.go:690.17,691.29 1 1
github.com/scagogogo/cpe-skills/pkg/parsers/parsers.go:692.20,693.32 1 1
github.com/scagogogo/cpe-skills/pkg/parsers/parsers.go:694.23,695.35 1 0
github.com/scagogogo/cpe-skills/pkg/parsers/parsers.go:696.23,697.35 1 0
github.com/scagogogo/cpe-skills/pkg/parsers/parsers.go:698.17,699.30 1 1
github.com/scagogogo/cpe-skills/pkg/parsers/parsers.go:700.10,701.68 1 1
github.com/scagogogo/cpe-skills/pkg/parsers/parsers.go:708.70,709.19 1 1
github.com/scagogogo/cpe-skills/pkg/parsers/parsers.go:709.19,711.3 1 0
github.com/scagogogo/cpe-skills/pkg/parsers/parsers.go:713.2,714.38 2 1
github.com/scagogogo/cpe-skills/pkg/parsers/parsers.go:714.38,724.3 1 1
github.com/scagogogo/cpe-skills/pkg/parsers/parsers.go:726.2,726.17 1 1
github.com/scagogogo/cpe-skills/pkg/parsers/parsers.go:754.57,757.51 2 2
github.com/scagogogo/cpe-skills/pkg/parsers/parsers.go:757.51,760.58 2 0
github.com/scagogogo/cpe-skills/pkg/parsers/parsers.go:760.58,762.4 1 0
github.com/scagogogo/cpe-skills/pkg/parsers/parsers.go:764.2,764.13 1 2
github.com/scagogogo/cpe-skills/examples/08_storage/main.go:12.13,20.16 3 0
github.com/scagogogo/cpe-skills/examples/08_storage/main.go:20.16,22.3 1 0
github.com/scagogogo/cpe-skills/examples/08_storage/main.go:23.2,32.16 5 0
github.com/scagogogo/cpe-skills/examples/08_storage/main.go:32.16,34.3 1 0
github.com/scagogogo/cpe-skills/examples/08_storage/main.go:36.2,43.16 4 0
github.com/scagogogo/cpe-skills/examples/08_storage/main.go:43.16,45.3 1 0
github.com/scagogogo/cpe-skills/examples/08_storage/main.go:47.2,48.16 2 0
github.com/scagogogo/cpe-skills/examples/08_storage/main.go:48.16,50.3 1 0
github.com/scagogogo/cpe-skills/examples/08_storage/main.go:52.2,53.16 2 0
github.com/scagogogo/cpe-skills/examples/08_storage/main.go:53.16,55.3 1 0
github.com/scagogogo/cpe-skills/examples/08_storage/main.go:58.2,59.16 2 0
github.com/scagogogo/cpe-skills/examples/08_storage/main.go:59.16,61.3 1 0
github.com/scagogogo/cpe-skills/examples/08_storage/main.go:63.2,64.16 2 0
github.com/scagogogo/cpe-skills/examples/08_storage/main.go:64.16,66.3 1 0
github.com/scagogogo/cpe-skills/examples/08_storage/main.go:68.2,69.16 2 0
github.com/scagogogo/cpe-skills/examples/08_storage/main.go:69.16,71.3 1 0
github.com/scagogogo/cpe-skills/examples/08_storage/main.go:73.2,80.16 6 0
github.com/scagogogo/cpe-skills/examples/08_storage/main.go:80.16,82.3 1 0
github.com/scagogogo/cpe-skills/examples/08_storage/main.go:84.2,85.29 2 0
github.com/scagogogo/cpe-skills/examples/08_storage/main.go:85.29,87.3 1 0
github.com/scagogogo/cpe-skills/examples/08_storage/main.go:104.2,108.16 3 0
github.com/scagogogo/cpe-skills/examples/08_storage/main.go:108.16,110.3 1 0
github.com/scagogogo/cpe-skills/examples/08_storage/main.go:112.2,133.16 8 0
github.com/scagogogo/cpe-skills/examples/08_storage/main.go:133.16,135.3 1 0
github.com/scagogogo/cpe-skills/examples/08_storage/main.go:137.2,138.28 2 0
github.com/scagogogo/cpe-skills/examples/08_storage/main.go:138.28,140.3 1 0
github.com/scagogogo/cpe-skills/examples/08_storage/main.go:143.2,148.16 3 0
github.com/scagogogo/cpe-skills/examples/08_storage/main.go:148.16,150.3 1 0
github.com/scagogogo/cpe-skills/examples/08_storage/main.go:152.2,153.34 2 0
github.com/scagogogo/cpe-skills/examples/08_storage/main.go:153.34,155.3 1 0
github.com/scagogogo/cpe-skills/examples/08_storage/main.go:170.2,177.16 4 0
github.com/scagogogo/cpe-skills/examples/08_storage/main.go:177.16,179.3 1 0
github.com/scagogogo/cpe-skills/examples/08_storage/main.go:181.2,185.16 3 0
github.com/scagogogo/cpe-skills/examples/08_storage/main.go:185.16,187.3 1 0
github.com/scagogogo/cpe-skills/examples/08_storage/main.go:189.2,216.16 10 0
github.com/scagogogo/cpe-skills/examples/08_storage/main.go:216.16,218.3 1 0
github.com/scagogogo/cpe-skills/examples/08_storage/main.go:220.2,224.16 3 0
github.com/scagogogo/cpe-skills/examples/08_storage/main.go:224.16,226.3 1 0
github.com/scagogogo/cpe-skills/examples/08_storage/main.go:228.2,229.34 2 0
github.com/scagogogo/cpe-skills/examples/08_storage/main.go:229.34,231.3 1 0
github.com/scagogogo/cpe-skills/examples/08_storage/main.go:234.2,235.16 2 0
github.com/scagogogo/cpe-skills/examples/08_storage/main.go:235.16,237.3 1 0
github.com/scagogogo/cpe-skills/examples/08_storage/main.go:239.2,240.29 2 0
github.com/scagogogo/cpe-skills/examples/08_storage/main.go:240.29,242.3 1 0
github.com/scagogogo/cpe-skills/examples/08_storage/main.go:259.2,264.16 4 0
github.com/scagogogo/cpe-skills/examples/08_storage/main.go:264.16,266.3 1 0
github.com/scagogogo/cpe-skills/examples/08_storage/main.go:268.2,280.34 10 0
github.com/scagogogo/cpe-skills/examples/06_cpe_sets/main.go:18.26,22.2 1 0
github.com/scagogogo/cpe-skills/examples/06_cpe_sets/main.go:25.36,27.27 1 0
github.com/scagogogo/cpe-skills/examples/06_cpe_sets/main.go:27.27,28.33 1 0
github.com/scagogogo/cpe-skills/examples/06_cpe_sets/main.go:28.33,30.4 1 0
github.com/scagogogo/cpe-skills/examples/06_cpe_sets/main.go:32.2,32.30 1 0
github.com/scagogogo/cpe-skills/examples/06_cpe_sets/main.go:36.44,37.27 1 0
github.com/scagogogo/cpe-skills/examples/06_cpe_sets/main.go:37.27,38.33 1 0
github.com/scagogogo/cpe-skills/examples/06_cpe_sets/main.go:38.33,42.4 2 0
github.com/scagogogo/cpe-skills/examples/06_cpe_sets/main.go:44.2,44.14 1 0
github.com/scagogogo/cpe-skills/examples/06_cpe_sets/main.go:48.46,49.27 1 0
github.com/scagogogo/cpe-skills/examples/06_cpe_sets/main.go:49.27,50.33 1 0
github.com/scagogogo/cpe-skills/examples/06_cpe_sets/main.go:50.33,52.4 1 0
github.com/scagogogo/cpe-skills/examples/06_cpe_sets/main.go:54.2,54.14 1 0
github.com/scagogogo/cpe-skills/examples/06_cpe_sets/main.go:58.29,60.2 1 0
github.com/scagogogo/cpe-skills/examples/06_cpe_sets/main.go:63.79,65.27 2 0
github.com/scagogogo/cpe-skills/examples/06_cpe_sets/main.go:65.27,66.41 1 0
github.com/scagogogo/cpe-skills/examples/06_cpe_sets/main.go:66.41,68.4 1 0
github.com/scagogogo/cpe-skills/examples/06_cpe_sets/main.go:70.2,70.15 1 0
github.com/scagogogo/cpe-skills/examples/06_cpe_sets/main.go:74.47,77.27 2 0
github.com/scagogogo/cpe-skills/examples/06_cpe_sets/main.go:77.27,79.3 1 0
github.com/scagogogo/cpe-skills/examples/06_cpe_sets/main.go:81.2,81.31 1 0
github.com/scagogogo/cpe-skills/examples/06_cpe_sets/main.go:81.31,83.3 1 0
github.com/scagogogo/cpe-skills/examples/06_cpe_sets/main.go:84.2,84.15 1 0
github.com/scagogogo/cpe-skills/examples/06_cpe_sets/main.go:88.54,91.27 2 0
github.com/scagogogo/cpe-skills/examples/06_cpe_sets/main.go:91.27,92.24 1 0
github.com/scagogogo/cpe-skills/examples/06_cpe_sets/main.go:92.24,94.4 1 0
github.com/scagogogo/cpe-skills/examples/06_cpe_sets/main.go:96.2,96.15 1 0
github.com/scagogogo/cpe-skills/examples/06_cpe_sets/main.go:100.52,103.27 2 0
github.com/scagogogo/cpe-skills/examples/06_cpe_sets/main.go:103.27,104.25 1 0
github.com/scagogogo/cpe-skills/examples/06_cpe_sets/main.go:104.25,106.4 1 0
github.com/scagogogo/cpe-skills/examples/06_cpe_sets/main.go:108.2,108.15 1 0
github.com/scagogogo/cpe-skills/examples/06_cpe_sets/main.go:112.34,113.22 1 0
github.com/scagogogo/cpe-skills/examples/06_cpe_sets/main.go:113.22,115.3 1 0
github.com/scagogogo/cpe-skills/examples/06_cpe_sets/main.go:118.2,119.27 2 0
github.com/scagogogo/cpe-skills/examples/06_cpe_sets/main.go:119.27,121.3 1 0
github.com/scagogogo/cpe-skills/examples/06_cpe_sets/main.go:122.2,124.60 2 0
github.com/scagogogo/cpe-skills/examples/06_cpe_sets/main.go:127.13,138.16 4 0
github.com/scagogogo/cpe-skills/examples/06_cpe_sets/main.go:138.16,140.3 1 0
github.com/scagogogo/cpe-skills/examples/06_cpe_sets/main.go:142.2,143.16 2 0
github.com/scagogogo/cpe-skills/examples/06_cpe_sets/main.go:143.16,145.3 1 0
github.com/scagogogo/cpe-skills/examples/06_cpe_sets/main.go:147.2,148.16 2 0
github.com/scagogogo/cpe-skills/examples/06_cpe_sets/main.go:148.16,150.3 1 0
github.com/scagogogo/cpe-skills/examples/06_cpe_sets/main.go:152.2,153.16 2 0
github.com/scagogogo/cpe-skills/examples/06_cpe_sets/main.go:153.16,155.3 1 0
github.com/scagogogo/cpe-skills/examples/06_cpe_sets/main.go:157.2,158.16 2 0
github.com/scagogogo/cpe-skills/examples/06_cpe_sets/main.go:158.16,160.3 1 0
github.com/scagogogo/cpe-skills/examples/06_cpe_sets/main.go:163.2,273.86 43 0
github.com/scagogogo/cpe-skills/examples/07_advanced_matching/main.go:12.123,20.27 4 0
github.com/scagogogo/cpe-skills/examples/07_advanced_matching/main.go:20.27,22.3 1 0
github.com/scagogogo/cpe-skills/examples/07_advanced_matching/main.go:24.2,24.32 1 0
github.com/scagogogo/cpe-skills/examples/07_advanced_matching/main.go:24.32,26.3 1 0
github.com/scagogogo/cpe-skills/examples/07_advanced_matching/main.go:28.2,28.28 1 0
github.com/scagogogo/cpe-skills/examples/07_advanced_matching/main.go:28.28,30.3 1 0
github.com/scagogogo/cpe-skills/examples/07_advanced_matching/main.go:32.2,34.20 2 0
github.com/scagogogo/cpe-skills/examples/07_advanced_matching/main.go:34.20,38.28 3 0
github.com/scagogogo/cpe-skills/examples/07_advanced_matching/main.go:38.28,40.4 1 0
github.com/scagogogo/cpe-skills/examples/07_advanced_matching/main.go:42.3,42.23 1 0
github.com/scagogogo/cpe-skills/examples/07_advanced_matching/main.go:42.23,44.4 1 0
github.com/scagogogo/cpe-skills/examples/07_advanced_matching/main.go:46.3,46.27 1 0
github.com/scagogogo/cpe-skills/examples/07_advanced_matching/main.go:46.27,48.4 1 0
github.com/scagogogo/cpe-skills/examples/07_advanced_matching/main.go:50.3,50.27 1 0
github.com/scagogogo/cpe-skills/examples/07_advanced_matching/main.go:50.27,52.4 1 0
github.com/scagogogo/cpe-skills/examples/07_advanced_matching/main.go:52.9,54.4 1 0
github.com/scagogogo/cpe-skills/examples/07_advanced_matching/main.go:57.2,57.45 1 0
github.com/scagogogo/cpe-skills/examples/07_advanced_matching/main.go:60.13,71.16 4 0
github.com/scagogogo/cpe-skills/examples/07_advanced_matching/main.go:71.16,73.3 1 0
github.com/scagogogo/cpe-skills/examples/07_advanced_matching/main.go:76.2,290.16 39 0
github.com/scagogogo/cpe-skills/examples/07_advanced_matching/main.go:290.16,292.3 1 0
github.com/scagogogo/cpe-skills/examples/07_advanced_matching/main.go:295.2,304.94 3 0
github.com/scagogogo/cpe-skills/examples/09_nvd_integration/main.go:13.13,21.16 3 0
github.com/scagogogo/cpe-skills/examples/09_nvd_integration/main.go:21.16,23.3 1 0
github.com/scagogogo/cpe-skills/examples/09_nvd_integration/main.go:24.2,65.16 14 0
github.com/scagogogo/cpe-skills/examples/09_nvd_integration/main.go:65.16,67.3 1 0
github.com/scagogogo/cpe-skills/examples/09_nvd_integration/main.go:69.2,70.16 2 0
github.com/scagogogo/cpe-skills/examples/09_nvd_integration/main.go:70.16,72.3 1 0
github.com/scagogogo/cpe-skills/examples/09_nvd_integration/main.go:75.2,123.40 9 0
github.com/scagogogo/cpe-skills/examples/09_nvd_integration/main.go:123.40,127.31 2 0
github.com/scagogogo/cpe-skills/examples/09_nvd_integration/main.go:127.31,129.40 2 0
github.com/scagogogo/cpe-skills/examples/09_nvd_integration/main.go:129.40,131.5 1 0
github.com/scagogogo/cpe-skills/examples/09_nvd_integration/main.go:148.2,152.16 3 0
github.com/scagogogo/cpe-skills/examples/09_nvd_integration/main.go:152.16,154.3 1 0
github.com/scagogogo/cpe-skills/examples/09_nvd_integration/main.go:157.2,158.16 2 0
github.com/scagogogo/cpe-skills/examples/09_nvd_integration/main.go:158.16,160.3 1 0
github.com/scagogogo/cpe-skills/examples/09_nvd_integration/main.go:163.2,164.16 2 0
github.com/scagogogo/cpe-skills/examples/09_nvd_integration/main.go:164.16,166.3 1 0
github.com/scagogogo/cpe-skills/examples/09_nvd_integration/main.go:169.2,171.16 3 0
github.com/scagogogo/cpe-skills/examples/09_nvd_integration/main.go:171.16,175.17 3 0
github.com/scagogogo/cpe-skills/examples/09_nvd_integration/main.go:175.17,177.4 1 0
github.com/scagogogo/cpe-skills/examples/09_nvd_integration/main.go:180.2,197.16 6 0
github.com/scagogogo/cpe-skills/examples/09_nvd_integration/main.go:197.16,199.3 1 0
github.com/scagogogo/cpe-skills/examples/09_nvd_integration/main.go:201.2,218.16 6 0
github.com/scagogogo/cpe-skills/examples/09_nvd_integration/main.go:218.16,220.3 1 0
github.com/scagogogo/cpe-skills/examples/09_nvd_integration/main.go:223.2,228.43 5 0
github.com/scagogogo/cpe-skills/examples/09_nvd_integration/main.go:228.43,229.50 1 0
github.com/scagogogo/cpe-skills/examples/09_nvd_integration/main.go:229.50,232.4 2 0
github.com/scagogogo/cpe-skills/examples/09_nvd_integration/main.go:235.2,252.16 4 0
github.com/scagogogo/cpe-skills/examples/09_nvd_integration/main.go:252.16,255.3 2 0
github.com/scagogogo/cpe-skills/examples/09_nvd_integration/main.go:258.2,261.30 3 0
github.com/scagogogo/cpe-skills/examples/09_nvd_integration/main.go:261.30,268.3 4 0
github.com/scagogogo/cpe-skills/examples/09_nvd_integration/main.go:268.8,270.3 1 0
github.com/scagogogo/cpe-skills/examples/09_nvd_integration/main.go:272.2,275.17 2 0
github.com/scagogogo/cpe-skills/examples/09_nvd_integration/main.go:275.17,281.17 3 0
github.com/scagogogo/cpe-skills/examples/09_nvd_integration/main.go:281.17,283.4 1 0
github.com/scagogogo/cpe-skills/examples/09_nvd_integration/main.go:285.3,285.85 1 0
github.com/scagogogo/cpe-skills/examples/09_nvd_integration/main.go:286.8,288.3 1 0
github.com/scagogogo/cpe-skills/examples/10_cve_mapping/main.go:12.13,20.16 3 0
github.com/scagogogo/cpe-skills/examples/10_cve_mapping/main.go:20.16,22.3 1 0
github.com/scagogogo/cpe-skills/examples/10_cve_mapping/main.go:23.2,32.16 5 0
github.com/scagogogo/cpe-skills/examples/10_cve_mapping/main.go:32.16,34.3 1 0
github.com/scagogogo/cpe-skills/examples/10_cve_mapping/main.go:36.2,37.16 2 0
github.com/scagogogo/cpe-skills/examples/10_cve_mapping/main.go:37.16,39.3 1 0
github.com/scagogogo/cpe-skills/examples/10_cve_mapping/main.go:42.2,102.16 13 0
github.com/scagogogo/cpe-skills/examples/10_cve_mapping/main.go:102.16,104.3 1 0
github.com/scagogogo/cpe-skills/examples/10_cve_mapping/main.go:107.2,108.16 2 0
github.com/scagogogo/cpe-skills/examples/10_cve_mapping/main.go:108.16,110.3 1 0
github.com/scagogogo/cpe-skills/examples/10_cve_mapping/main.go:112.2,113.16 2 0
github.com/scagogogo/cpe-skills/examples/10_cve_mapping/main.go:113.16,115.3 1 0
github.com/scagogogo/cpe-skills/examples/10_cve_mapping/main.go:118.2,119.16 2 0
github.com/scagogogo/cpe-skills/examples/10_cve_mapping/main.go:119.16,121.3 1 0
github.com/scagogogo/cpe-skills/examples/10_cve_mapping/main.go:123.2,124.16 2 0
github.com/scagogogo/cpe-skills/examples/10_cve_mapping/main.go:124.16,126.3 1 0
github.com/scagogogo/cpe-skills/examples/10_cve_mapping/main.go:128.2,129.16 2 0
github.com/scagogogo/cpe-skills/examples/10_cve_mapping/main.go:129.16,131.3 1 0
github.com/scagogogo/cpe-skills/examples/10_cve_mapping/main.go:133.2,137.16 3 0
github.com/scagogogo/cpe-skills/examples/10_cve_mapping/main.go:137.16,139.3 1 0
github.com/scagogogo/cpe-skills/examples/10_cve_mapping/main.go:141.2,142.29 2 0
github.com/scagogogo/cpe-skills/examples/10_cve_mapping/main.go:142.29,144.3 1 0
github.com/scagogogo/cpe-skills/examples/10_cve_mapping/main.go:160.2,164.16 3 0
github.com/scagogogo/cpe-skills/examples/10_cve_mapping/main.go:164.16,166.3 1 0
github.com/scagogogo/cpe-skills/examples/10_cve_mapping/main.go:168.2,191.16 9 0
github.com/scagogogo/cpe-skills/examples/10_cve_mapping/main.go:191.16,193.3 1 0
github.com/scagogogo/cpe-skills/examples/10_cve_mapping/main.go:195.2,196.34 2 0
github.com/scagogogo/cpe-skills/examples/10_cve_mapping/main.go:196.34,199.3 2 0
github.com/scagogogo/cpe-skills/examples/10_cve_mapping/main.go:212.2,219.30 4 0
github.com/scagogogo/cpe-skills/examples/10_cve_mapping/main.go:219.30,220.27 1 0
github.com/scagogogo/cpe-skills/examples/10_cve_mapping/main.go:220.27,222.4 1 0
github.com/scagogogo/cpe-skills/examples/10_cve_mapping/main.go:225.2,226.39 2 0
github.com/scagogogo/cpe-skills/examples/10_cve_mapping/main.go:226.39,230.3 3 0
github.com/scagogogo/cpe-skills/examples/10_cve_mapping/main.go:245.2,249.16 3 0
github.com/scagogogo/cpe-skills/examples/10_cve_mapping/main.go:249.16,251.3 1 0
github.com/scagogogo/cpe-skills/examples/10_cve_mapping/main.go:253.2,254.29 2 0
github.com/scagogogo/cpe-skills/examples/10_cve_mapping/main.go:254.29,260.3 5 0
github.com/scagogogo/cpe-skills/examples/10_cve_mapping/main.go:279.2,287.16 5 0
github.com/scagogogo/cpe-skills/examples/10_cve_mapping/main.go:287.16,289.3 1 0
github.com/scagogogo/cpe-skills/examples/10_cve_mapping/main.go:292.2,293.16 2 0
github.com/scagogogo/cpe-skills/examples/10_cve_mapping/main.go:293.16,295.3 1 0
github.com/scagogogo/cpe-skills/examples/10_cve_mapping/main.go:297.2,301.68 5 0
github.com/scagogogo/cpe-skills/examples/04_version_comparison/main.go:11.13,115.16 44 0
github.com/scagogogo/cpe-skills/examples/04_version_comparison/main.go:115.16,117.3 1 0
github.com/scagogogo/cpe-skills/examples/04_version_comparison/main.go:119.2,120.16 2 0
github.com/scagogogo/cpe-skills/examples/04_version_comparison/main.go:120.16,122.3 1 0
github.com/scagogogo/cpe-skills/examples/04_version_comparison/main.go:126.2,191.35 18 0
github.com/scagogogo/cpe-skills/examples/04_version_comparison/main.go:191.35,193.3 1 0
github.com/scagogogo/cpe-skills/examples/04_version_comparison/main.go:196.2,198.39 3 0
github.com/scagogogo/cpe-skills/examples/04_version_comparison/main.go:198.39,202.3 2 0
github.com/scagogogo/cpe-skills/examples/01_basic_parsing/main.go:10.13,14.16 3 0
github.com/scagogogo/cpe-skills/examples/01_basic_parsing/main.go:14.16,16.3 1 0
github.com/scagogogo/cpe-skills/examples/01_basic_parsing/main.go:19.2,39.16 9 0
github.com/scagogogo/cpe-skills/examples/01_basic_parsing/main.go:39.16,41.3 1 0
github.com/scagogogo/cpe-skills/examples/01_basic_parsing/main.go:44.2,88.16 15 0
github.com/scagogogo/cpe-skills/examples/01_basic_parsing/main.go:88.16,90.3 1 0
github.com/scagogogo/cpe-skills/examples/01_basic_parsing/main.go:93.2,121.16 12 0
github.com/scagogogo/cpe-skills/examples/01_basic_parsing/main.go:121.16,123.3 1 0
github.com/scagogogo/cpe-skills/examples/01_basic_parsing/main.go:125.2,127.51 3 0
github.com/scagogogo/cpe-skills/examples/02_cpe_matching/main.go:10.13,16.16 3 0
github.com/scagogogo/cpe-skills/examples/02_cpe_matching/main.go:16.16,18.3 1 0
github.com/scagogogo/cpe-skills/examples/02_cpe_matching/main.go:20.2,21.16 2 0
github.com/scagogogo/cpe-skills/examples/02_cpe_matching/main.go:21.16,23.3 1 0
github.com/scagogogo/cpe-skills/examples/02_cpe_matching/main.go:26.2,46.16 8 0
github.com/scagogogo/cpe-skills/examples/02_cpe_matching/main.go:46.16,48.3 1 0
github.com/scagogogo/cpe-skills/examples/02_cpe_matching/main.go:51.2,90.16 14 0
github.com/scagogogo/cpe-skills/examples/02_cpe_matching/main.go:90.16,92.3 1 0
github.com/scagogogo/cpe-skills/examples/02_cpe_matching/main.go:94.2,95.16 2 0
github.com/scagogogo/cpe-skills/examples/02_cpe_matching/main.go:95.16,97.3 1 0
github.com/scagogogo/cpe-skills/examples/02_cpe_matching/main.go:100.2,126.16 8 0
github.com/scagogogo/cpe-skills/examples/02_cpe_matching/main.go:126.16,128.3 1 0
github.com/scagogogo/cpe-skills/examples/02_cpe_matching/main.go:131.2,170.16 12 0
github.com/scagogogo/cpe-skills/examples/02_cpe_matching/main.go:170.16,172.3 1 0
github.com/scagogogo/cpe-skills/examples/02_cpe_matching/main.go:175.2,189.99 5 0
github.com/scagogogo/cpe-skills/examples/05_applicability_language/main.go:10.13,18.16 3 0
github.com/scagogogo/cpe-skills/examples/05_applicability_language/main.go:18.16,20.3 1 0
github.com/scagogogo/cpe-skills/examples/05_applicability_language/main.go:22.2,23.16 2 0
github.com/scagogogo/cpe-skills/examples/05_applicability_language/main.go:23.16,25.3 1 0
github.com/scagogogo/cpe-skills/examples/05_applicability_language/main.go:27.2,28.16 2 0
github.com/scagogogo/cpe-skills/examples/05_applicability_language/main.go:28.16,30.3 1 0
github.com/scagogogo/cpe-skills/examples/05_applicability_language/main.go:32.2,33.16 2 0
github.com/scagogogo/cpe-skills/examples/05_applicability_language/main.go:33.16,35.3 1 0
github.com/scagogogo/cpe-skills/examples/05_applicability_language/main.go:38.2,167.99 32 0
github.com/scagogogo/cpe-skills/examples/05_applicability_language/main.go:167.99,171.26 3 0
github.com/scagogogo/cpe-skills/examples/05_applicability_language/main.go:171.26,172.43 1 0
github.com/scagogogo/cpe-skills/examples/05_applicability_language/main.go:172.43,174.5 1 0
github.com/scagogogo/cpe-skills/examples/05_applicability_language/main.go:175.4,175.43 1 0
github.com/scagogogo/cpe-skills/examples/05_applicability_language/main.go:175.43,177.5 1 0
github.com/scagogogo/cpe-skills/examples/05_applicability_language/main.go:180.3,180.36 1 0
github.com/scagogogo/cpe-skills/examples/05_applicability_language/main.go:184.2,184.98 1 0
github.com/scagogogo/cpe-skills/examples/05_applicability_language/main.go:184.98,185.26 1 0
github.com/scagogogo/cpe-skills/examples/05_applicability_language/main.go:185.26,186.82 1 0
github.com/scagogogo/cpe-skills/examples/05_applicability_language/main.go:186.82,188.5 1 0
github.com/scagogogo/cpe-skills/examples/05_applicability_language/main.go:190.3,190.15 1 0
github.com/scagogogo/cpe-skills/examples/05_applicability_language/main.go:194.2,221.58 7 0
github.com/scagogogo/cpe-skills/examples/03_wfn_conversion/main.go:10.13,19.16 3 0
github.com/scagogogo/cpe-skills/examples/03_wfn_conversion/main.go:19.16,21.3 1 0
github.com/scagogogo/cpe-skills/examples/03_wfn_conversion/main.go:24.2,70.16 17 0
github.com/scagogogo/cpe-skills/examples/03_wfn_conversion/main.go:70.16,72.3 1 0
github.com/scagogogo/cpe-skills/examples/03_wfn_conversion/main.go:75.2,100.16 11 0
github.com/scagogogo/cpe-skills/examples/03_wfn_conversion/main.go:100.16,102.3 1 0
github.com/scagogogo/cpe-skills/examples/03_wfn_conversion/main.go:105.2,148.54 14 0
github.com/scagogogo/cpe-skills/advanced_matching.go:59.54,73.2 1 20
github.com/scagogogo/cpe-skills/advanced_matching.go:76.87,77.38 1 49
github.com/scagogogo/cpe-skills/advanced_matching.go:77.38,79.3 1 4
github.com/scagogogo/cpe-skills/advanced_matching.go:82.2,82.20 1 45
github.com/scagogogo/cpe-skills/advanced_matching.go:82.20,84.3 1 2
github.com/scagogogo/cpe-skills/advanced_matching.go:87.2,87.27 1 45
github.com/scagogogo/cpe-skills/advanced_matching.go:88.15,90.54 1 7
github.com/scagogogo/cpe-skills/advanced_matching.go:91.16,93.48 1 2
github.com/scagogogo/cpe-skills/advanced_matching.go:94.18,96.50 1 2
github.com/scagogogo/cpe-skills/advanced_matching.go:97.18,99.50 1 11
github.com/scagogogo/cpe-skills/advanced_matching.go:100.10,100.10 0 23
github.com/scagogogo/cpe-skills/advanced_matching.go:105.2,105.22 1 23
github.com/scagogogo/cpe-skills/advanced_matching.go:105.22,107.3 1 5
github.com/scagogogo/cpe-skills/advanced_matching.go:110.2,110.26 1 18
github.com/scagogogo/cpe-skills/advanced_matching.go:110.26,112.3 1 2
github.com/scagogogo/cpe-skills/advanced_matching.go:115.2,115.53 1 16
github.com/scagogogo/cpe-skills/advanced_matching.go:119.88,121.90 1 43
github.com/scagogogo/cpe-skills/advanced_matching.go:121.90,123.3 1 1
github.com/scagogogo/cpe-skills/advanced_matching.go:126.2,126.74 1 42
github.com/scagogogo/cpe-skills/advanced_matching.go:126.74,128.3 1 5
github.com/scagogogo/cpe-skills/advanced_matching.go:131.2,131.84 1 37
github.com/scagogogo/cpe-skills/advanced_matching.go:131.84,133.3 1 3
github.com/scagogogo/cpe-skills/advanced_matching.go:136.2,136.43 1 34
github.com/scagogogo/cpe-skills/advanced_matching.go:136.43,138.50 1 25
github.com/scagogogo/cpe-skills/advanced_matching.go:138.50,140.4 1 4
github.com/scagogogo/cpe-skills/advanced_matching.go:141.8,143.77 1 9
github.com/scagogogo/cpe-skills/advanced_matching.go:143.77,145.4 1 1
github.com/scagogogo/cpe-skills/advanced_matching.go:148.2,148.13 1 29
github.com/scagogogo/cpe-skills/advanced_matching.go:152.85,154.99 1 38
github.com/scagogogo/cpe-skills/advanced_matching.go:154.99,156.3 1 1
github.com/scagogogo/cpe-skills/advanced_matching.go:159.2,159.83 1 37
github.com/scagogogo/cpe-skills/advanced_matching.go:159.83,161.3 1 3
github.com/scagogogo/cpe-skills/advanced_matching.go:164.2,164.93 1 34
github.com/scagogogo/cpe-skills/advanced_matching.go:164.93,166.3 1 1
github.com/scagogogo/cpe-skills/advanced_matching.go:169.2,169.85 1 33
github.com/scagogogo/cpe-skills/advanced_matching.go:169.85,171.3 1 2
github.com/scagogogo/cpe-skills/advanced_matching.go:174.2,174.30 1 31
github.com/scagogogo/cpe-skills/advanced_matching.go:174.30,176.84 1 29
github.com/scagogogo/cpe-skills/advanced_matching.go:176.84,178.4 1 4
github.com/scagogogo/cpe-skills/advanced_matching.go:181.3,181.86 1 25
github.com/scagogogo/cpe-skills/advanced_matching.go:181.86,183.4 1 2
github.com/scagogogo/cpe-skills/advanced_matching.go:186.3,186.88 1 23
github.com/scagogogo/cpe-skills/advanced_matching.go:186.88,188.4 1 2
github.com/scagogogo/cpe-skills/advanced_matching.go:191.3,191.86 1 21
github.com/scagogogo/cpe-skills/advanced_matching.go:191.86,193.4 1 2
github.com/scagogogo/cpe-skills/advanced_matching.go:196.3,196.84 1 19
github.com/scagogogo/cpe-skills/advanced_matching.go:196.84,198.4 1 2
github.com/scagogogo/cpe-skills/advanced_matching.go:201.3,201.84 1 17
github.com/scagogogo/cpe-skills/advanced_matching.go:201.84,203.4 1 2
github.com/scagogogo/cpe-skills/advanced_matching.go:206.3,206.66 1 15
github.com/scagogogo/cpe-skills/advanced_matching.go:206.66,208.4 1 2
github.com/scagogogo/cpe-skills/advanced_matching.go:211.2,211.13 1 15
github.com/scagogogo/cpe-skills/advanced_matching.go:215.83,217.85 1 37
github.com/scagogogo/cpe-skills/advanced_matching.go:217.85,218.91 1 36
github.com/scagogogo/cpe-skills/advanced_matching.go:218.91,220.4 1 1
github.com/scagogogo/cpe-skills/advanced_matching.go:224.2,224.69 1 36
github.com/scagogogo/cpe-skills/advanced_matching.go:224.69,225.75 1 31
github.com/scagogogo/cpe-skills/advanced_matching.go:225.75,227.4 1 1
github.com/scagogogo/cpe-skills/advanced_matching.go:231.2,231.79 1 35
github.com/scagogogo/cpe-skills/advanced_matching.go:231.79,232.85 1 35
github.com/scagogogo/cpe-skills/advanced_matching.go:232.85,234.4 1 1
github.com/scagogogo/cpe-skills/advanced_matching.go:238.2,238.71 1 34
github.com/scagogogo/cpe-skills/advanced_matching.go:238.71,240.44 1 21
github.com/scagogogo/cpe-skills/advanced_matching.go:240.44,241.51 1 20
github.com/scagogogo/cpe-skills/advanced_matching.go:241.51,243.5 1 2
github.com/scagogogo/cpe-skills/advanced_matching.go:244.9,245.78 1 1
github.com/scagogogo/cpe-skills/advanced_matching.go:245.78,247.5 1 1
github.com/scagogogo/cpe-skills/advanced_matching.go:252.2,252.30 1 31
github.com/scagogogo/cpe-skills/advanced_matching.go:252.30,254.70 1 29
github.com/scagogogo/cpe-skills/advanced_matching.go:254.70,255.76 1 13
github.com/scagogogo/cpe-skills/advanced_matching.go:255.76,257.5 1 4
github.com/scagogogo/cpe-skills/advanced_matching.go:261.3,261.72 1 25
github.com/scagogogo/cpe-skills/advanced_matching.go:261.72,262.78 1 11
github.com/scagogogo/cpe-skills/advanced_matching.go:262.78,264.5 1 3
github.com/scagogogo/cpe-skills/advanced_matching.go:268.3,268.74 1 22
github.com/scagogogo/cpe-skills/advanced_matching.go:268.74,269.80 1 9
github.com/scagogogo/cpe-skills/advanced_matching.go:269.80,271.5 1 2
github.com/scagogogo/cpe-skills/advanced_matching.go:275.3,275.72 1 20
github.com/scagogogo/cpe-skills/advanced_matching.go:275.72,276.78 1 8
github.com/scagogogo/cpe-skills/advanced_matching.go:276.78,278.5 1 2
github.com/scagogogo/cpe-skills/advanced_matching.go:282.3,282.70 1 18
github.com/scagogogo/cpe-skills/advanced_matching.go:282.70,283.76 1 7
github.com/scagogogo/cpe-skills/advanced_matching.go:283.76,285.5 1 2
github.com/scagogogo/cpe-skills/advanced_matching.go:289.3,289.70 1 16
github.com/scagogogo/cpe-skills/advanced_matching.go:289.70,290.76 1 6
github.com/scagogogo/cpe-skills/advanced_matching.go:290.76,292.5 1 2
github.com/scagogogo/cpe-skills/advanced_matching.go:296.3,296.52 1 14
github.com/scagogogo/cpe-skills/advanced_matching.go:296.52,297.58 1 5
github.com/scagogogo/cpe-skills/advanced_matching.go:297.58,299.5 1 2
github.com/scagogogo/cpe-skills/advanced_matching.go:303.2,303.13 1 14
github.com/scagogogo/cpe-skills/advanced_matching.go:307.66,308.26 1 998
github.com/scagogogo/cpe-skills/advanced_matching.go:308.26,310.3 1 52
github.com/scagogogo/cpe-skills/advanced_matching.go:312.2,312.26 1 946
github.com/scagogogo/cpe-skills/advanced_matching.go:312.26,314.3 1 3
github.com/scagogogo/cpe-skills/advanced_matching.go:316.2,316.24 1 943
github.com/scagogogo/cpe-skills/advanced_matching.go:316.24,319.3 2 15
github.com/scagogogo/cpe-skills/advanced_matching.go:321.2,321.27 1 943
github.com/scagogogo/cpe-skills/advanced_matching.go:321.27,324.3 1 13
github.com/scagogogo/cpe-skills/advanced_matching.go:326.2,326.15 1 930
github.com/scagogogo/cpe-skills/advanced_matching.go:330.75,332.25 1 301
github.com/scagogogo/cpe-skills/advanced_matching.go:332.25,334.3 1 107
github.com/scagogogo/cpe-skills/advanced_matching.go:337.2,337.25 1 194
github.com/scagogogo/cpe-skills/advanced_matching.go:337.25,339.3 1 4
github.com/scagogogo/cpe-skills/advanced_matching.go:342.2,342.14 1 190
github.com/scagogogo/cpe-skills/advanced_matching.go:342.14,344.3 1 2
github.com/scagogogo/cpe-skills/advanced_matching.go:347.2,351.42 3 188
github.com/scagogogo/cpe-skills/advanced_matching.go:351.42,354.3 1 12
github.com/scagogogo/cpe-skills/advanced_matching.go:354.8,356.3 1 176
github.com/scagogogo/cpe-skills/advanced_matching.go:359.2,359.16 1 188
github.com/scagogogo/cpe-skills/advanced_matching.go:359.16,360.43 1 4
github.com/scagogogo/cpe-skills/advanced_matching.go:360.43,362.4 1 2
github.com/scagogogo/cpe-skills/advanced_matching.go:363.3,363.16 1 2
github.com/scagogogo/cpe-skills/advanced_matching.go:367.2,367.26 1 184
github.com/scagogogo/cpe-skills/advanced_matching.go:371.92,373.90 1 10
github.com/scagogogo/cpe-skills/advanced_matching.go:373.90,375.3 1 1
github.com/scagogogo/cpe-skills/advanced_matching.go:378.2,378.74 1 9
github.com/scagogogo/cpe-skills/advanced_matching.go:378.74,380.3 1 1
github.com/scagogogo/cpe-skills/advanced_matching.go:383.2,383.84 1 8
github.com/scagogogo/cpe-skills/advanced_matching.go:383.84,385.3 1 1
github.com/scagogogo/cpe-skills/advanced_matching.go:388.2,388.30 1 7
github.com/scagogogo/cpe-skills/advanced_matching.go:388.30,408.74 6 6
github.com/scagogogo/cpe-skills/advanced_matching.go:408.74,410.4 1 5
github.com/scagogogo/cpe-skills/advanced_matching.go:413.3,415.76 3 6
github.com/scagogogo/cpe-skills/advanced_matching.go:415.76,417.4 1 4
github.com/scagogogo/cpe-skills/advanced_matching.go:420.3,422.78 3 6
github.com/scagogogo/cpe-skills/advanced_matching.go:422.78,424.4 1 5
github.com/scagogogo/cpe-skills/advanced_matching.go:427.3,429.76 3 6
github.com/scagogogo/cpe-skills/advanced_matching.go:429.76,431.4 1 5
github.com/scagogogo/cpe-skills/advanced_matching.go:434.3,436.74 3 6
github.com/scagogogo/cpe-skills/advanced_matching.go:436.74,438.4 1 5
github.com/scagogogo/cpe-skills/advanced_matching.go:441.3,443.74 3 6
github.com/scagogogo/cpe-skills/advanced_matching.go:443.74,445.4 1 5
github.com/scagogogo/cpe-skills/advanced_matching.go:448.3,450.56 3 6
github.com/scagogogo/cpe-skills/advanced_matching.go:450.56,452.4 1 5
github.com/scagogogo/cpe-skills/advanced_matching.go:455.3,456.22 2 6
github.com/scagogogo/cpe-skills/advanced_matching.go:459.2,459.13 1 1
github.com/scagogogo/cpe-skills/advanced_matching.go:463.86,468.102 3 138
github.com/scagogogo/cpe-skills/advanced_matching.go:468.102,470.3 1 6
github.com/scagogogo/cpe-skills/advanced_matching.go:473.2,477.36 3 132
github.com/scagogogo/cpe-skills/advanced_matching.go:478.17,480.46 1 16
github.com/scagogogo/cpe-skills/advanced_matching.go:481.24,483.47 1 3
github.com/scagogogo/cpe-skills/advanced_matching.go:484.14,486.46 1 2
github.com/scagogogo/cpe-skills/advanced_matching.go:487.21,489.47 1 2
github.com/scagogogo/cpe-skills/advanced_matching.go:490.15,492.33 1 9
github.com/scagogogo/cpe-skills/advanced_matching.go:492.33,494.41 2 7
github.com/scagogogo/cpe-skills/advanced_matching.go:494.41,496.5 1 1
github.com/scagogogo/cpe-skills/advanced_matching.go:498.3,498.33 1 8
github.com/scagogogo/cpe-skills/advanced_matching.go:498.33,500.41 2 6
github.com/scagogogo/cpe-skills/advanced_matching.go:500.41,502.5 1 2
github.com/scagogogo/cpe-skills/advanced_matching.go:504.3,504.14 1 6
github.com/scagogogo/cpe-skills/advanced_matching.go:505.10,507.42 1 100
github.com/scagogogo/cpe-skills/advanced_matching.go:512.82,513.38 1 42
github.com/scagogogo/cpe-skills/advanced_matching.go:513.38,515.3 1 7
github.com/scagogogo/cpe-skills/advanced_matching.go:518.2,519.52 1 35
github.com/scagogogo/cpe-skills/advanced_matching.go:519.52,521.3 1 2
github.com/scagogogo/cpe-skills/advanced_matching.go:524.2,525.72 1 33
github.com/scagogogo/cpe-skills/advanced_matching.go:525.72,527.3 1 2
github.com/scagogogo/cpe-skills/advanced_matching.go:530.2,531.82 1 31
github.com/scagogogo/cpe-skills/advanced_matching.go:531.82,533.3 1 2
github.com/scagogogo/cpe-skills/advanced_matching.go:536.2,536.30 1 29
github.com/scagogogo/cpe-skills/advanced_matching.go:536.30,539.48 1 28
github.com/scagogogo/cpe-skills/advanced_matching.go:539.48,541.4 1 2
github.com/scagogogo/cpe-skills/advanced_matching.go:544.3,545.73 1 26
github.com/scagogogo/cpe-skills/advanced_matching.go:545.73,547.4 1 3
github.com/scagogogo/cpe-skills/advanced_matching.go:550.3,551.75 1 23
github.com/scagogogo/cpe-skills/advanced_matching.go:551.75,553.4 1 2
github.com/scagogogo/cpe-skills/advanced_matching.go:556.3,557.77 1 21
github.com/scagogogo/cpe-skills/advanced_matching.go:557.77,559.4 1 2
github.com/scagogogo/cpe-skills/advanced_matching.go:562.3,563.75 1 19
github.com/scagogogo/cpe-skills/advanced_matching.go:563.75,565.4 1 2
github.com/scagogogo/cpe-skills/advanced_matching.go:568.3,569.73 1 17
github.com/scagogogo/cpe-skills/advanced_matching.go:569.73,571.4 1 2
github.com/scagogogo/cpe-skills/advanced_matching.go:574.3,575.73 1 15
github.com/scagogogo/cpe-skills/advanced_matching.go:575.73,577.4 1 2
github.com/scagogogo/cpe-skills/advanced_matching.go:580.3,581.55 1 13
github.com/scagogogo/cpe-skills/advanced_matching.go:581.55,583.4 1 2
github.com/scagogogo/cpe-skills/advanced_matching.go:586.2,586.13 1 12
github.com/scagogogo/cpe-skills/advanced_matching.go:590.84,591.38 1 45
github.com/scagogogo/cpe-skills/advanced_matching.go:591.38,593.3 1 6
github.com/scagogogo/cpe-skills/advanced_matching.go:596.2,597.52 1 39
github.com/scagogogo/cpe-skills/advanced_matching.go:597.52,599.3 1 2
github.com/scagogogo/cpe-skills/advanced_matching.go:602.2,603.72 1 37
github.com/scagogogo/cpe-skills/advanced_matching.go:603.72,605.3 1 3
github.com/scagogogo/cpe-skills/advanced_matching.go:608.2,609.82 1 34
github.com/scagogogo/cpe-skills/advanced_matching.go:609.82,611.3 1 3
github.com/scagogogo/cpe-skills/advanced_matching.go:614.2,614.30 1 31
github.com/scagogogo/cpe-skills/advanced_matching.go:614.30,616.68 1 31
github.com/scagogogo/cpe-skills/advanced_matching.go:616.68,618.73 1 29
github.com/scagogogo/cpe-skills/advanced_matching.go:618.73,620.5 1 7
github.com/scagogogo/cpe-skills/advanced_matching.go:623.4,623.51 1 22
github.com/scagogogo/cpe-skills/advanced_matching.go:623.51,625.5 1 1
github.com/scagogogo/cpe-skills/advanced_matching.go:629.3,630.73 1 23
github.com/scagogogo/cpe-skills/advanced_matching.go:630.73,632.4 1 4
github.com/scagogogo/cpe-skills/advanced_matching.go:635.3,636.75 1 19
github.com/scagogogo/cpe-skills/advanced_matching.go:636.75,638.4 1 1
github.com/scagogogo/cpe-skills/advanced_matching.go:641.3,642.77 1 18
github.com/scagogogo/cpe-skills/advanced_matching.go:642.77,644.4 1 2
github.com/scagogogo/cpe-skills/advanced_matching.go:647.3,648.75 1 16
github.com/scagogogo/cpe-skills/advanced_matching.go:648.75,650.4 1 2
github.com/scagogogo/cpe-skills/advanced_matching.go:653.3,654.73 1 14
github.com/scagogogo/cpe-skills/advanced_matching.go:654.73,656.4 1 2
github.com/scagogogo/cpe-skills/advanced_matching.go:659.3,660.73 1 12
github.com/scagogogo/cpe-skills/advanced_matching.go:660.73,662.4 1 2
github.com/scagogogo/cpe-skills/advanced_matching.go:665.3,666.55 1 10
github.com/scagogogo/cpe-skills/advanced_matching.go:666.55,668.4 1 2
github.com/scagogogo/cpe-skills/advanced_matching.go:671.2,671.13 1 8
github.com/scagogogo/cpe-skills/advanced_matching.go:675.84,696.50 4 52
github.com/scagogogo/cpe-skills/advanced_matching.go:696.50,697.39 1 32
github.com/scagogogo/cpe-skills/advanced_matching.go:697.39,699.4 1 32
github.com/scagogogo/cpe-skills/advanced_matching.go:703.2,705.89 3 52
github.com/scagogogo/cpe-skills/advanced_matching.go:705.89,707.3 1 48
github.com/scagogogo/cpe-skills/advanced_matching.go:707.8,707.45 1 4
github.com/scagogogo/cpe-skills/advanced_matching.go:707.45,709.3 1 1
github.com/scagogogo/cpe-skills/advanced_matching.go:712.2,714.73 3 51
github.com/scagogogo/cpe-skills/advanced_matching.go:714.73,716.3 1 42
github.com/scagogogo/cpe-skills/advanced_matching.go:716.8,716.47 1 9
github.com/scagogogo/cpe-skills/advanced_matching.go:716.47,718.3 1 3
github.com/scagogogo/cpe-skills/advanced_matching.go:721.2,723.83 3 48
github.com/scagogogo/cpe-skills/advanced_matching.go:723.83,725.3 1 42
github.com/scagogogo/cpe-skills/advanced_matching.go:725.8,725.48 1 6
github.com/scagogogo/cpe-skills/advanced_matching.go:725.48,727.3 1 1
github.com/scagogogo/cpe-skills/advanced_matching.go:730.2,732.43 3 47
github.com/scagogogo/cpe-skills/advanced_matching.go:732.43,733.49 1 36
github.com/scagogogo/cpe-skills/advanced_matching.go:733.49,735.4 1 28
github.com/scagogogo/cpe-skills/advanced_matching.go:735.9,735.49 1 8
github.com/scagogogo/cpe-skills/advanced_matching.go:735.49,737.4 1 4
github.com/scagogogo/cpe-skills/advanced_matching.go:738.8,739.76 1 11
github.com/scagogogo/cpe-skills/advanced_matching.go:739.76,741.4 1 1
github.com/scagogogo/cpe-skills/advanced_matching.go:741.9,741.49 1 10
github.com/scagogogo/cpe-skills/advanced_matching.go:741.49,743.4 1 1
github.com/scagogogo/cpe-skills/advanced_matching.go:747.2,747.30 1 42
github.com/scagogogo/cpe-skills/advanced_matching.go:747.30,751.74 3 39
github.com/scagogogo/cpe-skills/advanced_matching.go:751.74,753.4 1 35
github.com/scagogogo/cpe-skills/advanced_matching.go:753.9,753.48 1 4
github.com/scagogogo/cpe-skills/advanced_matching.go:753.48,755.4 1 3
github.com/scagogogo/cpe-skills/advanced_matching.go:758.3,760.76 3 36
github.com/scagogogo/cpe-skills/advanced_matching.go:760.76,762.4 1 34
github.com/scagogogo/cpe-skills/advanced_matching.go:762.9,762.49 1 2
github.com/scagogogo/cpe-skills/advanced_matching.go:762.49,764.4 1 2
github.com/scagogogo/cpe-skills/advanced_matching.go:767.3,769.78 3 34
github.com/scagogogo/cpe-skills/advanced_matching.go:769.78,771.4 1 32
github.com/scagogogo/cpe-skills/advanced_matching.go:771.9,771.50 1 2
github.com/scagogogo/cpe-skills/advanced_matching.go:771.50,773.4 1 2
github.com/scagogogo/cpe-skills/advanced_matching.go:776.3,778.76 3 32
github.com/scagogogo/cpe-skills/advanced_matching.go:778.76,780.4 1 30
github.com/scagogogo/cpe-skills/advanced_matching.go:780.9,780.57 1 2
github.com/scagogogo/cpe-skills/advanced_matching.go:780.57,782.4 1 2
github.com/scagogogo/cpe-skills/advanced_matching.go:785.3,787.74 3 30
github.com/scagogogo/cpe-skills/advanced_matching.go:787.74,789.4 1 28
github.com/scagogogo/cpe-skills/advanced_matching.go:789.9,789.56 1 2
github.com/scagogogo/cpe-skills/advanced_matching.go:789.56,791.4 1 2
github.com/scagogogo/cpe-skills/advanced_matching.go:794.3,796.74 3 28
github.com/scagogogo/cpe-skills/advanced_matching.go:796.74,798.4 1 26
github.com/scagogogo/cpe-skills/advanced_matching.go:798.9,798.56 1 2
github.com/scagogogo/cpe-skills/advanced_matching.go:798.56,800.4 1 2
github.com/scagogogo/cpe-skills/advanced_matching.go:803.3,805.56 3 26
github.com/scagogogo/cpe-skills/advanced_matching.go:805.56,807.4 1 24
github.com/scagogogo/cpe-skills/advanced_matching.go:807.9,807.47 1 2
github.com/scagogogo/cpe-skills/advanced_matching.go:807.47,809.4 1 2
github.com/scagogogo/cpe-skills/advanced_matching.go:813.2,815.40 2 27
github.com/scagogogo/cpe-skills/advanced_matching.go:819.72,822.2 2 57
github.com/scagogogo/cpe-skills/applicability.go:62.47,64.2 1 2
github.com/scagogogo/cpe-skills/applicability.go:67.52,69.2 1 34
github.com/scagogogo/cpe-skills/applicability.go:72.41,74.2 1 6
github.com/scagogogo/cpe-skills/applicability.go:82.47,84.2 1 3
github.com/scagogogo/cpe-skills/applicability.go:87.52,88.37 1 6
github.com/scagogogo/cpe-skills/applicability.go:88.37,89.29 1 10
github.com/scagogogo/cpe-skills/applicability.go:89.29,91.4 1 4
github.com/scagogogo/cpe-skills/applicability.go:93.2,93.13 1 2
github.com/scagogogo/cpe-skills/applicability.go:97.41,99.37 2 1
github.com/scagogogo/cpe-skills/applicability.go:99.37,101.3 1 2
github.com/scagogogo/cpe-skills/applicability.go:102.2,102.49 1 1
github.com/scagogogo/cpe-skills/applicability.go:111.46,113.2 1 2
github.com/scagogogo/cpe-skills/applicability.go:116.51,117.37 1 7
github.com/scagogogo/cpe-skills/applicability.go:117.37,118.28 1 12
github.com/scagogogo/cpe-skills/applicability.go:118.28,120.4 1 4
github.com/scagogogo/cpe-skills/applicability.go:122.2,122.14 1 3
github.com/scagogogo/cpe-skills/applicability.go:126.40,128.37 2 1
github.com/scagogogo/cpe-skills/applicability.go:128.37,130.3 1 2
github.com/scagogogo/cpe-skills/applicability.go:131.2,131.48 1 1
github.com/scagogogo/cpe-skills/applicability.go:140.47,142.2 1 2
github.com/scagogogo/cpe-skills/applicability.go:145.52,147.2 1 9
github.com/scagogogo/cpe-skills/applicability.go:150.41,152.2 1 1
github.com/scagogogo/cpe-skills/applicability.go:202.55,206.69 2 44
github.com/scagogogo/cpe-skills/applicability.go:206.69,208.3 1 4
github.com/scagogogo/cpe-skills/applicability.go:208.8,208.75 1 40
github.com/scagogogo/cpe-skills/applicability.go:208.75,210.3 1 5
github.com/scagogogo/cpe-skills/applicability.go:210.8,210.76 1 35
github.com/scagogogo/cpe-skills/applicability.go:210.76,212.3 1 4
github.com/scagogogo/cpe-skills/applicability.go:212.8,212.44 1 31
github.com/scagogogo/cpe-skills/applicability.go:212.44,214.3 1 22
github.com/scagogogo/cpe-skills/applicability.go:216.2,216.53 1 9
github.com/scagogogo/cpe-skills/applicability.go:220.58,226.16 3 8
github.com/scagogogo/cpe-skills/applicability.go:226.16,228.3 1 2
github.com/scagogogo/cpe-skills/applicability.go:231.2,232.35 2 6
github.com/scagogogo/cpe-skills/applicability.go:232.35,234.17 2 10
github.com/scagogogo/cpe-skills/applicability.go:234.17,236.4 1 2
github.com/scagogogo/cpe-skills/applicability.go:237.3,237.48 1 8
github.com/scagogogo/cpe-skills/applicability.go:240.2,240.54 1 4
github.com/scagogogo/cpe-skills/applicability.go:244.57,250.16 3 9
github.com/scagogogo/cpe-skills/applicability.go:250.16,252.3 1 2
github.com/scagogogo/cpe-skills/applicability.go:255.2,256.35 2 7
github.com/scagogogo/cpe-skills/applicability.go:256.35,258.17 2 12
github.com/scagogogo/cpe-skills/applicability.go:258.17,260.4 1 2
github.com/scagogogo/cpe-skills/applicability.go:261.3,261.48 1 10
github.com/scagogogo/cpe-skills/applicability.go:264.2,264.53 1 5
github.com/scagogogo/cpe-skills/applicability.go:268.58,274.16 3 6
github.com/scagogogo/cpe-skills/applicability.go:274.16,276.3 1 1
github.com/scagogogo/cpe-skills/applicability.go:278.2,278.52 1 5
github.com/scagogogo/cpe-skills/applicability.go:282.58,285.37 2 27
github.com/scagogogo/cpe-skills/applicability.go:285.37,287.3 1 27
github.com/scagogogo/cpe-skills/applicability.go:290.2,293.36 3 27
github.com/scagogogo/cpe-skills/applicability.go:293.36,296.3 1 5
github.com/scagogogo/cpe-skills/applicability.go:296.8,296.46 1 22
github.com/scagogogo/cpe-skills/applicability.go:296.46,299.3 1 21
github.com/scagogogo/cpe-skills/applicability.go:299.8,301.3 1 1
github.com/scagogogo/cpe-skills/applicability.go:303.2,303.16 1 26
github.com/scagogogo/cpe-skills/applicability.go:303.16,305.3 1 2
github.com/scagogogo/cpe-skills/applicability.go:307.2,307.38 1 24
github.com/scagogogo/cpe-skills/applicability.go:311.54,316.28 4 21
github.com/scagogogo/cpe-skills/applicability.go:316.28,317.15 1 1507
github.com/scagogogo/cpe-skills/applicability.go:318.12,320.27 2 13
github.com/scagogogo/cpe-skills/applicability.go:321.12,323.27 2 8
github.com/scagogogo/cpe-skills/applicability.go:324.12,325.29 1 18
github.com/scagogogo/cpe-skills/applicability.go:325.29,329.5 2 15
github.com/scagogogo/cpe-skills/applicability.go:329.10,332.5 1 3
github.com/scagogogo/cpe-skills/applicability.go:333.11,334.27 1 1468
github.com/scagogogo/cpe-skills/applicability.go:339.2,339.23 1 21
github.com/scagogogo/cpe-skills/applicability.go:339.23,341.3 1 20
github.com/scagogogo/cpe-skills/applicability.go:344.2,344.27 1 21
github.com/scagogogo/cpe-skills/applicability.go:344.27,346.3 1 5
github.com/scagogogo/cpe-skills/applicability.go:348.2,348.20 1 16
github.com/scagogogo/cpe-skills/applicability.go:352.54,355.27 2 4
github.com/scagogogo/cpe-skills/applicability.go:355.27,356.25 1 16
github.com/scagogogo/cpe-skills/applicability.go:356.25,358.4 1 7
github.com/scagogogo/cpe-skills/applicability.go:361.2,361.15 1 4
github.com/scagogogo/cpe-skills/batch.go:44.70,45.22 1 5
github.com/scagogogo/cpe-skills/batch.go:45.22,47.3 1 2
github.com/scagogogo/cpe-skills/batch.go:48.2,52.3 1 5
github.com/scagogogo/cpe-skills/batch.go:56.67,58.2 1 2
github.com/scagogogo/cpe-skills/batch.go:61.82,68.34 4 2
github.com/scagogogo/cpe-skills/batch.go:68.34,72.46 3 3
github.com/scagogogo/cpe-skills/batch.go:72.46,74.17 2 3
github.com/scagogogo/cpe-skills/batch.go:74.17,74.26 1 3
github.com/scagogogo/cpe-skills/batch.go:76.4,86.45 5 3
github.com/scagogogo/cpe-skills/batch.go:86.45,88.5 1 0
github.com/scagogogo/cpe-skills/batch.go:90.4,91.25 2 3
github.com/scagogogo/cpe-skills/batch.go:95.2,96.21 2 2
github.com/scagogogo/cpe-skills/batch.go:100.89,104.45 2 3
github.com/scagogogo/cpe-skills/batch.go:104.45,106.26 2 3
github.com/scagogogo/cpe-skills/batch.go:106.26,108.4 1 3
github.com/scagogogo/cpe-skills/batch.go:112.2,112.36 1 3
github.com/scagogogo/cpe-skills/batch.go:112.36,113.16 1 1
github.com/scagogogo/cpe-skills/batch.go:113.16,114.12 1 0
github.com/scagogogo/cpe-skills/batch.go:117.3,117.27 1 1
github.com/scagogogo/cpe-skills/batch.go:117.27,119.18 2 1
github.com/scagogogo/cpe-skills/batch.go:119.18,120.36 1 0
github.com/scagogogo/cpe-skills/batch.go:120.36,126.6 1 0
github.com/scagogogo/cpe-skills/batch.go:131.2,131.17 1 3
github.com/scagogogo/cpe-skills/batch.go:149.68,154.29 3 1
github.com/scagogogo/cpe-skills/batch.go:154.29,162.3 3 2
github.com/scagogogo/cpe-skills/batch.go:164.2,164.16 1 1
github.com/scagogogo/cpe-skills/batch.go:170.72,174.29 3 1
github.com/scagogogo/cpe-skills/batch.go:174.29,175.18 1 2
github.com/scagogogo/cpe-skills/batch.go:175.18,176.12 1 0
github.com/scagogogo/cpe-skills/batch.go:179.3,179.50 1 2
github.com/scagogogo/cpe-skills/batch.go:179.50,181.12 2 0
github.com/scagogogo/cpe-skills/batch.go:185.3,185.63 1 2
github.com/scagogogo/cpe-skills/batch.go:185.63,188.24 2 2
github.com/scagogogo/cpe-skills/batch.go:188.24,190.5 1 0
github.com/scagogogo/cpe-skills/batch.go:194.2,194.15 1 1
github.com/scagogogo/cpe-skills/batch.go:200.103,207.31 4 1
github.com/scagogogo/cpe-skills/batch.go:207.31,209.17 2 1
github.com/scagogogo/cpe-skills/batch.go:209.17,210.12 1 0
github.com/scagogogo/cpe-skills/batch.go:212.3,212.31 1 1
github.com/scagogogo/cpe-skills/batch.go:212.31,213.26 1 0
github.com/scagogogo/cpe-skills/batch.go:213.26,215.10 2 0
github.com/scagogogo/cpe-skills/batch.go:220.2,220.20 1 1
github.com/scagogogo/cpe-skills/binding.go:10.30,11.14 1 48
github.com/scagogogo/cpe-skills/binding.go:11.14,13.3 1 1
github.com/scagogogo/cpe-skills/binding.go:15.2,30.33 2 47
github.com/scagogogo/cpe-skills/binding.go:34.40,35.40 1 5
github.com/scagogogo/cpe-skills/binding.go:35.40,37.3 1 2
github.com/scagogogo/cpe-skills/binding.go:39.2,40.22 2 3
github.com/scagogogo/cpe-skills/binding.go:40.22,42.3 1 1
github.com/scagogogo/cpe-skills/binding.go:44.2,56.8 1 2
github.com/scagogogo/cpe-skills/binding.go:61.31,62.14 1 8
github.com/scagogogo/cpe-skills/binding.go:62.14,64.3 1 1
github.com/scagogogo/cpe-skills/binding.go:66.2,90.17 11 7
github.com/scagogogo/cpe-skills/binding.go:90.17,100.19 2 2
github.com/scagogogo/cpe-skills/binding.go:100.19,102.4 1 2
github.com/scagogogo/cpe-skills/binding.go:105.2,105.15 1 7
github.com/scagogogo/cpe-skills/binding.go:109.42,110.38 1 67
github.com/scagogogo/cpe-skills/binding.go:110.38,112.3 1 5
github.com/scagogogo/cpe-skills/binding.go:114.2,117.39 3 62
github.com/scagogogo/cpe-skills/binding.go:117.39,119.3 1 3
github.com/scagogogo/cpe-skills/binding.go:121.2,127.20 3 59
github.com/scagogogo/cpe-skills/binding.go:127.20,129.3 1 57
github.com/scagogogo/cpe-skills/binding.go:132.2,132.20 1 59
github.com/scagogogo/cpe-skills/binding.go:132.20,134.3 1 57
github.com/scagogogo/cpe-skills/binding.go:137.2,137.20 1 59
github.com/scagogogo/cpe-skills/binding.go:137.20,139.3 1 57
github.com/scagogogo/cpe-skills/binding.go:142.2,142.20 1 59
github.com/scagogogo/cpe-skills/binding.go:142.20,144.3 1 24
github.com/scagogogo/cpe-skills/binding.go:147.2,147.34 1 59
github.com/scagogogo/cpe-skills/binding.go:147.34,148.38 1 35
github.com/scagogogo/cpe-skills/binding.go:148.38,152.46 2 16
github.com/scagogogo/cpe-skills/binding.go:152.46,154.5 1 4
github.com/scagogogo/cpe-skills/binding.go:157.4,157.46 1 16
github.com/scagogogo/cpe-skills/binding.go:157.46,159.5 1 7
github.com/scagogogo/cpe-skills/binding.go:162.4,162.46 1 16
github.com/scagogogo/cpe-skills/binding.go:162.46,164.5 1 6
github.com/scagogogo/cpe-skills/binding.go:167.4,167.46 1 16
github.com/scagogogo/cpe-skills/binding.go:167.46,169.5 1 5
github.com/scagogogo/cpe-skills/binding.go:172.4,172.46 1 16
github.com/scagogogo/cpe-skills/binding.go:172.46,174.5 1 5
github.com/scagogogo/cpe-skills/binding.go:177.4,177.46 1 16
github.com/scagogogo/cpe-skills/binding.go:177.46,179.5 1 4
github.com/scagogogo/cpe-skills/binding.go:181.4,181.9 1 16
github.com/scagogogo/cpe-skills/binding.go:186.2,186.76 1 59
github.com/scagogogo/cpe-skills/binding.go:186.76,187.39 1 7
github.com/scagogogo/cpe-skills/binding.go:187.39,189.4 1 7
github.com/scagogogo/cpe-skills/binding.go:190.3,190.39 1 7
github.com/scagogogo/cpe-skills/binding.go:190.39,192.4 1 5
github.com/scagogogo/cpe-skills/binding.go:195.2,195.17 1 59
github.com/scagogogo/cpe-skills/binding.go:199.49,201.16 2 48
github.com/scagogogo/cpe-skills/binding.go:201.16,203.3 1 4
github.com/scagogogo/cpe-skills/binding.go:204.2,204.27 1 44
github.com/scagogogo/cpe-skills/binding.go:208.48,210.16 2 2
github.com/scagogogo/cpe-skills/binding.go:210.16,212.3 1 1
github.com/scagogogo/cpe-skills/binding.go:213.2,213.28 1 1
github.com/scagogogo/cpe-skills/binding.go:217.47,219.16 2 46
github.com/scagogogo/cpe-skills/binding.go:219.16,221.3 1 3
github.com/scagogogo/cpe-skills/binding.go:222.2,222.15 1 43
github.com/scagogogo/cpe-skills/binding.go:226.50,227.27 1 522
github.com/scagogogo/cpe-skills/binding.go:227.27,229.3 1 306
github.com/scagogogo/cpe-skills/binding.go:230.2,230.17 1 216
github.com/scagogogo/cpe-skills/binding.go:230.17,232.3 1 1
github.com/scagogogo/cpe-skills/binding.go:233.2,233.27 1 215
github.com/scagogogo/cpe-skills/binding.go:237.49,238.31 1 27
github.com/scagogogo/cpe-skills/binding.go:238.31,240.3 1 16
github.com/scagogogo/cpe-skills/binding.go:241.2,241.21 1 11
github.com/scagogogo/cpe-skills/binding.go:241.21,243.3 1 1
github.com/scagogogo/cpe-skills/binding.go:244.2,244.34 1 10
github.com/scagogogo/cpe-skills/binding.go:248.51,249.27 1 52
github.com/scagogogo/cpe-skills/binding.go:249.27,251.3 1 14
github.com/scagogogo/cpe-skills/binding.go:252.2,252.17 1 38
github.com/scagogogo/cpe-skills/binding.go:252.17,254.3 1 1
github.com/scagogogo/cpe-skills/binding.go:255.2,255.28 1 37
github.com/scagogogo/cpe-skills/binding.go:259.50,260.31 1 302
github.com/scagogogo/cpe-skills/binding.go:260.31,262.3 1 10
github.com/scagogogo/cpe-skills/binding.go:263.2,263.21 1 292
github.com/scagogogo/cpe-skills/binding.go:263.21,265.3 1 8
github.com/scagogogo/cpe-skills/binding.go:266.2,266.35 1 284
github.com/scagogogo/cpe-skills/builder.go:14.34,18.2 1 11
github.com/scagogogo/cpe-skills/builder.go:21.52,22.18 1 12
github.com/scagogogo/cpe-skills/builder.go:22.18,24.3 1 1
github.com/scagogogo/cpe-skills/builder.go:25.2,25.28 1 11
github.com/scagogogo/cpe-skills/builder.go:25.28,28.3 2 5
github.com/scagogogo/cpe-skills/builder.go:29.2,30.10 2 6
github.com/scagogogo/cpe-skills/builder.go:34.56,35.18 1 9
github.com/scagogogo/cpe-skills/builder.go:35.18,37.3 1 3
github.com/scagogogo/cpe-skills/builder.go:38.2,39.10 2 6
github.com/scagogogo/cpe-skills/builder.go:43.58,44.18 1 8
github.com/scagogogo/cpe-skills/builder.go:44.18,46.3 1 2
github.com/scagogogo/cpe-skills/builder.go:47.2,48.10 2 6
github.com/scagogogo/cpe-skills/builder.go:52.58,53.18 1 7
github.com/scagogogo/cpe-skills/builder.go:53.18,55.3 1 1
github.com/scagogogo/cpe-skills/builder.go:56.2,57.10 2 6
github.com/scagogogo/cpe-skills/builder.go:61.56,62.18 1 2
github.com/scagogogo/cpe-skills/builder.go:62.18,64.3 1 1
github.com/scagogogo/cpe-skills/builder.go:65.2,66.10 2 1
github.com/scagogogo/cpe-skills/builder.go:70.58,71.18 1 2
github.com/scagogogo/cpe-skills/builder.go:71.18,73.3 1 1
github.com/scagogogo/cpe-skills/builder.go:74.2,75.10 2 1
github.com/scagogogo/cpe-skills/builder.go:79.60,80.18 1 2
github.com/scagogogo/cpe-skills/builder.go:80.18,82.3 1 1
github.com/scagogogo/cpe-skills/builder.go:83.2,84.10 2 1
github.com/scagogogo/cpe-skills/builder.go:88.68,89.18 1 2
github.com/scagogogo/cpe-skills/builder.go:89.18,91.3 1 1
github.com/scagogogo/cpe-skills/builder.go:92.2,93.10 2 1
github.com/scagogogo/cpe-skills/builder.go:97.66,98.18 1 2
github.com/scagogogo/cpe-skills/builder.go:98.18,100.3 1 1
github.com/scagogogo/cpe-skills/builder.go:101.2,102.10 2 1
github.com/scagogogo/cpe-skills/builder.go:106.66,107.18 1 2
github.com/scagogogo/cpe-skills/builder.go:107.18,109.3 1 1
github.com/scagogogo/cpe-skills/builder.go:110.2,111.10 2 1
github.com/scagogogo/cpe-skills/builder.go:115.54,116.18 1 2
github.com/scagogogo/cpe-skills/builder.go:116.18,118.3 1 1
github.com/scagogogo/cpe-skills/builder.go:119.2,120.10 2 1
github.com/scagogogo/cpe-skills/builder.go:124.48,126.2 1 3
github.com/scagogogo/cpe-skills/builder.go:129.39,131.2 1 1
github.com/scagogogo/cpe-skills/builder.go:134.45,136.2 1 1
github.com/scagogogo/cpe-skills/builder.go:139.44,140.18 1 8
github.com/scagogogo/cpe-skills/builder.go:140.18,142.3 1 4
github.com/scagogogo/cpe-skills/builder.go:143.2,143.27 1 4
github.com/scagogogo/cpe-skills/builder.go:147.39,149.16 2 2
github.com/scagogogo/cpe-skills/builder.go:149.16,150.13 1 1
github.com/scagogogo/cpe-skills/builder.go:152.2,152.12 1 1
github.com/scagogogo/cpe-skills/builder.go:156.47,157.18 1 2
github.com/scagogogo/cpe-skills/builder.go:157.18,159.3 1 1
github.com/scagogogo/cpe-skills/builder.go:160.2,160.19 1 1
github.com/scagogogo/cpe-skills/component.go:23.40,24.28 1 6
github.com/scagogogo/cpe-skills/component.go:25.28,26.31 1 2
github.com/scagogogo/cpe-skills/component.go:27.25,28.28 1 1
github.com/scagogogo/cpe-skills/component.go:29.19,30.35 1 1
github.com/scagogogo/cpe-skills/component.go:31.16,32.57 1 1
github.com/scagogogo/cpe-skills/component.go:33.10,34.57 1 1
github.com/scagogogo/cpe-skills/component.go:39.33,39.53 1 1
github.com/scagogogo/cpe-skills/component.go:42.30,42.62 1 4
github.com/scagogogo/cpe-skills/component.go:45.29,45.60 1 6
github.com/scagogogo/cpe-skills/component.go:48.30,48.97 2 5
github.com/scagogogo/cpe-skills/component.go:51.36,51.76 1 1
github.com/scagogogo/cpe-skills/component.go:54.34,54.54 1 1
github.com/scagogogo/cpe-skills/component.go:57.31,57.63 1 1
github.com/scagogogo/cpe-skills/component.go:60.30,60.61 1 2
github.com/scagogogo/cpe-skills/component.go:63.31,63.98 2 2
github.com/scagogogo/cpe-skills/component.go:66.37,66.77 1 1
github.com/scagogogo/cpe-skills/component.go:69.34,69.54 1 1
github.com/scagogogo/cpe-skills/component.go:72.31,72.63 1 1
github.com/scagogogo/cpe-skills/component.go:75.30,75.61 1 2
github.com/scagogogo/cpe-skills/component.go:78.31,78.98 2 2
github.com/scagogogo/cpe-skills/component.go:81.37,81.77 1 1
github.com/scagogogo/cpe-skills/component.go:84.34,84.54 1 1
github.com/scagogogo/cpe-skills/component.go:87.31,87.63 1 1
github.com/scagogogo/cpe-skills/component.go:90.30,90.61 1 1
github.com/scagogogo/cpe-skills/component.go:93.31,93.98 2 2
github.com/scagogogo/cpe-skills/component.go:96.37,96.77 1 1
github.com/scagogogo/cpe-skills/component.go:99.35,99.55 1 1
github.com/scagogogo/cpe-skills/component.go:102.32,102.64 1 2
github.com/scagogogo/cpe-skills/component.go:105.31,105.62 1 2
github.com/scagogogo/cpe-skills/component.go:108.32,108.99 2 3
github.com/scagogogo/cpe-skills/component.go:111.38,111.78 1 1
github.com/scagogogo/cpe-skills/component.go:114.33,114.53 1 1
github.com/scagogogo/cpe-skills/component.go:117.30,117.62 1 3
github.com/scagogogo/cpe-skills/component.go:120.29,120.60 1 1
github.com/scagogogo/cpe-skills/component.go:123.30,123.97 2 4
github.com/scagogogo/cpe-skills/component.go:126.36,126.76 1 1
github.com/scagogogo/cpe-skills/component.go:131.28,131.62 1 2
github.com/scagogogo/cpe-skills/component.go:134.27,134.60 1 2
github.com/scagogogo/cpe-skills/component.go:137.28,139.2 1 2
github.com/scagogogo/cpe-skills/component.go:142.34,142.73 1 1
github.com/scagogogo/cpe-skills/convenience.go:21.36,23.16 2 6
github.com/scagogogo/cpe-skills/convenience.go:23.16,24.64 1 1
github.com/scagogogo/cpe-skills/convenience.go:26.2,26.15 1 5
github.com/scagogogo/cpe-skills/convenience.go:34.51,36.16 2 2
github.com/scagogogo/cpe-skills/convenience.go:36.16,38.3 1 1
github.com/scagogogo/cpe-skills/convenience.go:39.2,39.15 1 1
github.com/scagogogo/cpe-skills/convenience.go:48.35,50.2 1 5
github.com/scagogogo/cpe-skills/convenience.go:57.35,59.2 1 4
github.com/scagogogo/cpe-skills/convenience.go:68.56,70.16 2 3
github.com/scagogogo/cpe-skills/convenience.go:70.16,72.3 1 1
github.com/scagogogo/cpe-skills/convenience.go:73.2,74.16 2 2
github.com/scagogogo/cpe-skills/convenience.go:74.16,76.3 1 1
github.com/scagogogo/cpe-skills/convenience.go:77.2,77.30 1 1
github.com/scagogogo/cpe-skills/convenience.go:85.44,86.28 1 9
github.com/scagogogo/cpe-skills/convenience.go:87.26,88.30 1 3
github.com/scagogogo/cpe-skills/convenience.go:89.23,90.27 1 2
github.com/scagogogo/cpe-skills/convenience.go:91.37,92.34 1 2
github.com/scagogogo/cpe-skills/convenience.go:93.10,94.63 1 2
github.com/scagogogo/cpe-skills/convenience.go:104.58,105.16 1 4
github.com/scagogogo/cpe-skills/convenience.go:105.16,107.3 1 1
github.com/scagogogo/cpe-skills/convenience.go:108.2,108.17 1 3
github.com/scagogogo/cpe-skills/convenience.go:109.23,110.31 1 1
github.com/scagogogo/cpe-skills/convenience.go:111.19,112.31 1 1
github.com/scagogogo/cpe-skills/convenience.go:113.10,114.80 1 1
github.com/scagogogo/cpe-skills/convenience.go:123.27,124.16 1 3
github.com/scagogogo/cpe-skills/convenience.go:124.16,126.3 1 1
github.com/scagogogo/cpe-skills/convenience.go:127.2,128.15 2 2
github.com/scagogogo/cpe-skills/convenience.go:136.42,138.25 2 1
github.com/scagogogo/cpe-skills/convenience.go:138.25,139.15 1 3
github.com/scagogogo/cpe-skills/convenience.go:139.15,141.4 1 2
github.com/scagogogo/cpe-skills/convenience.go:143.2,143.15 1 1
github.com/scagogogo/cpe-skills/convenience.go:152.42,154.25 2 1
github.com/scagogogo/cpe-skills/convenience.go:154.25,155.37 1 3
github.com/scagogogo/cpe-skills/convenience.go:155.37,157.4 1 2
github.com/scagogogo/cpe-skills/convenience.go:159.2,159.15 1 1
github.com/scagogogo/cpe-skills/convenience.go:167.51,169.25 2 1
github.com/scagogogo/cpe-skills/convenience.go:169.25,170.69 1 3
github.com/scagogogo/cpe-skills/convenience.go:170.69,172.4 1 1
github.com/scagogogo/cpe-skills/convenience.go:174.2,174.15 1 1
github.com/scagogogo/cpe-skills/convenience.go:182.56,184.25 2 1
github.com/scagogogo/cpe-skills/convenience.go:184.25,185.45 1 2
github.com/scagogogo/cpe-skills/convenience.go:185.45,187.4 1 1
github.com/scagogogo/cpe-skills/convenience.go:189.2,189.15 1 1
github.com/scagogogo/cpe-skills/convenience.go:197.58,199.25 2 1
github.com/scagogogo/cpe-skills/convenience.go:199.25,200.51 1 2
github.com/scagogogo/cpe-skills/convenience.go:200.51,202.4 1 1
github.com/scagogogo/cpe-skills/convenience.go:204.2,204.15 1 1
github.com/scagogogo/cpe-skills/convenience.go:212.43,213.36 1 7
github.com/scagogogo/cpe-skills/convenience.go:214.11,215.23 1 2
github.com/scagogogo/cpe-skills/convenience.go:216.11,217.20 1 2
github.com/scagogogo/cpe-skills/convenience.go:218.11,219.28 1 2
github.com/scagogogo/cpe-skills/convenience.go:220.10,221.19 1 1
github.com/scagogogo/cpe-skills/cpe.go:117.38,119.28 1 60
github.com/scagogogo/cpe-skills/cpe.go:119.28,121.3 1 15
github.com/scagogogo/cpe-skills/cpe.go:124.2,124.46 1 45
github.com/scagogogo/cpe-skills/cpe.go:124.46,126.3 1 1
github.com/scagogogo/cpe-skills/cpe.go:129.2,129.61 1 44
github.com/scagogogo/cpe-skills/cpe.go:129.61,131.3 1 9
github.com/scagogogo/cpe-skills/cpe.go:134.2,134.71 1 35
github.com/scagogogo/cpe-skills/cpe.go:134.71,136.3 1 8
github.com/scagogogo/cpe-skills/cpe.go:139.2,139.63 1 27
github.com/scagogogo/cpe-skills/cpe.go:139.63,141.3 1 5
github.com/scagogogo/cpe-skills/cpe.go:144.2,144.61 1 22
github.com/scagogogo/cpe-skills/cpe.go:144.61,146.3 1 1
github.com/scagogogo/cpe-skills/cpe.go:149.2,149.63 1 21
github.com/scagogogo/cpe-skills/cpe.go:149.63,151.3 1 1
github.com/scagogogo/cpe-skills/cpe.go:154.2,154.65 1 20
github.com/scagogogo/cpe-skills/cpe.go:154.65,156.3 1 1
github.com/scagogogo/cpe-skills/cpe.go:159.2,159.63 1 19
github.com/scagogogo/cpe-skills/cpe.go:159.63,161.3 1 1
github.com/scagogogo/cpe-skills/cpe.go:164.2,164.61 1 18
github.com/scagogogo/cpe-skills/cpe.go:164.61,166.3 1 1
github.com/scagogogo/cpe-skills/cpe.go:169.2,169.61 1 17
github.com/scagogogo/cpe-skills/cpe.go:169.61,171.3 1 1
github.com/scagogogo/cpe-skills/cpe.go:174.2,174.43 1 16
github.com/scagogogo/cpe-skills/cpe.go:174.43,176.3 1 1
github.com/scagogogo/cpe-skills/cpe.go:178.2,178.13 1 15
github.com/scagogogo/cpe-skills/cpe.go:211.39,213.26 1 248
github.com/scagogogo/cpe-skills/cpe.go:213.26,215.3 1 99
github.com/scagogogo/cpe-skills/cpe.go:218.2,218.26 1 149
github.com/scagogogo/cpe-skills/cpe.go:218.26,220.3 1 1
github.com/scagogogo/cpe-skills/cpe.go:223.2,223.15 1 148
github.com/scagogogo/cpe-skills/cpe.go:254.31,256.2 1 452
github.com/scagogogo/cpe-skills/cpe.go:286.33,287.16 1 452
github.com/scagogogo/cpe-skills/cpe.go:287.16,289.3 1 1
github.com/scagogogo/cpe-skills/cpe.go:292.2,292.21 1 451
github.com/scagogogo/cpe-skills/cpe.go:292.21,294.3 1 438
github.com/scagogogo/cpe-skills/cpe.go:297.2,312.33 2 13
github.com/scagogogo/cpe-skills/cpe.go:351.71,352.38 1 15
github.com/scagogogo/cpe-skills/cpe.go:352.38,354.3 1 2
github.com/scagogogo/cpe-skills/cpe.go:357.2,357.45 1 13
github.com/scagogogo/cpe-skills/cpe.go:357.45,366.3 5 2
github.com/scagogogo/cpe-skills/cpe.go:369.2,373.62 1 11
github.com/scagogogo/cpe-skills/cpe.go:373.62,375.3 1 3
github.com/scagogogo/cpe-skills/cpe.go:378.2,378.31 1 8
github.com/scagogogo/cpe-skills/cpe.go:381.46,382.30 1 7
github.com/scagogogo/cpe-skills/cpe.go:382.30,384.3 1 3
github.com/scagogogo/cpe-skills/cpe.go:385.2,385.68 1 4
github.com/scagogogo/cpe-skills/cpe.go:388.46,388.78 1 4
github.com/scagogogo/cpe-skills/cpe.go:389.46,389.76 1 4
github.com/scagogogo/cpe-skills/cpe.go:390.47,390.79 1 3
github.com/scagogogo/cpe-skills/cpe.go:391.47,391.76 1 4
github.com/scagogogo/cpe-skills/cpe_purl_mapping.go:12.56,13.16 1 13
github.com/scagogogo/cpe-skills/cpe_purl_mapping.go:13.16,15.3 1 1
github.com/scagogogo/cpe-skills/cpe_purl_mapping.go:17.2,26.16 6 12
github.com/scagogogo/cpe-skills/cpe_purl_mapping.go:26.16,28.3 1 0
github.com/scagogogo/cpe-skills/cpe_purl_mapping.go:31.2,31.37 1 12
github.com/scagogogo/cpe-skills/cpe_purl_mapping.go:31.37,33.3 1 1
github.com/scagogogo/cpe-skills/cpe_purl_mapping.go:35.2,35.30 1 12
github.com/scagogogo/cpe-skills/cpe_purl_mapping.go:39.57,40.17 1 13
github.com/scagogogo/cpe-skills/cpe_purl_mapping.go:40.17,42.3 1 1
github.com/scagogogo/cpe-skills/cpe_purl_mapping.go:44.2,61.24 6 12
github.com/scagogogo/cpe-skills/cpe_purl_mapping.go:61.24,63.3 1 0
github.com/scagogogo/cpe-skills/cpe_purl_mapping.go:64.2,64.35 1 12
github.com/scagogogo/cpe-skills/cpe_purl_mapping.go:64.35,66.3 1 0
github.com/scagogogo/cpe-skills/cpe_purl_mapping.go:68.2,68.29 1 12
github.com/scagogogo/cpe-skills/cpe_purl_mapping.go:73.84,74.16 1 5
github.com/scagogogo/cpe-skills/cpe_purl_mapping.go:74.16,76.3 1 1
github.com/scagogogo/cpe-skills/cpe_purl_mapping.go:78.2,79.16 2 4
[...]
github.com/scagogogo/cpe-skills/storage.go:558.2,559.16 2 5
github.com/scagogogo/cpe-skills/storage.go:559.16,561.3 1 1
github.com/scagogogo/cpe-skills/storage.go:564.2,564.40 1 4
github.com/scagogogo/cpe-skills/storage.go:564.40,566.3 1 2
github.com/scagogogo/cpe-skills/storage.go:568.2,568.17 1 4
github.com/scagogogo/cpe-skills/storage.go:629.52,632.16 2 4
github.com/scagogogo/cpe-skills/storage.go:632.16,634.3 1 1
github.com/scagogogo/cpe-skills/storage.go:637.2,637.40 1 3
github.com/scagogogo/cpe-skills/storage.go:637.40,639.3 1 2
github.com/scagogogo/cpe-skills/storage.go:641.2,641.12 1 3
github.com/scagogogo/cpe-skills/storage.go:697.71,699.40 1 6
github.com/scagogogo/cpe-skills/storage.go:699.40,701.17 2 4
github.com/scagogogo/cpe-skills/storage.go:701.17,703.4 1 1
github.com/scagogogo/cpe-skills/storage.go:707.2,708.16 2 5
github.com/scagogogo/cpe-skills/storage.go:708.16,710.3 1 1
github.com/scagogogo/cpe-skills/storage.go:713.2,713.40 1 4
github.com/scagogogo/cpe-skills/storage.go:713.40,715.3 1 3
github.com/scagogogo/cpe-skills/storage.go:717.2,717.17 1 4
github.com/scagogogo/cpe-skills/storage.go:780.88,783.2 1 2
github.com/scagogogo/cpe-skills/storage.go:846.104,849.2 1 2
github.com/scagogogo/cpe-skills/storage.go:897.54,898.40 1 3
github.com/scagogogo/cpe-skills/storage.go:898.40,900.3 1 1
github.com/scagogogo/cpe-skills/storage.go:952.46,953.41 1 4
github.com/scagogogo/cpe-skills/storage.go:953.41,955.3 1 2
github.com/scagogogo/cpe-skills/storage.go:958.2,959.16 2 2
github.com/scagogogo/cpe-skills/storage.go:959.16,961.3 1 1
github.com/scagogogo/cpe-skills/storage.go:963.2,963.12 1 1
github.com/scagogogo/cpe-skills/storage.go:1019.61,1027.16 3 7
github.com/scagogogo/cpe-skills/storage.go:1027.16,1029.3 1 1
github.com/scagogogo/cpe-skills/storage.go:1030.2,1034.16 3 6
github.com/scagogogo/cpe-skills/storage.go:1034.16,1036.3 1 1
github.com/scagogogo/cpe-skills/storage.go:1037.2,1041.31 3 5
github.com/scagogogo/cpe-skills/storage.go:1041.31,1043.3 1 1
github.com/scagogogo/cpe-skills/storage.go:1046.2,1047.16 2 5
github.com/scagogogo/cpe-skills/storage.go:1047.16,1049.3 1 2
github.com/scagogogo/cpe-skills/storage.go:1049.8,1051.3 1 3
github.com/scagogogo/cpe-skills/storage.go:1053.2,1053.20 1 5
github.com/scagogogo/cpe-skills/uuid.go:6.30,13.2 5 65
github.com/scagogogo/cpe-skills/uuid.go:15.33,18.36 3 65
github.com/scagogogo/cpe-skills/uuid.go:18.36,19.44 1 1040
github.com/scagogogo/cpe-skills/uuid.go:19.44,22.4 2 260
github.com/scagogogo/cpe-skills/uuid.go:23.3,25.9 3 1040
github.com/scagogogo/cpe-skills/uuid.go:27.2,27.20 1 65
github.com/scagogogo/cpe-skills/validation.go:92.66,94.17 1 82
github.com/scagogogo/cpe-skills/validation.go:94.17,96.3 1 44
github.com/scagogogo/cpe-skills/validation.go:99.2,99.34 1 38
github.com/scagogogo/cpe-skills/validation.go:99.34,101.3 1 2
github.com/scagogogo/cpe-skills/validation.go:104.2,104.29 1 36
github.com/scagogogo/cpe-skills/validation.go:104.29,105.44 1 265
github.com/scagogogo/cpe-skills/validation.go:105.44,106.27 1 5408
github.com/scagogogo/cpe-skills/validation.go:106.27,108.5 1 10
github.com/scagogogo/cpe-skills/validation.go:112.3,112.30 1 255
github.com/scagogogo/cpe-skills/validation.go:112.30,114.4 1 2
github.com/scagogogo/cpe-skills/validation.go:117.2,117.12 1 24
github.com/scagogogo/cpe-skills/validation.go:160.34,161.16 1 18
github.com/scagogogo/cpe-skills/validation.go:161.16,163.3 1 1
github.com/scagogogo/cpe-skills/validation.go:166.2,166.30 1 17
github.com/scagogogo/cpe-skills/validation.go:166.30,168.3 1 1
github.com/scagogogo/cpe-skills/validation.go:171.2,171.118 1 16
github.com/scagogogo/cpe-skills/validation.go:171.118,173.3 1 1
github.com/scagogogo/cpe-skills/validation.go:176.2,176.70 1 15
github.com/scagogogo/cpe-skills/validation.go:176.70,179.3 1 1
github.com/scagogogo/cpe-skills/validation.go:182.2,182.30 1 14
github.com/scagogogo/cpe-skills/validation.go:182.30,184.3 1 1
github.com/scagogogo/cpe-skills/validation.go:187.2,187.35 1 13
github.com/scagogogo/cpe-skills/validation.go:187.35,189.3 1 1
github.com/scagogogo/cpe-skills/validation.go:192.2,192.72 1 12
github.com/scagogogo/cpe-skills/validation.go:192.72,194.3 1 1
github.com/scagogogo/cpe-skills/validation.go:196.2,196.82 1 11
github.com/scagogogo/cpe-skills/validation.go:196.82,198.3 1 1
github.com/scagogogo/cpe-skills/validation.go:200.2,200.74 1 10
github.com/scagogogo/cpe-skills/validation.go:200.74,202.3 1 1
github.com/scagogogo/cpe-skills/validation.go:204.2,204.72 1 9
github.com/scagogogo/cpe-skills/validation.go:204.72,206.3 1 1
github.com/scagogogo/cpe-skills/validation.go:208.2,208.74 1 8
github.com/scagogogo/cpe-skills/validation.go:208.74,210.3 1 1
github.com/scagogogo/cpe-skills/validation.go:212.2,212.76 1 7
github.com/scagogogo/cpe-skills/validation.go:212.76,214.3 1 1
github.com/scagogogo/cpe-skills/validation.go:216.2,216.82 1 6
github.com/scagogogo/cpe-skills/validation.go:216.82,218.3 1 1
github.com/scagogogo/cpe-skills/validation.go:220.2,220.80 1 5
github.com/scagogogo/cpe-skills/validation.go:220.80,222.3 1 1
github.com/scagogogo/cpe-skills/validation.go:224.2,224.80 1 4
github.com/scagogogo/cpe-skills/validation.go:224.80,226.3 1 1
github.com/scagogogo/cpe-skills/validation.go:228.2,228.62 1 3
github.com/scagogogo/cpe-skills/validation.go:228.62,230.3 1 1
github.com/scagogogo/cpe-skills/validation.go:232.2,232.12 1 2
github.com/scagogogo/cpe-skills/validation.go:267.46,269.49 1 41
github.com/scagogogo/cpe-skills/validation.go:269.49,271.3 1 17
github.com/scagogogo/cpe-skills/validation.go:274.2,280.41 3 24
github.com/scagogogo/cpe-skills/validation.go:280.41,282.3 1 1
github.com/scagogogo/cpe-skills/validation.go:284.2,284.19 1 24
github.com/scagogogo/cpe-skills/validation.go:326.34,327.16 1 3
github.com/scagogogo/cpe-skills/validation.go:327.16,329.3 1 1
github.com/scagogogo/cpe-skills/validation.go:332.2,350.89 2 2
github.com/scagogogo/cpe-skills/validation.go:350.89,352.3 1 2
github.com/scagogogo/cpe-skills/validation.go:354.2,354.19 1 2
github.com/scagogogo/cpe-skills/validation.go:395.38,397.60 1 7
github.com/scagogogo/cpe-skills/validation.go:397.60,399.3 1 1
github.com/scagogogo/cpe-skills/validation.go:399.8,399.75 1 6
github.com/scagogogo/cpe-skills/validation.go:399.75,401.3 1 1
github.com/scagogogo/cpe-skills/validation.go:401.8,401.75 1 5
github.com/scagogogo/cpe-skills/validation.go:401.75,403.3 1 1
github.com/scagogogo/cpe-skills/validation.go:407.2,411.48 3 4
github.com/scagogogo/cpe-skills/validation.go:411.48,413.3 1 1
github.com/scagogogo/cpe-skills/validation.go:416.2,416.45 1 4
github.com/scagogogo/cpe-skills/validation.go:416.45,418.3 1 1
github.com/scagogogo/cpe-skills/validation.go:420.2,420.15 1 4
github.com/scagogogo/cpe-skills/validation.go:461.39,463.59 1 14
github.com/scagogogo/cpe-skills/validation.go:463.59,465.3 1 1
github.com/scagogogo/cpe-skills/validation.go:465.8,465.73 1 13
github.com/scagogogo/cpe-skills/validation.go:465.73,467.3 1 2
github.com/scagogogo/cpe-skills/validation.go:467.8,467.69 1 11
github.com/scagogogo/cpe-skills/validation.go:467.69,469.3 1 3
github.com/scagogogo/cpe-skills/validation.go:473.2,474.48 2 8
github.com/scagogogo/cpe-skills/validation.go:474.48,476.3 1 2
github.com/scagogogo/cpe-skills/validation.go:479.2,479.45 1 8
github.com/scagogogo/cpe-skills/validation.go:479.45,481.3 1 2
github.com/scagogogo/cpe-skills/validation.go:484.2,489.15 3 8
github.com/scagogogo/cpe-skills/vendor_normalization.go:26.46,35.2 3 10
github.com/scagogogo/cpe-skills/vendor_normalization.go:38.64,40.49 2 34
github.com/scagogogo/cpe-skills/vendor_normalization.go:40.49,42.3 1 33
github.com/scagogogo/cpe-skills/vendor_normalization.go:44.2,44.28 1 1
github.com/scagogogo/cpe-skills/vendor_normalization.go:48.76,50.50 2 13
github.com/scagogogo/cpe-skills/vendor_normalization.go:50.50,52.3 1 13
github.com/scagogogo/cpe-skills/vendor_normalization.go:53.2,53.31 1 0
github.com/scagogogo/cpe-skills/vendor_normalization.go:57.56,58.16 1 1
github.com/scagogogo/cpe-skills/vendor_normalization.go:58.16,60.3 1 0
github.com/scagogogo/cpe-skills/vendor_normalization.go:62.2,67.19 5 1
github.com/scagogogo/cpe-skills/vendor_normalization.go:71.60,73.2 1 6
github.com/scagogogo/cpe-skills/vendor_normalization.go:76.83,78.2 1 0
github.com/scagogogo/cpe-skills/vendor_normalization.go:81.85,83.32 2 281
github.com/scagogogo/cpe-skills/vendor_normalization.go:83.32,85.3 1 952
github.com/scagogogo/cpe-skills/vendor_normalization.go:87.2,87.59 1 281
github.com/scagogogo/cpe-skills/vendor_normalization.go:91.86,93.32 2 341
github.com/scagogogo/cpe-skills/vendor_normalization.go:93.32,95.3 1 1102
github.com/scagogogo/cpe-skills/vendor_normalization.go:96.2,96.60 1 341
github.com/scagogogo/cpe-skills/vendor_normalization.go:100.56,103.2 2 2
github.com/scagogogo/cpe-skills/vendor_normalization.go:106.46,108.2 1 1
github.com/scagogogo/cpe-skills/vendor_normalization.go:111.53,302.2 62 10
github.com/scagogogo/cpe-skills/vendor_normalization.go:305.36,312.32 5 2725
github.com/scagogogo/cpe-skills/vendor_normalization.go:312.32,314.3 1 0
github.com/scagogogo/cpe-skills/vendor_normalization.go:315.2,315.46 1 2725
github.com/scagogogo/cpe-skills/vendor_normalization.go:319.37,324.32 4 623
github.com/scagogogo/cpe-skills/vendor_normalization.go:324.32,326.3 1 0
github.com/scagogogo/cpe-skills/vendor_normalization.go:327.2,327.46 1 623
github.com/scagogogo/cpe-skills/vendor_normalization.go:334.46,336.2 1 1
github.com/scagogogo/cpe-skills/vendor_normalization.go:339.58,341.2 1 0
github.com/scagogogo/cpe-skills/vendor_normalization.go:344.47,346.2 1 0
github.com/scagogogo/cpe-skills/version_compare.go:12.41,16.2 3 28
github.com/scagogogo/cpe-skills/version_compare.go:20.68,21.22 1 13
github.com/scagogogo/cpe-skills/version_compare.go:21.22,22.47 1 10
github.com/scagogogo/cpe-skills/version_compare.go:22.47,24.4 1 3
github.com/scagogogo/cpe-skills/version_compare.go:26.2,26.22 1 10
github.com/scagogogo/cpe-skills/version_compare.go:26.22,27.47 1 8
github.com/scagogogo/cpe-skills/version_compare.go:27.47,29.4 1 3
github.com/scagogogo/cpe-skills/version_compare.go:31.2,31.13 1 7
github.com/scagogogo/cpe-skills/version_compare.go:36.58,44.38 5 9
github.com/scagogogo/cpe-skills/version_compare.go:44.38,46.3 1 1
github.com/scagogogo/cpe-skills/version_compare.go:49.2,49.39 1 8
github.com/scagogogo/cpe-skills/version_compare.go:49.39,50.36 1 13
github.com/scagogogo/cpe-skills/version_compare.go:50.36,52.4 1 3
github.com/scagogogo/cpe-skills/version_compare.go:56.2,56.38 1 5
github.com/scagogogo/cpe-skills/version_compare.go:56.38,58.3 1 3
github.com/scagogogo/cpe-skills/version_compare.go:61.2,61.38 1 2
github.com/scagogogo/cpe-skills/version_compare.go:76.57,78.13 2 5
github.com/scagogogo/cpe-skills/version_compare.go:78.13,80.3 1 1
github.com/scagogogo/cpe-skills/version_compare.go:83.2,83.31 1 4
github.com/scagogogo/cpe-skills/version_compare.go:83.31,88.3 1 1
github.com/scagogogo/cpe-skills/version_compare.go:91.2,91.30 1 3
github.com/scagogogo/cpe-skills/version_compare.go:91.30,97.3 2 2
github.com/scagogogo/cpe-skills/version_compare.go:100.2,103.8 1 1
github.com/scagogogo/cpe-skills/version_compare.go:107.55,109.2 1 3
github.com/scagogogo/cpe-skills/vex.go:146.81,159.2 2 10
github.com/scagogogo/cpe-skills/vex.go:162.56,163.19 1 17
github.com/scagogogo/cpe-skills/vex.go:163.19,165.3 1 0
github.com/scagogogo/cpe-skills/vex.go:166.2,166.31 1 17
github.com/scagogogo/cpe-skills/vex.go:166.31,168.3 1 0
github.com/scagogogo/cpe-skills/vex.go:169.2,170.28 2 17
github.com/scagogogo/cpe-skills/vex.go:174.89,182.2 1 19
github.com/scagogogo/cpe-skills/vex.go:185.48,187.2 1 1
github.com/scagogogo/cpe-skills/vex.go:190.58,192.51 2 2
github.com/scagogogo/cpe-skills/vex.go:192.51,194.3 1 0
github.com/scagogogo/cpe-skills/vex.go:195.2,195.18 1 2
github.com/scagogogo/cpe-skills/vex.go:199.75,200.36 1 8
github.com/scagogogo/cpe-skills/vex.go:200.36,201.46 1 13
github.com/scagogogo/cpe-skills/vex.go:201.46,203.4 1 6
github.com/scagogogo/cpe-skills/vex.go:205.2,205.12 1 2
github.com/scagogogo/cpe-skills/vex.go:209.63,211.36 2 1
github.com/scagogogo/cpe-skills/vex.go:211.36,212.33 1 3
github.com/scagogogo/cpe-skills/vex.go:212.33,214.4 1 1
github.com/scagogogo/cpe-skills/vex.go:216.2,216.15 1 1
github.com/scagogogo/cpe-skills/vex.go:220.66,222.36 2 1
github.com/scagogogo/cpe-skills/vex.go:222.36,223.36 1 3
github.com/scagogogo/cpe-skills/vex.go:223.36,225.4 1 2
github.com/scagogogo/cpe-skills/vex.go:227.2,227.15 1 1
github.com/scagogogo/cpe-skills/vex.go:231.44,233.2 1 5
github.com/scagogogo/cpe-skills/vex.go:238.58,239.20 1 3
github.com/scagogogo/cpe-skills/vex.go:239.20,241.3 1 2
github.com/scagogogo/cpe-skills/vex.go:243.2,257.38 3 1
github.com/scagogogo/cpe-skills/vex.go:257.38,258.43 1 2
github.com/scagogogo/cpe-skills/vex.go:258.43,259.35 1 3
github.com/scagogogo/cpe-skills/vex.go:259.35,262.5 2 2
github.com/scagogogo/cpe-skills/vex.go:267.2,267.66 1 1
github.com/scagogogo/cpe-skills/vex.go:267.66,269.3 1 1
github.com/scagogogo/cpe-skills/vex.go:271.2,271.15 1 1
github.com/scagogogo/cpe-skills/vex.go:278.121,282.35 3 1
github.com/scagogogo/cpe-skills/vex.go:282.35,285.25 3 2
github.com/scagogogo/cpe-skills/vex.go:285.25,288.4 2 2
github.com/scagogogo/cpe-skills/vex.go:288.9,288.32 1 0
github.com/scagogogo/cpe-skills/vex.go:288.32,291.4 2 0
github.com/scagogogo/cpe-skills/vex.go:293.3,294.27 2 2
github.com/scagogogo/cpe-skills/vex.go:294.27,296.4 1 1
github.com/scagogogo/cpe-skills/vex.go:298.3,303.33 5 2
github.com/scagogogo/cpe-skills/vex.go:303.33,305.4 1 1
github.com/scagogogo/cpe-skills/vex.go:307.3,307.25 1 2
github.com/scagogogo/cpe-skills/vex.go:310.2,310.12 1 1
github.com/scagogogo/cpe-skills/vex.go:317.101,318.16 1 2
github.com/scagogogo/cpe-skills/vex.go:318.16,320.3 1 1
github.com/scagogogo/cpe-skills/vex.go:322.2,323.35 2 1
github.com/scagogogo/cpe-skills/vex.go:323.35,325.25 2 3
github.com/scagogogo/cpe-skills/vex.go:325.25,327.4 1 3
github.com/scagogogo/cpe-skills/vex.go:327.9,327.32 1 0
github.com/scagogogo/cpe-skills/vex.go:327.32,329.4 1 0
github.com/scagogogo/cpe-skills/vex.go:331.3,332.18 2 3
github.com/scagogogo/cpe-skills/vex.go:332.18,335.12 2 1
github.com/scagogogo/cpe-skills/vex.go:338.3,338.22 1 2
github.com/scagogogo/cpe-skills/vex.go:339.23,341.12 1 1
github.com/scagogogo/cpe-skills/vex.go:342.17,345.36 2 1
github.com/scagogogo/cpe-skills/vex.go:346.30,348.36 1 0
github.com/scagogogo/cpe-skills/vex.go:349.11,351.36 1 0
github.com/scagogogo/cpe-skills/vex.go:355.2,355.15 1 1
github.com/scagogogo/cpe-skills/vex.go:359.29,361.2 1 11
github.com/scagogogo/cpe-skills/vex.go:364.38,366.2 1 19
github.com/scagogogo/cpe-skills/vulnerability_report.go:171.54,175.2 1 12
github.com/scagogogo/cpe-skills/vulnerability_report.go:178.76,184.2 1 12
github.com/scagogogo/cpe-skills/vulnerability_report.go:187.73,190.24 2 6
github.com/scagogogo/cpe-skills/vulnerability_report.go:190.24,191.94 1 6
github.com/scagogogo/cpe-skills/vulnerability_report.go:191.94,193.4 1 6
github.com/scagogogo/cpe-skills/vulnerability_report.go:194.3,194.42 1 6
github.com/scagogogo/cpe-skills/vulnerability_report.go:194.42,196.4 1 6
github.com/scagogogo/cpe-skills/vulnerability_report.go:201.50,203.2 1 2
github.com/scagogogo/cpe-skills/vulnerability_report.go:206.50,208.2 1 2
github.com/scagogogo/cpe-skills/vulnerability_report.go:211.40,212.18 1 11
github.com/scagogogo/cpe-skills/vulnerability_report.go:213.18,214.11 1 4
github.com/scagogogo/cpe-skills/vulnerability_report.go:215.14,216.11 1 2
github.com/scagogogo/cpe-skills/vulnerability_report.go:217.16,218.11 1 2
github.com/scagogogo/cpe-skills/vulnerability_report.go:219.13,220.11 1 1
github.com/scagogogo/cpe-skills/vulnerability_report.go:221.10,222.11 1 2
github.com/scagogogo/cpe-skills/wfn.go:91.29,105.2 1 53
github.com/scagogogo/cpe-skills/wfn.go:129.28,144.16 2 14
github.com/scagogogo/cpe-skills/wfn.go:145.11,146.30 1 9
github.com/scagogogo/cpe-skills/wfn.go:147.11,148.27 1 2
github.com/scagogogo/cpe-skills/wfn.go:149.11,150.34 1 2
github.com/scagogogo/cpe-skills/wfn.go:151.10,152.30 1 1
github.com/scagogogo/cpe-skills/wfn.go:156.2,158.12 2 14
github.com/scagogogo/cpe-skills/wfn.go:188.50,190.43 1 5
github.com/scagogogo/cpe-skills/wfn.go:190.43,192.3 1 2
github.com/scagogogo/cpe-skills/wfn.go:194.2,195.22 2 3
github.com/scagogogo/cpe-skills/wfn.go:195.22,197.3 1 1
github.com/scagogogo/cpe-skills/wfn.go:199.2,213.17 2 2
github.com/scagogogo/cpe-skills/wfn.go:243.50,247.2 2 2
github.com/scagogogo/cpe-skills/wfn.go:270.38,287.2 2 14
github.com/scagogogo/cpe-skills/wfn.go:315.38,330.69 4 4
github.com/scagogogo/cpe-skills/wfn.go:330.69,344.43 2 2
github.com/scagogogo/cpe-skills/wfn.go:344.43,345.25 1 6
github.com/scagogogo/cpe-skills/wfn.go:345.25,347.10 2 2
github.com/scagogogo/cpe-skills/wfn.go:351.3,351.24 1 2
github.com/scagogogo/cpe-skills/wfn.go:351.24,353.4 1 2
github.com/scagogogo/cpe-skills/wfn.go:356.2,356.15 1 4
github.com/scagogogo/cpe-skills/wfn.go:393.38,395.44 1 23
github.com/scagogogo/cpe-skills/wfn.go:395.44,397.3 1 2
github.com/scagogogo/cpe-skills/wfn.go:400.2,409.42 1 21
github.com/scagogogo/cpe-skills/wfn.go:438.42,440.26 1 176
github.com/scagogogo/cpe-skills/wfn.go:440.26,442.3 1 7
github.com/scagogogo/cpe-skills/wfn.go:445.2,445.26 1 169
github.com/scagogogo/cpe-skills/wfn.go:445.26,447.3 1 3
github.com/scagogogo/cpe-skills/wfn.go:450.2,450.15 1 166
github.com/scagogogo/cpe-skills/wfn.go:454.20,454.37 1 81
github.com/scagogogo/cpe-skills/wfn.go:456.39,457.14 1 1343
github.com/scagogogo/cpe-skills/wfn.go:458.16,459.32 1 134
github.com/scagogogo/cpe-skills/wfn.go:460.18,461.34 1 132
github.com/scagogogo/cpe-skills/wfn.go:462.19,463.35 1 128
github.com/scagogogo/cpe-skills/wfn.go:464.19,465.35 1 121
github.com/scagogogo/cpe-skills/wfn.go:466.18,467.34 1 119
github.com/scagogogo/cpe-skills/wfn.go:468.19,469.35 1 118
github.com/scagogogo/cpe-skills/wfn.go:470.20,471.36 1 118
github.com/scagogogo/cpe-skills/wfn.go:472.27,473.43 1 118
github.com/scagogogo/cpe-skills/wfn.go:474.26,475.42 1 118
github.com/scagogogo/cpe-skills/wfn.go:476.26,477.42 1 118
github.com/scagogogo/cpe-skills/wfn.go:478.17,479.33 1 118
github.com/scagogogo/cpe-skills/wfn.go:480.10,481.18 1 1
github.com/scagogogo/cpe-skills/wfn.go:485.46,486.14 1 53
github.com/scagogogo/cpe-skills/wfn.go:487.16,488.17 1 11
github.com/scagogogo/cpe-skills/wfn.go:489.18,490.19 1 11
github.com/scagogogo/cpe-skills/wfn.go:491.19,492.20 1 11
github.com/scagogogo/cpe-skills/wfn.go:493.19,494.20 1 12
github.com/scagogogo/cpe-skills/wfn.go:495.18,496.19 1 1
github.com/scagogogo/cpe-skills/wfn.go:497.19,498.20 1 1
github.com/scagogogo/cpe-skills/wfn.go:499.20,500.21 1 1
github.com/scagogogo/cpe-skills/wfn.go:501.27,502.28 1 1
github.com/scagogogo/cpe-skills/wfn.go:503.26,504.27 1 1
github.com/scagogogo/cpe-skills/wfn.go:505.26,506.27 1 1
github.com/scagogogo/cpe-skills/wfn.go:507.17,508.18 1 1
github.com/scagogogo/cpe-skills/wfn.go:512.34,514.37 2 4
github.com/scagogogo/cpe-skills/wfn.go:514.37,516.24 2 44
github.com/scagogogo/cpe-skills/wfn.go:516.24,518.4 1 17
github.com/scagogogo/cpe-skills/wfn.go:520.2,520.21 1 4
github.com/scagogogo/cpe-skills/wfn.go:520.21,522.3 1 1
github.com/scagogogo/cpe-skills/wfn.go:523.2,523.49 1 3
github.com/scagogogo/cpe-skills/wfn.go:526.39,528.41 2 11
github.com/scagogogo/cpe-skills/wfn.go:528.41,530.3 1 2
github.com/scagogogo/cpe-skills/wfn.go:531.2,532.45 2 9
github.com/scagogogo/cpe-skills/wfn.go:532.45,534.3 1 2
github.com/scagogogo/cpe-skills/wfn.go:535.2,536.47 2 7
github.com/scagogogo/cpe-skills/wfn.go:536.47,538.3 1 2
github.com/scagogogo/cpe-skills/wfn.go:539.2,539.37 1 5
github.com/scagogogo/cpe-skills/wfn.go:539.37,541.74 2 32
github.com/scagogogo/cpe-skills/wfn.go:541.74,543.4 1 3
github.com/scagogogo/cpe-skills/wfn.go:545.2,545.13 1 2
github.com/scagogogo/cpe-skills/wfn.go:548.49,549.17 1 1344
github.com/scagogogo/cpe-skills/wfn.go:549.17,551.3 1 783
github.com/scagogogo/cpe-skills/wfn.go:552.2,552.14 1 561
